[0.308s] Invoking command in '/home/habibahassan/project/build/serial': CMAKE_PREFIX_PATH=${CMAKE_PREFIX_PATH}:/home/habibahassan/project/install/moveit_configs_utils:/opt/ros/jazzy DEBUGINFOD_URLS=https://debuginfod.ubuntu.com /usr/bin/cmake /home/habibahassan/project/src/serial -DCMAKE_INSTALL_PREFIX=/home/habibahassan/project/install/serial
[11.370s] -- The C compiler identification is GNU 13.3.0
[11.370s] -- The CXX compiler identification is GNU 13.3.0
[11.371s] -- Detecting C compiler ABI info
[11.371s] -- Detecting C compiler ABI info - done
[11.371s] -- Check for working C compiler: /usr/bin/cc - skipped
[11.371s] -- Detecting C compile features
[11.371s] -- Detecting C compile features - done
[11.372s] -- Detecting CXX compiler ABI info
[11.372s] -- Detecting CXX compiler ABI info - done
[11.372s] -- Check for working CXX compiler: /usr/bin/c++ - skipped
[11.372s] -- Detecting CXX compile features
[11.373s] -- Detecting CXX compile features - done
[11.373s] -- Found ament_cmake: 2.5.3 (/opt/ros/jazzy/share/ament_cmake/cmake)
[11.373s] -- Found Python3: /usr/bin/python3 (found version "3.12.3") found components: Interpreter 
[13.039s] -- Configuring done (12.7s)
[13.111s] -- Generating done (0.1s)
[13.133s] -- Build files have been written to: /home/habibahassan/project/build/serial
[13.182s] Invoked command in '/home/habibahassan/project/build/serial' returned '0': CMAKE_PREFIX_PATH=${CMAKE_PREFIX_PATH}:/home/habibahassan/project/install/moveit_configs_utils:/opt/ros/jazzy DEBUGINFOD_URLS=https://debuginfod.ubuntu.com /usr/bin/cmake /home/habibahassan/project/src/serial -DCMAKE_INSTALL_PREFIX=/home/habibahassan/project/install/serial
[13.187s] Invoking command in '/home/habibahassan/project/build/serial': CMAKE_PREFIX_PATH=${CMAKE_PREFIX_PATH}:/home/habibahassan/project/install/moveit_configs_utils:/opt/ros/jazzy DEBUGINFOD_URLS=https://debuginfod.ubuntu.com /usr/bin/cmake --build /home/habibahassan/project/build/serial -- -j8 -l8
[22.801s] [ 25%] [32mBuilding CXX object CMakeFiles/serial.dir/src/serial.cc.o[0m
[22.801s] [ 50%] [32mBuilding CXX object CMakeFiles/serial.dir/src/impl/list_ports/list_ports_linux.cc.o[0m
[22.801s] [ 75%] [32mBuilding CXX object CMakeFiles/serial.dir/src/impl/unix.cc.o[0m
[22.804s] [100%] [32m[1mLinking CXX static library libserial.a[0m
[22.804s] [100%] Built target serial
[22.871s] Invoked command in '/home/habibahassan/project/build/serial' returned '0': CMAKE_PREFIX_PATH=${CMAKE_PREFIX_PATH}:/home/habibahassan/project/install/moveit_configs_utils:/opt/ros/jazzy DEBUGINFOD_URLS=https://debuginfod.ubuntu.com /usr/bin/cmake --build /home/habibahassan/project/build/serial -- -j8 -l8
[22.877s] Invoking command in '/home/habibahassan/project/build/serial': CMAKE_PREFIX_PATH=${CMAKE_PREFIX_PATH}:/home/habibahassan/project/install/moveit_configs_utils:/opt/ros/jazzy DEBUGINFOD_URLS=https://debuginfod.ubuntu.com /usr/bin/cmake --install /home/habibahassan/project/build/serial
[22.962s] -- Install configuration: ""
[22.963s] -- Installing: /home/habibahassan/project/install/serial/lib/libserial.a
[22.963s] -- Installing: /home/habibahassan/project/install/serial/include
[22.965s] -- Installing: /home/habibahassan/project/install/serial/include/serial
[22.966s] -- Installing: /home/habibahassan/project/install/serial/include/serial/serial.h
[22.967s] -- Installing: /home/habibahassan/project/install/serial/include/serial/impl
[22.967s] -- Installing: /home/habibahassan/project/install/serial/include/serial/impl/win.h
[22.968s] -- Installing: /home/habibahassan/project/install/serial/include/serial/impl/unix.h
[22.968s] -- Installing: /home/habibahassan/project/install/serial/include/serial/v8stdint.h
[22.968s] -- Installing: /home/habibahassan/project/install/serial/share/serial/environment/library_path.sh
[22.969s] -- Installing: /home/habibahassan/project/install/serial/share/serial/environment/library_path.dsv
[22.969s] -- Installing: /home/habibahassan/project/install/serial/share/ament_index/resource_index/package_run_dependencies/serial
[22.970s] -- Installing: /home/habibahassan/project/install/serial/share/ament_index/resource_index/parent_prefix_path/serial
[22.970s] -- Installing: /home/habibahassan/project/install/serial/share/serial/environment/ament_prefix_path.sh
[22.973s] -- Installing: /home/habibahassan/project/install/serial/share/serial/environment/ament_prefix_path.dsv
[22.973s] -- Installing: /home/habibahassan/project/install/serial/share/serial/environment/path.sh
[22.974s] -- Installing: /home/habibahassan/project/install/serial/share/serial/environment/path.dsv
[22.974s] -- Installing: /home/habibahassan/project/install/serial/share/serial/local_setup.bash
[22.975s] -- Installing: /home/habibahassan/project/install/serial/share/serial/local_setup.sh
[22.975s] -- Installing: /home/habibahassan/project/install/serial/share/serial/local_setup.zsh
[22.975s] -- Installing: /home/habibahassan/project/install/serial/share/serial/local_setup.dsv
[22.976s] -- Installing: /home/habibahassan/project/install/serial/share/serial/package.dsv
[22.976s] -- Installing: /home/habibahassan/project/install/serial/share/ament_index/resource_index/packages/serial
[22.976s] -- Installing: /home/habibahassan/project/install/serial/share/serial/cmake/export_serialExport.cmake
[22.976s] -- Installing: /home/habibahassan/project/install/serial/share/serial/cmake/export_serialExport-noconfig.cmake
[23.026s] -- Installing: /home/habibahassan/project/install/serial/share/serial/cmake/ament_cmake_export_include_directories-extras.cmake
[23.028s] -- Installing: /home/habibahassan/project/install/serial/share/serial/cmake/ament_cmake_export_libraries-extras.cmake
[23.028s] -- Installing: /home/habibahassan/project/install/serial/share/serial/cmake/ament_cmake_export_targets-extras.cmake
[23.030s] -- Installing: /home/habibahassan/project/install/serial/share/serial/cmake/serialConfig.cmake
[23.030s] -- Installing: /home/habibahassan/project/install/serial/share/serial/cmake/serialConfig-version.cmake
[23.030s] -- Installing: /home/habibahassan/project/install/serial/share/serial/package.xml
[23.033s] Invoked command in '/home/habibahassan/project/build/serial' returned '0': CMAKE_PREFIX_PATH=${CMAKE_PREFIX_PATH}:/home/habibahassan/project/install/moveit_configs_utils:/opt/ros/jazzy DEBUGINFOD_URLS=https://debuginfod.ubuntu.com /usr/bin/cmake --install /home/habibahassan/project/build/serial
