-- Found ament_cmake: 2.5.3 (/opt/ros/jazzy/share/ament_cmake/cmake)
-- Override CMake install command with custom implementation using symlinks instead of copying resources
-- Found controller_manager: 4.25.0 (/opt/ros/jazzy/share/controller_manager/cmake)
-- Found rosidl_generator_c: 4.6.5 (/opt/ros/jazzy/share/rosidl_generator_c/cmake)
-- Found rosidl_generator_cpp: 4.6.5 (/opt/ros/jazzy/share/rosidl_generator_cpp/cmake)
-- Using all available rosidl_typesupport_c: rosidl_typesupport_fastrtps_c;rosidl_typesupport_introspection_c
-- Using all available rosidl_typesupport_cpp: rosidl_typesupport_fastrtps_cpp;rosidl_typesupport_introspection_cpp
-- Found rmw_implementation_cmake: 7.3.1 (/opt/ros/jazzy/share/rmw_implementation_cmake/cmake)
-- Found rmw_fastrtps_cpp: 8.4.1 (/opt/ros/jazzy/share/rmw_fastrtps_cpp/cmake)
-- Using RMW implementation 'rmw_fastrtps_cpp' as default
-- Found gripper_controllers: 4.20.0 (/opt/ros/jazzy/share/gripper_controllers/cmake)
-- Found gz_ros2_control: 1.2.10 (/home/habibahassan/project/install/gz_ros2_control/share/gz_ros2_control/cmake)
-- Found ros_gz: 1.0.7 (/opt/ros/jazzy/share/ros_gz/cmake)
-- Found ros_gz_bridge: 1.0.7 (/opt/ros/jazzy/share/ros_gz_bridge/cmake)
-- Looking for gz-msgs10 -- found version 10.3.1
-- Searching for dependencies of gz-msgs10
-- Looking for gz-utils2 -- found version 2.2.0
-- Searching for dependencies of gz-utils2
-- Looking for gz-math7 -- found version 7.5.1
-- Searching for dependencies of gz-math7
-- Looking for gz-utils2 -- found version 2.2.0
-- Checking for module 'tinyxml2'
--   Found tinyxml2, version 10.0.0
-- Looking for gz-transport13 -- found version 13.4.0
-- Searching for dependencies of gz-transport13
-- Config-file not installed for ZeroMQ -- checking for pkg-config
-- Checking for module 'libzmq >= 4'
--   Found libzmq, version 4.3.5
-- Checking for module 'uuid'
--   Found uuid, version 2.39.3
-- Looking for gz-utils2 -- found version 2.2.0
-- Searching for dependencies of gz-utils2
-- Searching for <gz-utils2> component [cli]
-- Looking for gz-utils2-cli -- found version 2.2.0
-- Searching for dependencies of gz-utils2-cli
-- Looking for gz-msgs10 -- found version 10.3.1
-- Found ros_gz_image: 1.0.7 (/opt/ros/jazzy/share/ros_gz_image/cmake)
-- Found ros_gz_sim: 1.0.7 (/opt/ros/jazzy/share/ros_gz_sim/cmake)
-- Found ros2_control: 4.25.0 (/opt/ros/jazzy/share/ros2_control/cmake)
-- Found ros2_controllers: 4.20.0 (/opt/ros/jazzy/share/ros2_controllers/cmake)
-- Found xacro: 2.0.11 (/opt/ros/jazzy/share/xacro/cmake)
-- Found launch_testing_ament_cmake: 3.4.3 (/opt/ros/jazzy/share/launch_testing_ament_cmake/cmake)
-- Found python_cmake_module: 0.11.1 (/opt/ros/jazzy/share/python_cmake_module/cmake)
-- Found ament_cmake_pytest: 2.5.3 (/opt/ros/jazzy/share/ament_cmake_pytest/cmake)
-- Configuring done (6.4s)
-- Generating done (0.0s)
-- Build files have been written to: /home/habibahassan/project/build/ur_simulation_gz
-- Install configuration: ""
-- Execute custom install script
-- Symlinking: /home/habibahassan/project/install/ur_simulation_gz/share/ur_simulation_gz/config/ur_controllers.yaml
-- Symlinking: /home/habibahassan/project/install/ur_simulation_gz/share/ur_simulation_gz/launch/or_sim.launch.py
-- Symlinking: /home/habibahassan/project/install/ur_simulation_gz/share/ur_simulation_gz/launch/ur_sim_control.launch.py
-- Symlinking: /home/habibahassan/project/install/ur_simulation_gz/share/ur_simulation_gz/launch/ur_sim_moveit.launch.py
-- Symlinking: /home/habibahassan/project/install/ur_simulation_gz/share/ur_simulation_gz/urdf/ur_gz.ros2_control.xacro
-- Symlinking: /home/habibahassan/project/install/ur_simulation_gz/share/ur_simulation_gz/urdf/ur_gz.urdf.xacro
-- Symlinking: /home/habibahassan/project/install/ur_simulation_gz/share/ament_index/resource_index/package_run_dependencies/ur_simulation_gz
-- Symlinking: /home/habibahassan/project/install/ur_simulation_gz/share/ament_index/resource_index/parent_prefix_path/ur_simulation_gz
-- Symlinking: /home/habibahassan/project/install/ur_simulation_gz/share/ur_simulation_gz/environment/ament_prefix_path.sh
-- Symlinking: /home/habibahassan/project/install/ur_simulation_gz/share/ur_simulation_gz/environment/ament_prefix_path.dsv
-- Symlinking: /home/habibahassan/project/install/ur_simulation_gz/share/ur_simulation_gz/environment/path.sh
-- Symlinking: /home/habibahassan/project/install/ur_simulation_gz/share/ur_simulation_gz/environment/path.dsv
-- Symlinking: /home/habibahassan/project/install/ur_simulation_gz/share/ur_simulation_gz/local_setup.bash
-- Symlinking: /home/habibahassan/project/install/ur_simulation_gz/share/ur_simulation_gz/local_setup.sh
-- Symlinking: /home/habibahassan/project/install/ur_simulation_gz/share/ur_simulation_gz/local_setup.zsh
-- Symlinking: /home/habibahassan/project/install/ur_simulation_gz/share/ur_simulation_gz/local_setup.dsv
-- Symlinking: /home/habibahassan/project/install/ur_simulation_gz/share/ur_simulation_gz/package.dsv
-- Symlinking: /home/habibahassan/project/install/ur_simulation_gz/share/ament_index/resource_index/packages/ur_simulation_gz
-- Symlinking: /home/habibahassan/project/install/ur_simulation_gz/share/ur_simulation_gz/cmake/ur_simulation_gzConfig.cmake
-- Symlinking: /home/habibahassan/project/install/ur_simulation_gz/share/ur_simulation_gz/cmake/ur_simulation_gzConfig-version.cmake
-- Symlinking: /home/habibahassan/project/install/ur_simulation_gz/share/ur_simulation_gz/package.xml
