[0.308s] Invoking command in '/home/habibahassan/project/build/gz_ros2_control': CMAKE_PREFIX_PATH=${CMAKE_PREFIX_PATH}:/home/habibahassan/project/install/moveit_configs_utils:/opt/ros/jazzy DEBUGINFOD_URLS=https://debuginfod.ubuntu.com /usr/bin/cmake /home/habibahassan/project/src/gz_ros2_control/gz_ros2_control -DCMAKE_INSTALL_PREFIX=/home/habibahassan/project/install/gz_ros2_control
[0.546s] -- The C compiler identification is GNU 13.3.0
[1.103s] -- The CXX compiler identification is GNU 13.3.0
[1.850s] -- Detecting C compiler ABI info
[2.198s] -- Detecting C compiler ABI info - done
[2.212s] -- Check for working C compiler: /usr/bin/cc - skipped
[2.213s] -- Detecting C compile features
[2.214s] -- Detecting C compile features - done
[2.459s] -- Detecting CXX compiler ABI info
[3.164s] -- Detecting CXX compiler ABI info - done
[3.193s] -- Check for working CXX compiler: /usr/bin/c++ - skipped
[3.193s] -- Detecting CXX compile features
[3.195s] -- Detecting CXX compile features - done
[3.221s] -- Found ament_cmake: 2.5.3 (/opt/ros/jazzy/share/ament_cmake/cmake)
[3.909s] -- Found Python3: /usr/bin/python3 (found version "3.12.3") found components: Interpreter 
[4.315s] -- Found ament_index_cpp: 1.8.1 (/opt/ros/jazzy/share/ament_index_cpp/cmake)
[4.329s] -- Found controller_manager: 4.25.0 (/opt/ros/jazzy/share/controller_manager/cmake)
[4.987s] -- Found rosidl_generator_c: 4.6.5 (/opt/ros/jazzy/share/rosidl_generator_c/cmake)
[5.043s] -- Found rosidl_generator_cpp: 4.6.5 (/opt/ros/jazzy/share/rosidl_generator_cpp/cmake)
[5.125s] -- Using all available rosidl_typesupport_c: rosidl_typesupport_fastrtps_c;rosidl_typesupport_introspection_c
[5.217s] -- Using all available rosidl_typesupport_cpp: rosidl_typesupport_fastrtps_cpp;rosidl_typesupport_introspection_cpp
[5.554s] -- Found rmw_implementation_cmake: 7.3.1 (/opt/ros/jazzy/share/rmw_implementation_cmake/cmake)
[5.576s] -- Found rmw_fastrtps_cpp: 8.4.1 (/opt/ros/jazzy/share/rmw_fastrtps_cpp/cmake)
[5.930s] -- Found OpenSSL: /usr/lib/x86_64-linux-gnu/libcrypto.so (found version "3.0.13")  
[6.579s] -- Found FastRTPS: /opt/ros/jazzy/include (Required is at least version "2.13") 
[6.913s] -- Using RMW implementation 'rmw_fastrtps_cpp' as default
[9.097s] -- Found yaml_cpp_vendor: 9.0.1 (/opt/ros/jazzy/share/yaml_cpp_vendor/cmake)
[9.097s] -- Setting yaml-cpp_DIR to: '/opt/ros/jazzy/share/yaml_cpp_vendor/cmake/../../../opt/yaml_cpp_vendor/share/cmake/yaml-cpp'
[9.106s] -- Found gz_sim_vendor: 0.0.7 (/opt/ros/jazzy/share/gz_sim_vendor/cmake)
[9.392s] -- Looking for gz-sim8 -- found version 8.8.0
[9.416s] -- Searching for dependencies of gz-sim8
[9.427s] -- Looking for sdformat14 -- found version 14.6.0
[9.427s] -- Searching for dependencies of sdformat14
[9.441s] -- Checking for module 'tinyxml2'
[9.522s] --   Found tinyxml2, version 10.0.0
[9.610s] -- Looking for gz-math7 -- found version 7.5.1
[9.610s] -- Searching for dependencies of gz-math7
[9.625s] -- Looking for gz-utils2 -- found version 2.2.0
[9.626s] -- Searching for dependencies of gz-utils2
[9.633s] -- Looking for gz-utils2 -- found version 2.2.0
[9.633s] -- Searching for dependencies of gz-utils2
[9.634s] -- Searching for <gz-utils2> component [cli]
[9.646s] -- Looking for gz-utils2-cli -- found version 2.2.0
[9.646s] -- Searching for dependencies of gz-utils2-cli
[9.660s] -- Looking for gz-plugin2 -- found version 2.0.3
[9.661s] -- Searching for dependencies of gz-plugin2
[9.661s] -- Looking for gz-utils2 -- found version 2.2.0
[9.661s] -- Searching for <gz-plugin2> component [loader]
[9.677s] -- Looking for gz-plugin2-loader -- found version 2.0.3
[9.678s] -- Searching for dependencies of gz-plugin2-loader
[9.678s] -- Searching for <gz-plugin2> component [register]
[9.680s] -- Looking for gz-plugin2-register -- found version 2.0.3
[9.683s] -- Searching for dependencies of gz-plugin2-register
[9.691s] -- Looking for gz-transport13 -- found version 13.4.0
[9.693s] -- Searching for dependencies of gz-transport13
[14.225s] -- Found Protobuf: /usr/lib/x86_64-linux-gnu/libprotobuf.so (found version "3.21.12") 
[18.461s] -- Config-file not installed for ZeroMQ -- checking for pkg-config
[18.473s] -- Checking for module 'libzmq >= 4'
[18.552s] --   Found libzmq, version 4.3.5
[18.684s] -- Found ZeroMQ: TRUE (Required is at least version "4") 
[18.859s] -- Checking for module 'uuid'
[18.947s] --   Found uuid, version 2.39.3
[19.053s] -- Found UUID: TRUE  
[19.054s] -- Looking for gz-utils2 -- found version 2.2.0
[19.066s] -- Looking for gz-msgs10 -- found version 10.3.1
[19.067s] -- Searching for dependencies of gz-msgs10
[23.005s] -- Looking for gz-utils2 -- found version 2.2.0
[23.006s] -- Looking for gz-math7 -- found version 7.5.1
[23.665s] -- Searching for <gz-transport13> component [log]
[23.675s] -- Looking for gz-transport13-log -- found version 13.4.0
[23.678s] -- Searching for dependencies of gz-transport13-log
[23.680s] -- Searching for <gz-transport13> component [parameters]
[23.695s] -- Looking for gz-transport13-parameters -- found version 13.4.0
[23.697s] -- Searching for dependencies of gz-transport13-parameters
[23.701s] -- Looking for gz-msgs10 -- found version 10.3.1
[23.713s] -- Looking for gz-common5 -- found version 5.7.0
[23.714s] -- Searching for dependencies of gz-common5
[23.716s] -- Looking for gz-utils2 -- found version 2.2.0
[23.827s] -- Looking for dlfcn.h - found
[23.983s] -- Looking for libdl - found
[23.987s] -- Found DL: TRUE  
[24.006s] -- Searching for <gz-common5> component [av]
[24.015s] -- Looking for gz-common5-av -- found version 5.7.0
[24.016s] -- Searching for dependencies of gz-common5-av
[24.040s] -- Checking for module 'libswscale'
[24.122s] --   Found libswscale, version 7.5.100
[24.313s] -- Found SWSCALE: TRUE  
[24.342s] -- Checking for module 'libavdevice >= 56.4.100'
[24.421s] --   Found libavdevice, version 60.3.100
[24.573s] -- Found AVDEVICE: TRUE (Required is at least version "56.4.100") 
[24.588s] -- Checking for module 'libavformat'
[24.668s] --   Found libavformat, version 60.16.100
[24.781s] -- Found AVFORMAT: TRUE  
[24.796s] -- Checking for module 'libavcodec'
[24.886s] --   Found libavcodec, version 60.31.102
[25.010s] -- Found AVCODEC: TRUE  
[25.026s] -- Checking for module 'libavutil'
[25.103s] --   Found libavutil, version 58.29.100
[25.212s] -- Found AVUTIL: TRUE  
[25.215s] -- Searching for <gz-common5> component [events]
[25.233s] -- Looking for gz-common5-events -- found version 5.7.0
[25.234s] -- Searching for dependencies of gz-common5-events
[25.238s] -- Looking for gz-math7 -- found version 7.5.1
[25.242s] -- Searching for <gz-common5> component [graphics]
[25.253s] -- Looking for gz-common5-graphics -- found version 5.7.0
[25.254s] -- Searching for dependencies of gz-common5-graphics
[25.260s] -- Looking for gz-math7 -- found version 7.5.1
[25.303s] -- Found GzAssimp: TRUE (found version "5.3.0") 
[25.305s] -- Searching for <gz-common5> component [io]
[25.319s] -- Looking for gz-common5-io -- found version 5.7.0
[25.320s] -- Searching for dependencies of gz-common5-io
[25.322s] -- Searching for <gz-common5> component [profiler]
[25.341s] -- Looking for gz-common5-profiler -- found version 5.7.0
[25.351s] -- Searching for dependencies of gz-common5-profiler
[25.368s] -- Looking for gz-fuel_tools9 -- found version 9.1.0
[25.369s] -- Searching for dependencies of gz-fuel_tools9
[28.968s] -- Found CURL: /usr/lib/x86_64-linux-gnu/libcurl.so (found version "8.5.0")  
[29.013s] -- Checking for module 'jsoncpp'
[29.063s] --   Found jsoncpp, version 1.9.5
[29.146s] -- Found JSONCPP: TRUE  
[32.713s] -- Checking for module 'yaml-0.1'
[32.808s] --   Found yaml-0.1, version 0.2.5
[33.048s] -- Found YAML: TRUE  
[33.068s] -- Checking for module 'libzip'
[33.307s] --   Found libzip, version 1.7.3
[33.537s] -- Found ZIP: TRUE  
[33.537s] -- Looking for gz-utils2 -- found version 2.2.0
[33.573s] -- Looking for gz-common5 -- found version 5.7.0
[33.575s] -- Searching for dependencies of gz-common5
[33.576s] -- Looking for gz-utils2 -- found version 2.2.0
[33.576s] -- Looking for dlfcn.h - found
[33.606s] -- Looking for libdl - found
[33.685s] -- Searching for <gz-common5> component [testing]
[33.693s] -- Looking for gz-common5-testing -- found version 5.7.0
[33.694s] -- Searching for dependencies of gz-common5-testing
[33.700s] -- Looking for gz-math7 -- found version 7.5.1
[33.736s] -- Looking for gz-msgs10 -- found version 10.3.1
[33.737s] -- Looking for gz-gui8 -- found version 8.3.0
[33.743s] -- Searching for dependencies of gz-gui8
[38.393s] -- Looking for gz-utils2 -- found version 2.2.0
[38.422s] -- Looking for gz-math7 -- found version 7.5.1
[38.422s] -- Looking for gz-common5 -- found version 5.7.0
[38.422s] -- Looking for gz-plugin2 -- found version 2.0.3
[38.426s] -- Looking for gz-transport13 -- found version 13.4.0
[38.464s] -- Looking for gz-rendering8 -- found version 8.2.1
[38.464s] -- Searching for dependencies of gz-rendering8
[38.464s] -- Looking for gz-math7 -- found version 7.5.1
[38.465s] -- Searching for dependencies of gz-math7
[38.465s] -- Looking for gz-utils2 -- found version 2.2.0
[38.465s] -- Searching for <gz-math7> component [eigen3]
[38.494s] -- Looking for gz-math7-eigen3 -- found version 7.5.1
[38.495s] -- Searching for dependencies of gz-math7-eigen3
[38.510s] -- Looking for gz-common5 -- found version 5.7.0
[38.510s] -- Searching for dependencies of gz-common5
[38.510s] -- Looking for gz-utils2 -- found version 2.2.0
[38.510s] -- Looking for dlfcn.h - found
[38.510s] -- Looking for libdl - found
[38.530s] -- Searching for <gz-common5> component [graphics]
[38.530s] -- Searching for <gz-common5> component [events]
[38.531s] -- Searching for <gz-common5> component [geospatial]
[38.538s] -- Looking for gz-common5-geospatial -- found version 5.7.0
[38.552s] -- Searching for dependencies of gz-common5-geospatial
[38.552s] -- Looking for gz-math7 -- found version 7.5.1
[38.553s] -- Looking for gz-common5 -- found version 5.7.0
[38.567s] -- Looking for gz-plugin2 -- found version 2.0.3
[38.567s] -- Searching for dependencies of gz-plugin2
[38.568s] -- Looking for gz-utils2 -- found version 2.2.0
[38.568s] -- Searching for <gz-plugin2> component [all]
[38.575s] -- Looking for all libraries of gz-plugin2 -- found version 2.0.3
[38.579s] -- Looking for gz-plugin2 -- found version 2.0.3
[38.589s] -- Looking for gz-utils2 -- found version 2.2.0
[41.177s] -- Found OpenGL: /usr/lib/x86_64-linux-gnu/libOpenGL.so  found components: OpenGL 
[41.184s] -- Looking for gz-msgs10 -- found version 10.3.1
[41.694s] -- Looking for gz-physics7 -- found version 7.4.0
[41.694s] -- Searching for dependencies of gz-physics7
[41.694s] -- Looking for gz-common5 -- found version 5.7.0
[41.694s] -- Looking for gz-math7 -- found version 7.5.1
[41.695s] -- Looking for gz-plugin2 -- found version 2.0.3
[41.695s] -- Looking for gz-utils2 -- found version 2.2.0
[41.697s] -- Searching for <gz-physics7> component [heightmap]
[41.708s] -- Looking for gz-physics7-heightmap -- found version 7.4.0
[41.725s] -- Searching for dependencies of gz-physics7-heightmap
[41.726s] -- Looking for gz-common5 -- found version 5.7.0
[41.728s] -- Searching for <gz-physics7> component [mesh]
[41.741s] -- Looking for gz-physics7-mesh -- found version 7.4.0
[41.741s] -- Searching for dependencies of gz-physics7-mesh
[41.742s] -- Looking for gz-common5 -- found version 5.7.0
[41.743s] -- Searching for <gz-physics7> component [sdf]
[41.771s] -- Looking for gz-physics7-sdf -- found version 7.4.0
[41.777s] -- Searching for dependencies of gz-physics7-sdf
[41.779s] -- Looking for sdformat14 -- found version 14.6.0
[41.809s] -- Looking for gz-sensors8 -- found version 8.2.1
[41.809s] -- Searching for dependencies of gz-sensors8
[46.074s] -- Looking for gz-math7 -- found version 7.5.1
[46.076s] -- Looking for gz-common5 -- found version 5.7.0
[46.078s] -- Looking for gz-transport13 -- found version 13.4.0
[46.079s] -- Looking for gz-rendering8 -- found version 8.2.1
[46.081s] -- Looking for gz-msgs10 -- found version 10.3.1
[46.083s] -- Looking for sdformat14 -- found version 14.6.0
[46.085s] -- Searching for <gz-sensors8> component [air_pressure]
[46.096s] -- Looking for gz-sensors8-air_pressure -- found version 8.2.1
[46.096s] -- Searching for dependencies of gz-sensors8-air_pressure
[46.101s] -- Searching for <gz-sensors8> component [air_speed]
[46.109s] -- Looking for gz-sensors8-air_speed -- found version 8.2.1
[46.110s] -- Searching for dependencies of gz-sensors8-air_speed
[46.112s] -- Searching for <gz-sensors8> component [altimeter]
[46.122s] -- Looking for gz-sensors8-altimeter -- found version 8.2.1
[46.123s] -- Searching for dependencies of gz-sensors8-altimeter
[46.126s] -- Searching for <gz-sensors8> component [imu]
[46.134s] -- Looking for gz-sensors8-imu -- found version 8.2.1
[46.155s] -- Searching for dependencies of gz-sensors8-imu
[46.157s] -- Searching for <gz-sensors8> component [force_torque]
[46.169s] -- Looking for gz-sensors8-force_torque -- found version 8.2.1
[46.170s] -- Searching for dependencies of gz-sensors8-force_torque
[46.172s] -- Searching for <gz-sensors8> component [logical_camera]
[46.198s] -- Looking for gz-sensors8-logical_camera -- found version 8.2.1
[46.200s] -- Searching for dependencies of gz-sensors8-logical_camera
[46.205s] -- Searching for <gz-sensors8> component [magnetometer]
[46.213s] -- Looking for gz-sensors8-magnetometer -- found version 8.2.1
[46.215s] -- Searching for dependencies of gz-sensors8-magnetometer
[46.218s] -- Searching for <gz-sensors8> component [navsat]
[46.230s] -- Looking for gz-sensors8-navsat -- found version 8.2.1
[46.231s] -- Searching for dependencies of gz-sensors8-navsat
[46.233s] -- Searching for <gz-sensors8> component [dvl]
[46.247s] -- Looking for gz-sensors8-dvl -- found version 8.2.1
[46.265s] -- Searching for dependencies of gz-sensors8-dvl
[46.267s] -- Looking for gz-sensors8 -- found version 8.2.1
[46.268s] -- Searching for dependencies of gz-sensors8
[49.889s] -- Looking for gz-math7 -- found version 7.5.1
[49.918s] -- Looking for gz-common5 -- found version 5.7.0
[49.920s] -- Looking for gz-transport13 -- found version 13.4.0
[49.955s] -- Looking for gz-rendering8 -- found version 8.2.1
[49.959s] -- Looking for gz-msgs10 -- found version 10.3.1
[49.961s] -- Looking for sdformat14 -- found version 14.6.0
[49.975s] -- Searching for <gz-sensors8> component [rendering]
[49.982s] -- Looking for gz-sensors8-rendering -- found version 8.2.1
[50.016s] -- Searching for dependencies of gz-sensors8-rendering
[50.021s] -- Searching for <gz-sensors8> component [rendering]
[50.021s] -- Searching for <gz-sensors8> component [lidar]
[50.037s] -- Looking for gz-sensors8-lidar -- found version 8.2.1
[50.038s] -- Searching for dependencies of gz-sensors8-lidar
[50.040s] -- Looking for gz-sensors8 -- found version 8.2.1
[50.042s] -- Searching for <gz-sensors8> component [gpu_lidar]
[50.060s] -- Looking for gz-sensors8-gpu_lidar -- found version 8.2.1
[50.062s] -- Searching for dependencies of gz-sensors8-gpu_lidar
[50.063s] -- Looking for gz-sensors8 -- found version 8.2.1
[50.065s] -- Searching for <gz-sensors8> component [camera]
[50.094s] -- Looking for gz-sensors8-camera -- found version 8.2.1
[50.095s] -- Searching for dependencies of gz-sensors8-camera
[50.096s] -- Looking for gz-sensors8 -- found version 8.2.1
[50.098s] -- Searching for <gz-sensors8> component [boundingbox_camera]
[50.107s] -- Looking for gz-sensors8-boundingbox_camera -- found version 8.2.1
[50.114s] -- Searching for dependencies of gz-sensors8-boundingbox_camera
[50.129s] -- Searching for <gz-sensors8> component [segmentation_camera]
[50.153s] -- Looking for gz-sensors8-segmentation_camera -- found version 8.2.1
[50.153s] -- Searching for dependencies of gz-sensors8-segmentation_camera
[50.177s] -- Searching for <gz-sensors8> component [depth_camera]
[50.200s] -- Looking for gz-sensors8-depth_camera -- found version 8.2.1
[50.201s] -- Searching for dependencies of gz-sensors8-depth_camera
[50.203s] -- Looking for gz-sensors8 -- found version 8.2.1
[50.205s] -- Searching for <gz-sensors8> component [rgbd_camera]
[50.213s] -- Looking for gz-sensors8-rgbd_camera -- found version 8.2.1
[50.228s] -- Searching for dependencies of gz-sensors8-rgbd_camera
[50.230s] -- Looking for gz-sensors8 -- found version 8.2.1
[50.235s] -- Searching for <gz-sensors8> component [thermal_camera]
[50.244s] -- Looking for gz-sensors8-thermal_camera -- found version 8.2.1
[50.258s] -- Searching for dependencies of gz-sensors8-thermal_camera
[50.260s] -- Looking for gz-sensors8 -- found version 8.2.1
[50.262s] -- Searching for <gz-sensors8> component [wide_angle_camera]
[50.313s] -- Looking for gz-sensors8-wide_angle_camera -- found version 8.2.1
[50.324s] -- Searching for dependencies of gz-sensors8-wide_angle_camera
[50.328s] -- Looking for gz-rendering8 -- found version 8.2.1
[50.330s] -- Looking for gz-math7 -- found version 7.5.1
[50.332s] -- Looking for gz-utils2 -- found version 2.2.0
[55.223s] -- Looking for gz-plugin2 -- found version 2.0.3
[55.399s] -- Found ament_lint_auto: 0.17.1 (/opt/ros/jazzy/share/ament_lint_auto/cmake)
[56.109s] -- Added test 'copyright' to check source files copyright and LICENSE
[56.143s] -- Added test 'cppcheck' to perform static code analysis on C / C++ code
[56.144s] -- Configured cppcheck include dirs: /home/habibahassan/project/src/gz_ros2_control/gz_ros2_control/include
[56.144s] -- Configured cppcheck exclude dirs and/or files: 
[56.164s] -- Added test 'cpplint' to check C / C++ code against the Google style
[56.164s] -- Configured cpplint exclude dirs and/or files: 
[56.183s] -- Added test 'lint_cmake' to check CMake code style
[56.198s] -- Added test 'uncrustify' to check C / C++ code style
[56.198s] -- Configured uncrustify additional arguments: 
[56.208s] -- Added test 'xmllint' to check XML markup files
[56.295s] -- Configuring done (56.0s)
[56.531s] -- Generating done (0.2s)
[56.603s] -- Build files have been written to: /home/habibahassan/project/build/gz_ros2_control
[56.764s] Invoked command in '/home/habibahassan/project/build/gz_ros2_control' returned '0': CMAKE_PREFIX_PATH=${CMAKE_PREFIX_PATH}:/home/habibahassan/project/install/moveit_configs_utils:/opt/ros/jazzy DEBUGINFOD_URLS=https://debuginfod.ubuntu.com /usr/bin/cmake /home/habibahassan/project/src/gz_ros2_control/gz_ros2_control -DCMAKE_INSTALL_PREFIX=/home/habibahassan/project/install/gz_ros2_control
[56.767s] Invoking command in '/home/habibahassan/project/build/gz_ros2_control': CMAKE_PREFIX_PATH=${CMAKE_PREFIX_PATH}:/home/habibahassan/project/install/moveit_configs_utils:/opt/ros/jazzy DEBUGINFOD_URLS=https://debuginfod.ubuntu.com /usr/bin/cmake --build /home/habibahassan/project/build/gz_ros2_control -- -j8 -l8
[57.256s] [ 25%] [32mBuilding CXX object CMakeFiles/gz_ros2_control-system.dir/src/gz_ros2_control_plugin.cpp.o[0m
[57.290s] [ 50%] [32mBuilding CXX object CMakeFiles/gz_hardware_plugins.dir/src/gz_system.cpp.o[0m
[102.542s] [ 75%] [32m[1mLinking CXX shared library libgz_hardware_plugins.so[0m
[104.121s] [ 75%] Built target gz_hardware_plugins
[106.429s] [100%] [32m[1mLinking CXX shared library libgz_ros2_control-system.so[0m
[107.843s] [100%] Built target gz_ros2_control-system
[107.867s] Invoked command in '/home/habibahassan/project/build/gz_ros2_control' returned '0': CMAKE_PREFIX_PATH=${CMAKE_PREFIX_PATH}:/home/habibahassan/project/install/moveit_configs_utils:/opt/ros/jazzy DEBUGINFOD_URLS=https://debuginfod.ubuntu.com /usr/bin/cmake --build /home/habibahassan/project/build/gz_ros2_control -- -j8 -l8
[107.870s] Invoking command in '/home/habibahassan/project/build/gz_ros2_control': CMAKE_PREFIX_PATH=${CMAKE_PREFIX_PATH}:/home/habibahassan/project/install/moveit_configs_utils:/opt/ros/jazzy DEBUGINFOD_URLS=https://debuginfod.ubuntu.com /usr/bin/cmake --install /home/habibahassan/project/build/gz_ros2_control
[107.891s] -- Install configuration: ""
[107.891s] -- Installing: /home/habibahassan/project/install/gz_ros2_control/lib/libgz_hardware_plugins.so
[107.901s] -- Set non-toolchain portion of runtime path of "/home/habibahassan/project/install/gz_ros2_control/lib/libgz_hardware_plugins.so" to ""
[107.901s] -- Installing: /home/habibahassan/project/install/gz_ros2_control/include
[107.902s] -- Installing: /home/habibahassan/project/install/gz_ros2_control/include/gz_ros2_control
[107.902s] -- Installing: /home/habibahassan/project/install/gz_ros2_control/include/gz_ros2_control/gz_system.hpp
[107.902s] -- Installing: /home/habibahassan/project/install/gz_ros2_control/include/gz_ros2_control/gz_ros2_control_plugin.hpp
[107.902s] -- Installing: /home/habibahassan/project/install/gz_ros2_control/include/gz_ros2_control/gz_system_interface.hpp
[107.909s] -- Installing: /home/habibahassan/project/install/gz_ros2_control/share/gz_ros2_control/environment/library_path.sh
[107.909s] -- Installing: /home/habibahassan/project/install/gz_ros2_control/share/gz_ros2_control/environment/library_path.dsv
[107.909s] -- Installing: /home/habibahassan/project/install/gz_ros2_control/lib/libgz_ros2_control-system.so
[107.916s] -- Set non-toolchain portion of runtime path of "/home/habibahassan/project/install/gz_ros2_control/lib/libgz_ros2_control-system.so" to ""
[107.916s] -- Installing: /home/habibahassan/project/install/gz_ros2_control/share/gz_ros2_control/gz_hardware_plugins.xml
[107.918s] -- Installing: /home/habibahassan/project/install/gz_ros2_control/share/ament_index/resource_index/package_run_dependencies/gz_ros2_control
[107.919s] -- Installing: /home/habibahassan/project/install/gz_ros2_control/share/ament_index/resource_index/parent_prefix_path/gz_ros2_control
[107.919s] -- Installing: /home/habibahassan/project/install/gz_ros2_control/share/gz_ros2_control/environment/ament_prefix_path.sh
[107.920s] -- Installing: /home/habibahassan/project/install/gz_ros2_control/share/gz_ros2_control/environment/ament_prefix_path.dsv
[107.920s] -- Installing: /home/habibahassan/project/install/gz_ros2_control/share/gz_ros2_control/environment/path.sh
[107.921s] -- Installing: /home/habibahassan/project/install/gz_ros2_control/share/gz_ros2_control/environment/path.dsv
[107.922s] -- Installing: /home/habibahassan/project/install/gz_ros2_control/share/gz_ros2_control/local_setup.bash
[107.922s] -- Installing: /home/habibahassan/project/install/gz_ros2_control/share/gz_ros2_control/local_setup.sh
[107.923s] -- Installing: /home/habibahassan/project/install/gz_ros2_control/share/gz_ros2_control/local_setup.zsh
[107.923s] -- Installing: /home/habibahassan/project/install/gz_ros2_control/share/gz_ros2_control/local_setup.dsv
[107.924s] -- Installing: /home/habibahassan/project/install/gz_ros2_control/share/gz_ros2_control/package.dsv
[107.925s] -- Installing: /home/habibahassan/project/install/gz_ros2_control/share/ament_index/resource_index/packages/gz_ros2_control
[107.926s] -- Installing: /home/habibahassan/project/install/gz_ros2_control/share/ament_index/resource_index/gz_ros2_control__pluginlib__plugin/gz_ros2_control
[107.927s] -- Installing: /home/habibahassan/project/install/gz_ros2_control/share/gz_ros2_control/cmake/ament_cmake_export_include_directories-extras.cmake
[107.928s] -- Installing: /home/habibahassan/project/install/gz_ros2_control/share/gz_ros2_control/cmake/ament_cmake_export_libraries-extras.cmake
[107.929s] -- Installing: /home/habibahassan/project/install/gz_ros2_control/share/gz_ros2_control/cmake/gz_ros2_controlConfig.cmake
[107.929s] -- Installing: /home/habibahassan/project/install/gz_ros2_control/share/gz_ros2_control/cmake/gz_ros2_controlConfig-version.cmake
[107.929s] -- Installing: /home/habibahassan/project/install/gz_ros2_control/share/gz_ros2_control/package.xml
[107.933s] Invoked command in '/home/habibahassan/project/build/gz_ros2_control' returned '0': CMAKE_PREFIX_PATH=${CMAKE_PREFIX_PATH}:/home/habibahassan/project/install/moveit_configs_utils:/opt/ros/jazzy DEBUGINFOD_URLS=https://debuginfod.ubuntu.com /usr/bin/cmake --install /home/habibahassan/project/build/gz_ros2_control
