[ 66%] Built target moveit_visual_tools
[100%] Built target moveit_visual_tools_demo
-- Install configuration: "Release"
-- Installing: /home/habibahassan/project/install/moveit_visual_tools/share/moveit_visual_tools/environment/library_path.sh
-- Installing: /home/habibahassan/project/install/moveit_visual_tools/share/moveit_visual_tools/environment/library_path.dsv
-- Installing: /home/habibahassan/project/install/moveit_visual_tools/lib/libmoveit_visual_tools.so
-- Set non-toolchain portion of runtime path of "/home/habibahassan/project/install/moveit_visual_tools/lib/libmoveit_visual_tools.so" to ""
-- Installing: /home/habibahassan/project/install/moveit_visual_tools/lib/moveit_visual_tools/moveit_visual_tools_demo
-- Set non-toolchain portion of runtime path of "/home/habibahassan/project/install/moveit_visual_tools/lib/moveit_visual_tools/moveit_visual_tools_demo" to ""
-- Installing: /home/habibahassan/project/install/moveit_visual_tools/include
-- Installing: /home/habibahassan/project/install/moveit_visual_tools/include/moveit_visual_tools
-- Installing: /home/habibahassan/project/install/moveit_visual_tools/include/moveit_visual_tools/imarker_robot_state.h
-- Installing: /home/habibahassan/project/install/moveit_visual_tools/include/moveit_visual_tools/imarker_end_effector.h
-- Installing: /home/habibahassan/project/install/moveit_visual_tools/include/moveit_visual_tools/moveit_visual_tools.h
-- Installing: /home/habibahassan/project/install/moveit_visual_tools/share/moveit_visual_tools/launch
-- Installing: /home/habibahassan/project/install/moveit_visual_tools/share/moveit_visual_tools/launch/demo.rviz
-- Installing: /home/habibahassan/project/install/moveit_visual_tools/share/moveit_visual_tools/launch/demo_rviz.launch.py
-- Installing: /home/habibahassan/project/install/moveit_visual_tools/share/moveit_visual_tools/resources
-- Installing: /home/habibahassan/project/install/moveit_visual_tools/share/moveit_visual_tools/resources/rrbot.urdf
-- Installing: /home/habibahassan/project/install/moveit_visual_tools/share/moveit_visual_tools/resources/demo.png
-- Installing: /home/habibahassan/project/install/moveit_visual_tools/share/moveit_visual_tools/resources/rrbot.srdf
-- Installing: /home/habibahassan/project/install/moveit_visual_tools/share/moveit_visual_tools/resources/demo_mesh.stl
-- Installing: /home/habibahassan/project/install/moveit_visual_tools/share/moveit_visual_tools/resources/screenshot.png
-- Installing: /home/habibahassan/project/install/moveit_visual_tools/share/ament_index/resource_index/package_run_dependencies/moveit_visual_tools
-- Installing: /home/habibahassan/project/install/moveit_visual_tools/share/ament_index/resource_index/parent_prefix_path/moveit_visual_tools
-- Installing: /home/habibahassan/project/install/moveit_visual_tools/share/moveit_visual_tools/environment/ament_prefix_path.sh
-- Installing: /home/habibahassan/project/install/moveit_visual_tools/share/moveit_visual_tools/environment/ament_prefix_path.dsv
-- Installing: /home/habibahassan/project/install/moveit_visual_tools/share/moveit_visual_tools/environment/path.sh
-- Installing: /home/habibahassan/project/install/moveit_visual_tools/share/moveit_visual_tools/environment/path.dsv
-- Installing: /home/habibahassan/project/install/moveit_visual_tools/share/moveit_visual_tools/local_setup.bash
-- Installing: /home/habibahassan/project/install/moveit_visual_tools/share/moveit_visual_tools/local_setup.sh
-- Installing: /home/habibahassan/project/install/moveit_visual_tools/share/moveit_visual_tools/local_setup.zsh
-- Installing: /home/habibahassan/project/install/moveit_visual_tools/share/moveit_visual_tools/local_setup.dsv
-- Installing: /home/habibahassan/project/install/moveit_visual_tools/share/moveit_visual_tools/package.dsv
-- Installing: /home/habibahassan/project/install/moveit_visual_tools/share/ament_index/resource_index/packages/moveit_visual_tools
-- Installing: /home/habibahassan/project/install/moveit_visual_tools/share/moveit_visual_tools/cmake/export_moveit_visual_toolsExport.cmake
-- Installing: /home/habibahassan/project/install/moveit_visual_tools/share/moveit_visual_tools/cmake/export_moveit_visual_toolsExport-release.cmake
-- Installing: /home/habibahassan/project/install/moveit_visual_tools/share/moveit_visual_tools/cmake/ament_cmake_export_targets-extras.cmake
-- Installing: /home/habibahassan/project/install/moveit_visual_tools/share/moveit_visual_tools/cmake/ament_cmake_export_dependencies-extras.cmake
-- Installing: /home/habibahassan/project/install/moveit_visual_tools/share/moveit_visual_tools/cmake/moveit_visual_toolsConfig.cmake
-- Installing: /home/habibahassan/project/install/moveit_visual_tools/share/moveit_visual_tools/cmake/moveit_visual_toolsConfig-version.cmake
-- Installing: /home/habibahassan/project/install/moveit_visual_tools/share/moveit_visual_tools/package.xml
