[0.156s] Invoking command in '/home/habibahassan/project/build/ur_description': CMAKE_PREFIX_PATH=${CMAKE_PREFIX_PATH}:/home/habibahassan/project/install/moveit_configs_utils:/opt/ros/jazzy DEBUGINFOD_URLS=https://debuginfod.ubuntu.com /usr/bin/cmake /home/habibahassan/project/src/Universal_Robots_ROS2_Description -DCMAKE_INSTALL_PREFIX=/home/habibahassan/project/install/ur_description
[0.549s] -- The C compiler identification is GNU 13.3.0
[2.214s] -- The CXX compiler identification is GNU 13.3.0
[4.296s] -- Detecting C compiler ABI info
[5.088s] -- Detecting C compiler ABI info - done
[5.131s] -- Check for working C compiler: /usr/bin/cc - skipped
[5.132s] -- Detecting C compile features
[5.133s] -- Detecting C compile features - done
[5.401s] -- Detecting CXX compiler ABI info
[6.458s] -- Detecting CXX compiler ABI info - done
[6.487s] -- Check for working CXX compiler: /usr/bin/c++ - skipped
[6.487s] -- Detecting CXX compile features
[6.489s] -- Detecting CXX compile features - done
[6.502s] -- Found ament_cmake: 2.5.3 (/opt/ros/jazzy/share/ament_cmake/cmake)
[7.212s] -- Found Python3: /usr/bin/python3 (found version "3.12.3") found components: Interpreter 
[7.702s] -- Found ament_cmake_pytest: 2.5.3 (/opt/ros/jazzy/share/ament_cmake_pytest/cmake)
[11.657s] -- Configuring done (11.5s)
[11.668s] -- Generating done (0.0s)
[11.673s] -- Build files have been written to: /home/habibahassan/project/build/ur_description
[11.710s] Invoked command in '/home/habibahassan/project/build/ur_description' returned '0': CMAKE_PREFIX_PATH=${CMAKE_PREFIX_PATH}:/home/habibahassan/project/install/moveit_configs_utils:/opt/ros/jazzy DEBUGINFOD_URLS=https://debuginfod.ubuntu.com /usr/bin/cmake /home/habibahassan/project/src/Universal_Robots_ROS2_Description -DCMAKE_INSTALL_PREFIX=/home/habibahassan/project/install/ur_description
[11.713s] Invoking command in '/home/habibahassan/project/build/ur_description': CMAKE_PREFIX_PATH=${CMAKE_PREFIX_PATH}:/home/habibahassan/project/install/moveit_configs_utils:/opt/ros/jazzy DEBUGINFOD_URLS=https://debuginfod.ubuntu.com /usr/bin/cmake --build /home/habibahassan/project/build/ur_description -- -j8 -l8
[13.301s] Invoked command in '/home/habibahassan/project/build/ur_description' returned '0': CMAKE_PREFIX_PATH=${CMAKE_PREFIX_PATH}:/home/habibahassan/project/install/moveit_configs_utils:/opt/ros/jazzy DEBUGINFOD_URLS=https://debuginfod.ubuntu.com /usr/bin/cmake --build /home/habibahassan/project/build/ur_description -- -j8 -l8
[13.307s] Invoking command in '/home/habibahassan/project/build/ur_description': CMAKE_PREFIX_PATH=${CMAKE_PREFIX_PATH}:/home/habibahassan/project/install/moveit_configs_utils:/opt/ros/jazzy DEBUGINFOD_URLS=https://debuginfod.ubuntu.com /usr/bin/cmake --install /home/habibahassan/project/build/ur_description
[20.475s] -- Install configuration: ""
[20.476s] -- Installing: /home/habibahassan/project/install/ur_description/share/ur_description/config
[20.476s] -- Installing: /home/habibahassan/project/install/ur_description/share/ur_description/config/ur20
[20.476s] -- Installing: /home/habibahassan/project/install/ur_description/share/ur_description/config/ur20/physical_parameters.yaml
[20.476s] -- Installing: /home/habibahassan/project/install/ur_description/share/ur_description/config/ur20/default_kinematics.yaml
[20.477s] -- Installing: /home/habibahassan/project/install/ur_description/share/ur_description/config/ur20/joint_limits.yaml
[20.477s] -- Installing: /home/habibahassan/project/install/ur_description/share/ur_description/config/ur20/visual_parameters.yaml
[20.477s] -- Installing: /home/habibahassan/project/install/ur_description/share/ur_description/config/ur30
[20.477s] -- Installing: /home/habibahassan/project/install/ur_description/share/ur_description/config/ur30/physical_parameters.yaml
[20.477s] -- Installing: /home/habibahassan/project/install/ur_description/share/ur_description/config/ur30/default_kinematics.yaml
[20.477s] -- Installing: /home/habibahassan/project/install/ur_description/share/ur_description/config/ur30/joint_limits.yaml
[20.478s] -- Installing: /home/habibahassan/project/install/ur_description/share/ur_description/config/ur30/visual_parameters.yaml
[20.479s] -- Installing: /home/habibahassan/project/install/ur_description/share/ur_description/config/ur5
[20.479s] -- Installing: /home/habibahassan/project/install/ur_description/share/ur_description/config/ur5/physical_parameters.yaml
[20.480s] -- Installing: /home/habibahassan/project/install/ur_description/share/ur_description/config/ur5/default_kinematics.yaml
[20.480s] -- Installing: /home/habibahassan/project/install/ur_description/share/ur_description/config/ur5/joint_limits.yaml
[20.480s] -- Installing: /home/habibahassan/project/install/ur_description/share/ur_description/config/ur5/visual_parameters.yaml
[20.480s] -- Installing: /home/habibahassan/project/install/ur_description/share/ur_description/config/ur5e
[20.480s] -- Installing: /home/habibahassan/project/install/ur_description/share/ur_description/config/ur5e/physical_parameters.yaml
[20.480s] -- Installing: /home/habibahassan/project/install/ur_description/share/ur_description/config/ur5e/default_kinematics.yaml
[20.481s] -- Installing: /home/habibahassan/project/install/ur_description/share/ur_description/config/ur5e/joint_limits.yaml
[20.481s] -- Installing: /home/habibahassan/project/install/ur_description/share/ur_description/config/ur5e/visual_parameters.yaml
[20.481s] -- Installing: /home/habibahassan/project/install/ur_description/share/ur_description/config/ur16e
[20.481s] -- Installing: /home/habibahassan/project/install/ur_description/share/ur_description/config/ur16e/physical_parameters.yaml
[20.486s] -- Installing: /home/habibahassan/project/install/ur_description/share/ur_description/config/ur16e/default_kinematics.yaml
[20.486s] -- Installing: /home/habibahassan/project/install/ur_description/share/ur_description/config/ur16e/joint_limits.yaml
[20.486s] -- Installing: /home/habibahassan/project/install/ur_description/share/ur_description/config/ur16e/visual_parameters.yaml
[20.493s] -- Installing: /home/habibahassan/project/install/ur_description/share/ur_description/config/initial_positions.yaml
[20.493s] -- Installing: /home/habibahassan/project/install/ur_description/share/ur_description/config/ur10
[20.494s] -- Installing: /home/habibahassan/project/install/ur_description/share/ur_description/config/ur10/physical_parameters.yaml
[20.516s] -- Installing: /home/habibahassan/project/install/ur_description/share/ur_description/config/ur10/default_kinematics.yaml
[20.522s] -- Installing: /home/habibahassan/project/install/ur_description/share/ur_description/config/ur10/joint_limits.yaml
[20.522s] -- Installing: /home/habibahassan/project/install/ur_description/share/ur_description/config/ur10/visual_parameters.yaml
[20.522s] -- Installing: /home/habibahassan/project/install/ur_description/share/ur_description/config/ur3e
[20.522s] -- Installing: /home/habibahassan/project/install/ur_description/share/ur_description/config/ur3e/physical_parameters.yaml
[20.523s] -- Installing: /home/habibahassan/project/install/ur_description/share/ur_description/config/ur3e/default_kinematics.yaml
[20.524s] -- Installing: /home/habibahassan/project/install/ur_description/share/ur_description/config/ur3e/joint_limits.yaml
[20.524s] -- Installing: /home/habibahassan/project/install/ur_description/share/ur_description/config/ur3e/visual_parameters.yaml
[20.524s] -- Installing: /home/habibahassan/project/install/ur_description/share/ur_description/config/ur3
[20.524s] -- Installing: /home/habibahassan/project/install/ur_description/share/ur_description/config/ur3/physical_parameters.yaml
[20.525s] -- Installing: /home/habibahassan/project/install/ur_description/share/ur_description/config/ur3/default_kinematics.yaml
[20.525s] -- Installing: /home/habibahassan/project/install/ur_description/share/ur_description/config/ur3/joint_limits.yaml
[20.525s] -- Installing: /home/habibahassan/project/install/ur_description/share/ur_description/config/ur3/visual_parameters.yaml
[20.525s] -- Installing: /home/habibahassan/project/install/ur_description/share/ur_description/config/ur10e
[20.525s] -- Installing: /home/habibahassan/project/install/ur_description/share/ur_description/config/ur10e/physical_parameters.yaml
[20.525s] -- Installing: /home/habibahassan/project/install/ur_description/share/ur_description/config/ur10e/default_kinematics.yaml
[20.526s] -- Installing: /home/habibahassan/project/install/ur_description/share/ur_description/config/ur10e/joint_limits.yaml
[20.549s] -- Installing: /home/habibahassan/project/install/ur_description/share/ur_description/config/ur10e/visual_parameters.yaml
[20.549s] -- Installing: /home/habibahassan/project/install/ur_description/share/ur_description/launch
[20.549s] -- Installing: /home/habibahassan/project/install/ur_description/share/ur_description/launch/view_ur.launch.py
[20.550s] -- Installing: /home/habibahassan/project/install/ur_description/share/ur_description/meshes
[20.550s] -- Installing: /home/habibahassan/project/install/ur_description/share/ur_description/meshes/ur20
[20.550s] -- Installing: /home/habibahassan/project/install/ur_description/share/ur_description/meshes/ur20/collision
[20.550s] -- Installing: /home/habibahassan/project/install/ur_description/share/ur_description/meshes/ur20/collision/base.stl
[20.550s] -- Installing: /home/habibahassan/project/install/ur_description/share/ur_description/meshes/ur20/collision/wrist2.stl
[20.551s] -- Installing: /home/habibahassan/project/install/ur_description/share/ur_description/meshes/ur20/collision/wrist3.stl
[20.551s] -- Installing: /home/habibahassan/project/install/ur_description/share/ur_description/meshes/ur20/collision/shoulder.stl
[20.551s] -- Installing: /home/habibahassan/project/install/ur_description/share/ur_description/meshes/ur20/collision/wrist1.stl
[20.551s] -- Installing: /home/habibahassan/project/install/ur_description/share/ur_description/meshes/ur20/collision/forearm.stl
[20.551s] -- Installing: /home/habibahassan/project/install/ur_description/share/ur_description/meshes/ur20/collision/upperarm.stl
[20.552s] -- Installing: /home/habibahassan/project/install/ur_description/share/ur_description/meshes/ur20/LICENSE.txt
[20.552s] -- Installing: /home/habibahassan/project/install/ur_description/share/ur_description/meshes/ur20/visual
[20.552s] -- Installing: /home/habibahassan/project/install/ur_description/share/ur_description/meshes/ur20/visual/wrist3.dae
[20.552s] -- Installing: /home/habibahassan/project/install/ur_description/share/ur_description/meshes/ur20/visual/wrist2.dae
[20.554s] -- Installing: /home/habibahassan/project/install/ur_description/share/ur_description/meshes/ur20/visual/upperarm.dae
[20.556s] -- Installing: /home/habibahassan/project/install/ur_description/share/ur_description/meshes/ur20/visual/shoulder.dae
[20.557s] -- Installing: /home/habibahassan/project/install/ur_description/share/ur_description/meshes/ur20/visual/wrist1.dae
[20.557s] -- Installing: /home/habibahassan/project/install/ur_description/share/ur_description/meshes/ur20/visual/forearm.dae
[20.557s] -- Installing: /home/habibahassan/project/install/ur_description/share/ur_description/meshes/ur20/visual/base.dae
[20.558s] -- Installing: /home/habibahassan/project/install/ur_description/share/ur_description/meshes/ur20/visual/UR20_DIFF_8bit_2K.png
[20.558s] -- Installing: /home/habibahassan/project/install/ur_description/share/ur_description/meshes/ur30
[20.558s] -- Installing: /home/habibahassan/project/install/ur_description/share/ur_description/meshes/ur30/collision
[20.558s] -- Installing: /home/habibahassan/project/install/ur_description/share/ur_description/meshes/ur30/collision/forearm.stl
[20.558s] -- Installing: /home/habibahassan/project/install/ur_description/share/ur_description/meshes/ur30/collision/upperarm.stl
[20.559s] -- Installing: /home/habibahassan/project/install/ur_description/share/ur_description/meshes/ur30/LICENSE.txt
[20.559s] -- Installing: /home/habibahassan/project/install/ur_description/share/ur_description/meshes/ur30/visual
[20.559s] -- Installing: /home/habibahassan/project/install/ur_description/share/ur_description/meshes/ur30/visual/upperarm.dae
[20.559s] -- Installing: /home/habibahassan/project/install/ur_description/share/ur_description/meshes/ur30/visual/UR30_DIFF_8bit_2K.png
[20.559s] -- Installing: /home/habibahassan/project/install/ur_description/share/ur_description/meshes/ur30/visual/forearm.dae
[20.560s] -- Installing: /home/habibahassan/project/install/ur_description/share/ur_description/meshes/ur5
[20.560s] -- Installing: /home/habibahassan/project/install/ur_description/share/ur_description/meshes/ur5/collision
[20.560s] -- Installing: /home/habibahassan/project/install/ur_description/share/ur_description/meshes/ur5/collision/base.stl
[20.560s] -- Installing: /home/habibahassan/project/install/ur_description/share/ur_description/meshes/ur5/collision/wrist2.stl
[20.560s] -- Installing: /home/habibahassan/project/install/ur_description/share/ur_description/meshes/ur5/collision/wrist3.stl
[20.561s] -- Installing: /home/habibahassan/project/install/ur_description/share/ur_description/meshes/ur5/collision/shoulder.stl
[20.561s] -- Installing: /home/habibahassan/project/install/ur_description/share/ur_description/meshes/ur5/collision/wrist1.stl
[20.561s] -- Installing: /home/habibahassan/project/install/ur_description/share/ur_description/meshes/ur5/collision/forearm.stl
[20.561s] -- Installing: /home/habibahassan/project/install/ur_description/share/ur_description/meshes/ur5/collision/upperarm.stl
[20.562s] -- Installing: /home/habibahassan/project/install/ur_description/share/ur_description/meshes/ur5/visual
[20.562s] -- Installing: /home/habibahassan/project/install/ur_description/share/ur_description/meshes/ur5/visual/wrist3.dae
[20.562s] -- Installing: /home/habibahassan/project/install/ur_description/share/ur_description/meshes/ur5/visual/wrist2.dae
[20.562s] -- Installing: /home/habibahassan/project/install/ur_description/share/ur_description/meshes/ur5/visual/upperarm.dae
[20.562s] -- Installing: /home/habibahassan/project/install/ur_description/share/ur_description/meshes/ur5/visual/shoulder.dae
[20.563s] -- Installing: /home/habibahassan/project/install/ur_description/share/ur_description/meshes/ur5/visual/wrist1.dae
[20.563s] -- Installing: /home/habibahassan/project/install/ur_description/share/ur_description/meshes/ur5/visual/forearm.dae
[20.563s] -- Installing: /home/habibahassan/project/install/ur_description/share/ur_description/meshes/ur5/visual/base.dae
[20.563s] -- Installing: /home/habibahassan/project/install/ur_description/share/ur_description/meshes/ur5e
[20.563s] -- Installing: /home/habibahassan/project/install/ur_description/share/ur_description/meshes/ur5e/collision
[20.563s] -- Installing: /home/habibahassan/project/install/ur_description/share/ur_description/meshes/ur5e/collision/base.stl
[20.564s] -- Installing: /home/habibahassan/project/install/ur_description/share/ur_description/meshes/ur5e/collision/wrist2.stl
[20.564s] -- Installing: /home/habibahassan/project/install/ur_description/share/ur_description/meshes/ur5e/collision/wrist3.stl
[20.564s] -- Installing: /home/habibahassan/project/install/ur_description/share/ur_description/meshes/ur5e/collision/shoulder.stl
[20.564s] -- Installing: /home/habibahassan/project/install/ur_description/share/ur_description/meshes/ur5e/collision/wrist1.stl
[20.564s] -- Installing: /home/habibahassan/project/install/ur_description/share/ur_description/meshes/ur5e/collision/forearm.stl
[20.565s] -- Installing: /home/habibahassan/project/install/ur_description/share/ur_description/meshes/ur5e/collision/upperarm.stl
[20.565s] -- Installing: /home/habibahassan/project/install/ur_description/share/ur_description/meshes/ur5e/visual
[20.565s] -- Installing: /home/habibahassan/project/install/ur_description/share/ur_description/meshes/ur5e/visual/wrist3.dae
[20.565s] -- Installing: /home/habibahassan/project/install/ur_description/share/ur_description/meshes/ur5e/visual/wrist2.dae
[20.566s] -- Installing: /home/habibahassan/project/install/ur_description/share/ur_description/meshes/ur5e/visual/upperarm.dae
[20.566s] -- Installing: /home/habibahassan/project/install/ur_description/share/ur_description/meshes/ur5e/visual/shoulder.dae
[20.566s] -- Installing: /home/habibahassan/project/install/ur_description/share/ur_description/meshes/ur5e/visual/wrist1.dae
[20.566s] -- Installing: /home/habibahassan/project/install/ur_description/share/ur_description/meshes/ur5e/visual/forearm.dae
[20.566s] -- Installing: /home/habibahassan/project/install/ur_description/share/ur_description/meshes/ur5e/visual/base.dae
[20.566s] -- Installing: /home/habibahassan/project/install/ur_description/share/ur_description/meshes/ur16e
[20.567s] -- Installing: /home/habibahassan/project/install/ur_description/share/ur_description/meshes/ur16e/collision
[20.567s] -- Installing: /home/habibahassan/project/install/ur_description/share/ur_description/meshes/ur16e/collision/forearm.stl
[20.567s] -- Installing: /home/habibahassan/project/install/ur_description/share/ur_description/meshes/ur16e/collision/upperarm.stl
[20.567s] -- Installing: /home/habibahassan/project/install/ur_description/share/ur_description/meshes/ur16e/visual
[20.567s] -- Installing: /home/habibahassan/project/install/ur_description/share/ur_description/meshes/ur16e/visual/upperarm.dae
[20.568s] -- Installing: /home/habibahassan/project/install/ur_description/share/ur_description/meshes/ur16e/visual/forearm.dae
[20.578s] -- Installing: /home/habibahassan/project/install/ur_description/share/ur_description/meshes/ur10
[20.581s] -- Installing: /home/habibahassan/project/install/ur_description/share/ur_description/meshes/ur10/collision
[20.583s] -- Installing: /home/habibahassan/project/install/ur_description/share/ur_description/meshes/ur10/collision/base.stl
[20.584s] -- Installing: /home/habibahassan/project/install/ur_description/share/ur_description/meshes/ur10/collision/wrist2.stl
[20.584s] -- Installing: /home/habibahassan/project/install/ur_description/share/ur_description/meshes/ur10/collision/wrist3.stl
[20.584s] -- Installing: /home/habibahassan/project/install/ur_description/share/ur_description/meshes/ur10/collision/shoulder.stl
[20.608s] -- Installing: /home/habibahassan/project/install/ur_description/share/ur_description/meshes/ur10/collision/wrist1.stl
[20.622s] -- Installing: /home/habibahassan/project/install/ur_description/share/ur_description/meshes/ur10/collision/forearm.stl
[20.623s] -- Installing: /home/habibahassan/project/install/ur_description/share/ur_description/meshes/ur10/collision/upperarm.stl
[20.623s] -- Installing: /home/habibahassan/project/install/ur_description/share/ur_description/meshes/ur10/visual
[20.623s] -- Installing: /home/habibahassan/project/install/ur_description/share/ur_description/meshes/ur10/visual/wrist3.dae
[20.624s] -- Installing: /home/habibahassan/project/install/ur_description/share/ur_description/meshes/ur10/visual/wrist2.dae
[20.624s] -- Installing: /home/habibahassan/project/install/ur_description/share/ur_description/meshes/ur10/visual/upperarm.dae
[20.624s] -- Installing: /home/habibahassan/project/install/ur_description/share/ur_description/meshes/ur10/visual/shoulder.dae
[20.624s] -- Installing: /home/habibahassan/project/install/ur_description/share/ur_description/meshes/ur10/visual/wrist1.dae
[20.625s] -- Installing: /home/habibahassan/project/install/ur_description/share/ur_description/meshes/ur10/visual/forearm.dae
[20.625s] -- Installing: /home/habibahassan/project/install/ur_description/share/ur_description/meshes/ur10/visual/base.dae
[20.625s] -- Installing: /home/habibahassan/project/install/ur_description/share/ur_description/meshes/ur3e
[20.625s] -- Installing: /home/habibahassan/project/install/ur_description/share/ur_description/meshes/ur3e/collision
[20.625s] -- Installing: /home/habibahassan/project/install/ur_description/share/ur_description/meshes/ur3e/collision/base.stl
[20.626s] -- Installing: /home/habibahassan/project/install/ur_description/share/ur_description/meshes/ur3e/collision/wrist2.stl
[20.626s] -- Installing: /home/habibahassan/project/install/ur_description/share/ur_description/meshes/ur3e/collision/wrist3.stl
[20.626s] -- Installing: /home/habibahassan/project/install/ur_description/share/ur_description/meshes/ur3e/collision/shoulder.stl
[20.626s] -- Installing: /home/habibahassan/project/install/ur_description/share/ur_description/meshes/ur3e/collision/wrist1.stl
[20.627s] -- Installing: /home/habibahassan/project/install/ur_description/share/ur_description/meshes/ur3e/collision/forearm.stl
[20.627s] -- Installing: /home/habibahassan/project/install/ur_description/share/ur_description/meshes/ur3e/collision/upperarm.stl
[20.627s] -- Installing: /home/habibahassan/project/install/ur_description/share/ur_description/meshes/ur3e/visual
[20.627s] -- Installing: /home/habibahassan/project/install/ur_description/share/ur_description/meshes/ur3e/visual/wrist3.dae
[20.627s] -- Installing: /home/habibahassan/project/install/ur_description/share/ur_description/meshes/ur3e/visual/wrist2.dae
[20.640s] -- Installing: /home/habibahassan/project/install/ur_description/share/ur_description/meshes/ur3e/visual/upperarm.dae
[20.640s] -- Installing: /home/habibahassan/project/install/ur_description/share/ur_description/meshes/ur3e/visual/shoulder.dae
[20.640s] -- Installing: /home/habibahassan/project/install/ur_description/share/ur_description/meshes/ur3e/visual/wrist1.dae
[20.640s] -- Installing: /home/habibahassan/project/install/ur_description/share/ur_description/meshes/ur3e/visual/forearm.dae
[20.641s] -- Installing: /home/habibahassan/project/install/ur_description/share/ur_description/meshes/ur3e/visual/base.dae
[20.641s] -- Installing: /home/habibahassan/project/install/ur_description/share/ur_description/meshes/ur3
[20.641s] -- Installing: /home/habibahassan/project/install/ur_description/share/ur_description/meshes/ur3/collision
[20.642s] -- Installing: /home/habibahassan/project/install/ur_description/share/ur_description/meshes/ur3/collision/base.stl
[20.643s] -- Installing: /home/habibahassan/project/install/ur_description/share/ur_description/meshes/ur3/collision/wrist2.stl
[20.644s] -- Installing: /home/habibahassan/project/install/ur_description/share/ur_description/meshes/ur3/collision/wrist3.stl
[20.648s] -- Installing: /home/habibahassan/project/install/ur_description/share/ur_description/meshes/ur3/collision/shoulder.stl
[20.649s] -- Installing: /home/habibahassan/project/install/ur_description/share/ur_description/meshes/ur3/collision/wrist1.stl
[20.649s] -- Installing: /home/habibahassan/project/install/ur_description/share/ur_description/meshes/ur3/collision/forearm.stl
[20.649s] -- Installing: /home/habibahassan/project/install/ur_description/share/ur_description/meshes/ur3/collision/upperarm.stl
[20.649s] -- Installing: /home/habibahassan/project/install/ur_description/share/ur_description/meshes/ur3/visual
[20.650s] -- Installing: /home/habibahassan/project/install/ur_description/share/ur_description/meshes/ur3/visual/wrist3.dae
[20.650s] -- Installing: /home/habibahassan/project/install/ur_description/share/ur_description/meshes/ur3/visual/wrist2.dae
[20.660s] -- Installing: /home/habibahassan/project/install/ur_description/share/ur_description/meshes/ur3/visual/upperarm.dae
[20.661s] -- Installing: /home/habibahassan/project/install/ur_description/share/ur_description/meshes/ur3/visual/shoulder.dae
[20.663s] -- Installing: /home/habibahassan/project/install/ur_description/share/ur_description/meshes/ur3/visual/wrist1.dae
[20.663s] -- Installing: /home/habibahassan/project/install/ur_description/share/ur_description/meshes/ur3/visual/forearm.dae
[20.663s] -- Installing: /home/habibahassan/project/install/ur_description/share/ur_description/meshes/ur3/visual/base.dae
[20.664s] -- Installing: /home/habibahassan/project/install/ur_description/share/ur_description/meshes/ur10e
[20.664s] -- Installing: /home/habibahassan/project/install/ur_description/share/ur_description/meshes/ur10e/collision
[20.664s] -- Installing: /home/habibahassan/project/install/ur_description/share/ur_description/meshes/ur10e/collision/base.stl
[20.665s] -- Installing: /home/habibahassan/project/install/ur_description/share/ur_description/meshes/ur10e/collision/wrist2.stl
[20.665s] -- Installing: /home/habibahassan/project/install/ur_description/share/ur_description/meshes/ur10e/collision/wrist3.stl
[20.665s] -- Installing: /home/habibahassan/project/install/ur_description/share/ur_description/meshes/ur10e/collision/shoulder.stl
[20.666s] -- Installing: /home/habibahassan/project/install/ur_description/share/ur_description/meshes/ur10e/collision/wrist1.stl
[20.666s] -- Installing: /home/habibahassan/project/install/ur_description/share/ur_description/meshes/ur10e/collision/forearm.stl
[20.666s] -- Installing: /home/habibahassan/project/install/ur_description/share/ur_description/meshes/ur10e/collision/upperarm.stl
[20.669s] -- Installing: /home/habibahassan/project/install/ur_description/share/ur_description/meshes/ur10e/visual
[20.678s] -- Installing: /home/habibahassan/project/install/ur_description/share/ur_description/meshes/ur10e/visual/wrist3.dae
[20.678s] -- Installing: /home/habibahassan/project/install/ur_description/share/ur_description/meshes/ur10e/visual/wrist2.dae
[20.678s] -- Installing: /home/habibahassan/project/install/ur_description/share/ur_description/meshes/ur10e/visual/upperarm.dae
[20.705s] -- Installing: /home/habibahassan/project/install/ur_description/share/ur_description/meshes/ur10e/visual/shoulder.dae
[20.746s] -- Installing: /home/habibahassan/project/install/ur_description/share/ur_description/meshes/ur10e/visual/wrist1.dae
[20.775s] -- Installing: /home/habibahassan/project/install/ur_description/share/ur_description/meshes/ur10e/visual/forearm.dae
[20.785s] -- Installing: /home/habibahassan/project/install/ur_description/share/ur_description/meshes/ur10e/visual/base.dae
[20.802s] -- Installing: /home/habibahassan/project/install/ur_description/share/ur_description/rviz
[20.804s] -- Installing: /home/habibahassan/project/install/ur_description/share/ur_description/rviz/view_robot.rviz
[20.805s] -- Installing: /home/habibahassan/project/install/ur_description/share/ur_description/urdf
[20.805s] -- Installing: /home/habibahassan/project/install/ur_description/share/ur_description/urdf/inc
[20.805s] -- Installing: /home/habibahassan/project/install/ur_description/share/ur_description/urdf/inc/ur_sensors.xacro
[20.805s] -- Installing: /home/habibahassan/project/install/ur_description/share/ur_description/urdf/inc/ur_transmissions.xacro
[20.809s] -- Installing: /home/habibahassan/project/install/ur_description/share/ur_description/urdf/inc/ur_common.xacro
[20.847s] -- Installing: /home/habibahassan/project/install/ur_description/share/ur_description/urdf/inc/ur_joint_control.xacro
[20.847s] -- Installing: /home/habibahassan/project/install/ur_description/share/ur_description/urdf/ur_macro.xacro
[20.862s] -- Installing: /home/habibahassan/project/install/ur_description/share/ur_description/urdf/ros2_control_mock_hardware.xacro
[20.876s] -- Installing: /home/habibahassan/project/install/ur_description/share/ur_description/urdf/ur_mocked.urdf.xacro
[20.889s] -- Installing: /home/habibahassan/project/install/ur_description/share/ur_description/urdf/ur.urdf.xacro
[20.889s] -- Installing: /home/habibahassan/project/install/ur_description/share/ur_description/test
[20.889s] -- Installing: /home/habibahassan/project/install/ur_description/share/ur_description/test/test_view_ur_launch.py
[20.890s] -- Installing: /home/habibahassan/project/install/ur_description/share/ur_description/test/test_ur_urdf_xacro.py
[20.890s] -- Installing: /home/habibahassan/project/install/ur_description/share/ament_index/resource_index/package_run_dependencies/ur_description
[20.890s] -- Installing: /home/habibahassan/project/install/ur_description/share/ament_index/resource_index/parent_prefix_path/ur_description
[20.890s] -- Installing: /home/habibahassan/project/install/ur_description/share/ur_description/environment/ament_prefix_path.sh
[20.890s] -- Installing: /home/habibahassan/project/install/ur_description/share/ur_description/environment/ament_prefix_path.dsv
[20.891s] -- Installing: /home/habibahassan/project/install/ur_description/share/ur_description/environment/path.sh
[20.891s] -- Installing: /home/habibahassan/project/install/ur_description/share/ur_description/environment/path.dsv
[20.891s] -- Installing: /home/habibahassan/project/install/ur_description/share/ur_description/local_setup.bash
[20.891s] -- Installing: /home/habibahassan/project/install/ur_description/share/ur_description/local_setup.sh
[20.891s] -- Installing: /home/habibahassan/project/install/ur_description/share/ur_description/local_setup.zsh
[20.892s] -- Installing: /home/habibahassan/project/install/ur_description/share/ur_description/local_setup.dsv
[20.892s] -- Installing: /home/habibahassan/project/install/ur_description/share/ur_description/package.dsv
[20.892s] -- Installing: /home/habibahassan/project/install/ur_description/share/ament_index/resource_index/packages/ur_description
[20.893s] -- Installing: /home/habibahassan/project/install/ur_description/share/ur_description/cmake/ur_descriptionConfig.cmake
[20.893s] -- Installing: /home/habibahassan/project/install/ur_description/share/ur_description/cmake/ur_descriptionConfig-version.cmake
[20.893s] -- Installing: /home/habibahassan/project/install/ur_description/share/ur_description/package.xml
[21.121s] Invoked command in '/home/habibahassan/project/build/ur_description' returned '0': CMAKE_PREFIX_PATH=${CMAKE_PREFIX_PATH}:/home/habibahassan/project/install/moveit_configs_utils:/opt/ros/jazzy DEBUGINFOD_URLS=https://debuginfod.ubuntu.com /usr/bin/cmake --install /home/habibahassan/project/build/ur_description
