[ 10%] Built target gtest_main
[ 10%] Built target gtest
[ 12%] [32mBuilding CXX object ompl_interface/CMakeFiles/moveit_ompl_interface.dir/src/parameterization/model_based_state_space_factory.cpp.o[0m
[ 15%] [32mBuilding CXX object ompl_interface/CMakeFiles/moveit_ompl_interface.dir/src/parameterization/joint_space/constrained_planning_state_space_factory.cpp.o[0m
[ 17%] [32mBuilding CXX object ompl_interface/CMakeFiles/moveit_ompl_interface.dir/src/parameterization/joint_space/joint_model_state_space.cpp.o[0m
[ 20%] [32mBuilding CXX object ompl_interface/CMakeFiles/moveit_ompl_interface.dir/src/parameterization/joint_space/joint_model_state_space_factory.cpp.o[0m
[ 22%] [32mBuilding CXX object ompl_interface/CMakeFiles/moveit_ompl_interface.dir/src/parameterization/work_space/pose_model_state_space.cpp.o[0m
[ 27%] [32mBuilding CXX object ompl_interface/CMakeFiles/moveit_ompl_interface.dir/src/detail/ompl_constraints.cpp.o[0m
[ 27%] [32mBuilding CXX object ompl_interface/CMakeFiles/moveit_ompl_interface.dir/src/model_based_planning_context.cpp.o[0m
[ 30%] [32mBuilding CXX object ompl_interface/CMakeFiles/moveit_ompl_interface.dir/src/parameterization/work_space/pose_model_state_space_factory.cpp.o[0m
[ 32%] [32mBuilding CXX object ompl_interface/CMakeFiles/moveit_ompl_interface.dir/src/detail/threadsafe_state_storage.cpp.o[0m
[ 35%] [32mBuilding CXX object ompl_interface/CMakeFiles/moveit_ompl_interface.dir/src/detail/state_validity_checker.cpp.o[0m
[ 37%] [32mBuilding CXX object ompl_interface/CMakeFiles/moveit_ompl_interface.dir/src/detail/projection_evaluators.cpp.o[0m
[ 40%] [32mBuilding CXX object ompl_interface/CMakeFiles/moveit_ompl_interface.dir/src/detail/goal_union.cpp.o[0m
[ 42%] [32mBuilding CXX object ompl_interface/CMakeFiles/moveit_ompl_interface.dir/src/detail/constraints_library.cpp.o[0m
[ 45%] [32mBuilding CXX object ompl_interface/CMakeFiles/moveit_ompl_interface.dir/src/detail/constrained_sampler.cpp.o[0m
[ 47%] [32mBuilding CXX object ompl_interface/CMakeFiles/moveit_ompl_interface.dir/src/detail/constrained_goal_sampler.cpp.o[0m
[ 50%] [32m[1mLinking CXX shared library libmoveit_ompl_interface.so[0m
[ 60%] Built target moveit_ompl_interface
[ 62%] [32mBuilding CXX object ompl_interface/CMakeFiles/test_state_space.dir/test/test_state_space.cpp.o[0m
[ 65%] [32mBuilding CXX object ompl_interface/CMakeFiles/test_threadsafe_state_storage.dir/test/test_threadsafe_state_storage.cpp.o[0m
[ 67%] [32mBuilding CXX object ompl_interface/CMakeFiles/test_constrained_planning_state_space.dir/test/test_constrained_planning_state_space.cpp.o[0m
[ 70%] [32mBuilding CXX object ompl_interface/CMakeFiles/test_state_validity_checker.dir/test/test_state_validity_checker.cpp.o[0m
[ 72%] [32mBuilding CXX object ompl_interface/CMakeFiles/test_planning_context_manager.dir/test/test_planning_context_manager.cpp.o[0m
[ 77%] [32mBuilding CXX object ompl_interface/CMakeFiles/test_constrained_state_validity_checker.dir/test/test_constrained_state_validity_checker.cpp.o[0m
[ 77%] [32mBuilding CXX object ompl_interface/CMakeFiles/moveit_ompl_planner_plugin.dir/src/ompl_planner_manager.cpp.o[0m
[ 80%] [32mBuilding CXX object ompl_interface/CMakeFiles/moveit_generate_state_database.dir/scripts/generate_state_database.cpp.o[0m
[ 82%] [32m[1mLinking CXX executable test_threadsafe_state_storage[0m
[ 82%] Built target test_threadsafe_state_storage
[ 85%] [32m[1mLinking CXX executable test_state_space[0m
[ 85%] Built target test_state_space
[ 87%] [32m[1mLinking CXX executable test_constrained_planning_state_space[0m
[ 87%] Built target test_constrained_planning_state_space
[ 90%] [32m[1mLinking CXX executable test_state_validity_checker[0m
[ 92%] [32m[1mLinking CXX shared library libmoveit_ompl_planner_plugin.so[0m
[ 92%] Built target test_state_validity_checker
[ 92%] Built target moveit_ompl_planner_plugin
[ 95%] [32m[1mLinking CXX executable test_constrained_state_validity_checker[0m
[ 95%] Built target test_constrained_state_validity_checker
[ 97%] [32m[1mLinking CXX executable generate_state_database[0m
[100%] [32m[1mLinking CXX executable test_planning_context_manager[0m
[100%] Built target moveit_generate_state_database
[100%] Built target test_planning_context_manager
-- Install configuration: "Release"
-- Installing: /home/habibahassan/project/install/moveit_planners_ompl/lib/moveit_planners_ompl/generate_state_database
-- Set non-toolchain portion of runtime path of "/home/habibahassan/project/install/moveit_planners_ompl/lib/moveit_planners_ompl/generate_state_database" to ""
-- Installing: /home/habibahassan/project/install/moveit_planners_ompl/include/moveit_planners
-- Installing: /home/habibahassan/project/install/moveit_planners_ompl/include/moveit_planners/moveit
-- Installing: /home/habibahassan/project/install/moveit_planners_ompl/include/moveit_planners/moveit/ompl_interface
-- Installing: /home/habibahassan/project/install/moveit_planners_ompl/include/moveit_planners/moveit/ompl_interface/planning_context_manager.h
-- Installing: /home/habibahassan/project/install/moveit_planners_ompl/include/moveit_planners/moveit/ompl_interface/parameterization
-- Installing: /home/habibahassan/project/install/moveit_planners_ompl/include/moveit_planners/moveit/ompl_interface/parameterization/joint_space
-- Installing: /home/habibahassan/project/install/moveit_planners_ompl/include/moveit_planners/moveit/ompl_interface/parameterization/joint_space/constrained_planning_state_space_factory.hpp
-- Installing: /home/habibahassan/project/install/moveit_planners_ompl/include/moveit_planners/moveit/ompl_interface/parameterization/joint_space/constrained_planning_state_space.hpp
-- Installing: /home/habibahassan/project/install/moveit_planners_ompl/include/moveit_planners/moveit/ompl_interface/parameterization/joint_space/joint_model_state_space_factory.h
-- Installing: /home/habibahassan/project/install/moveit_planners_ompl/include/moveit_planners/moveit/ompl_interface/parameterization/joint_space/joint_model_state_space.hpp
-- Installing: /home/habibahassan/project/install/moveit_planners_ompl/include/moveit_planners/moveit/ompl_interface/parameterization/joint_space/joint_model_state_space_factory.hpp
-- Installing: /home/habibahassan/project/install/moveit_planners_ompl/include/moveit_planners/moveit/ompl_interface/parameterization/joint_space/joint_model_state_space.h
-- Installing: /home/habibahassan/project/install/moveit_planners_ompl/include/moveit_planners/moveit/ompl_interface/parameterization/joint_space/constrained_planning_state_space.h
-- Installing: /home/habibahassan/project/install/moveit_planners_ompl/include/moveit_planners/moveit/ompl_interface/parameterization/joint_space/constrained_planning_state_space_factory.h
-- Installing: /home/habibahassan/project/install/moveit_planners_ompl/include/moveit_planners/moveit/ompl_interface/parameterization/model_based_state_space.hpp
-- Installing: /home/habibahassan/project/install/moveit_planners_ompl/include/moveit_planners/moveit/ompl_interface/parameterization/model_based_state_space.h
-- Installing: /home/habibahassan/project/install/moveit_planners_ompl/include/moveit_planners/moveit/ompl_interface/parameterization/work_space
-- Installing: /home/habibahassan/project/install/moveit_planners_ompl/include/moveit_planners/moveit/ompl_interface/parameterization/work_space/pose_model_state_space_factory.hpp
-- Installing: /home/habibahassan/project/install/moveit_planners_ompl/include/moveit_planners/moveit/ompl_interface/parameterization/work_space/pose_model_state_space.h
-- Installing: /home/habibahassan/project/install/moveit_planners_ompl/include/moveit_planners/moveit/ompl_interface/parameterization/work_space/pose_model_state_space_factory.h
-- Installing: /home/habibahassan/project/install/moveit_planners_ompl/include/moveit_planners/moveit/ompl_interface/parameterization/work_space/pose_model_state_space.hpp
-- Installing: /home/habibahassan/project/install/moveit_planners_ompl/include/moveit_planners/moveit/ompl_interface/parameterization/model_based_state_space_factory.hpp
-- Installing: /home/habibahassan/project/install/moveit_planners_ompl/include/moveit_planners/moveit/ompl_interface/parameterization/model_based_state_space_factory.h
-- Installing: /home/habibahassan/project/install/moveit_planners_ompl/include/moveit_planners/moveit/ompl_interface/planning_context_manager.hpp
-- Installing: /home/habibahassan/project/install/moveit_planners_ompl/include/moveit_planners/moveit/ompl_interface/ompl_interface.h
-- Installing: /home/habibahassan/project/install/moveit_planners_ompl/include/moveit_planners/moveit/ompl_interface/ompl_interface.hpp
-- Installing: /home/habibahassan/project/install/moveit_planners_ompl/include/moveit_planners/moveit/ompl_interface/model_based_planning_context.h
-- Installing: /home/habibahassan/project/install/moveit_planners_ompl/include/moveit_planners/moveit/ompl_interface/detail
-- Installing: /home/habibahassan/project/install/moveit_planners_ompl/include/moveit_planners/moveit/ompl_interface/detail/constrained_goal_sampler.h
-- Installing: /home/habibahassan/project/install/moveit_planners_ompl/include/moveit_planners/moveit/ompl_interface/detail/threadsafe_state_storage.hpp
-- Installing: /home/habibahassan/project/install/moveit_planners_ompl/include/moveit_planners/moveit/ompl_interface/detail/constraints_library.hpp
-- Installing: /home/habibahassan/project/install/moveit_planners_ompl/include/moveit_planners/moveit/ompl_interface/detail/constrained_sampler.hpp
-- Installing: /home/habibahassan/project/install/moveit_planners_ompl/include/moveit_planners/moveit/ompl_interface/detail/state_validity_checker.h
-- Installing: /home/habibahassan/project/install/moveit_planners_ompl/include/moveit_planners/moveit/ompl_interface/detail/goal_union.hpp
-- Installing: /home/habibahassan/project/install/moveit_planners_ompl/include/moveit_planners/moveit/ompl_interface/detail/projection_evaluators.hpp
-- Installing: /home/habibahassan/project/install/moveit_planners_ompl/include/moveit_planners/moveit/ompl_interface/detail/ompl_constraints.h
-- Installing: /home/habibahassan/project/install/moveit_planners_ompl/include/moveit_planners/moveit/ompl_interface/detail/ompl_constraints.hpp
-- Installing: /home/habibahassan/project/install/moveit_planners_ompl/include/moveit_planners/moveit/ompl_interface/detail/constraints_library.h
-- Installing: /home/habibahassan/project/install/moveit_planners_ompl/include/moveit_planners/moveit/ompl_interface/detail/state_validity_checker.hpp
-- Installing: /home/habibahassan/project/install/moveit_planners_ompl/include/moveit_planners/moveit/ompl_interface/detail/projection_evaluators.h
-- Installing: /home/habibahassan/project/install/moveit_planners_ompl/include/moveit_planners/moveit/ompl_interface/detail/constrained_goal_sampler.hpp
-- Installing: /home/habibahassan/project/install/moveit_planners_ompl/include/moveit_planners/moveit/ompl_interface/detail/goal_union.h
-- Installing: /home/habibahassan/project/install/moveit_planners_ompl/include/moveit_planners/moveit/ompl_interface/detail/threadsafe_state_storage.h
-- Installing: /home/habibahassan/project/install/moveit_planners_ompl/include/moveit_planners/moveit/ompl_interface/detail/constrained_sampler.h
-- Installing: /home/habibahassan/project/install/moveit_planners_ompl/include/moveit_planners/moveit/ompl_interface/detail/constraint_approximations.h
-- Installing: /home/habibahassan/project/install/moveit_planners_ompl/include/moveit_planners/moveit/ompl_interface/detail/constraint_approximations.hpp
-- Installing: /home/habibahassan/project/install/moveit_planners_ompl/include/moveit_planners/moveit/ompl_interface/model_based_planning_context.hpp
-- Installing: /home/habibahassan/project/install/moveit_planners_ompl/lib/libmoveit_ompl_interface.so.2.13.0
-- Set non-toolchain portion of runtime path of "/home/habibahassan/project/install/moveit_planners_ompl/lib/libmoveit_ompl_interface.so.2.13.0" to ""
-- Installing: /home/habibahassan/project/install/moveit_planners_ompl/lib/libmoveit_ompl_interface.so
-- Installing: /home/habibahassan/project/install/moveit_planners_ompl/lib/libmoveit_ompl_planner_plugin.so.2.13.0
-- Set non-toolchain portion of runtime path of "/home/habibahassan/project/install/moveit_planners_ompl/lib/libmoveit_ompl_planner_plugin.so.2.13.0" to ""
-- Installing: /home/habibahassan/project/install/moveit_planners_ompl/lib/libmoveit_ompl_planner_plugin.so
-- Installing: /home/habibahassan/project/install/moveit_planners_ompl/share/moveit_planners_ompl/environment/library_path.sh
-- Installing: /home/habibahassan/project/install/moveit_planners_ompl/share/moveit_planners_ompl/environment/library_path.dsv
-- Installing: /home/habibahassan/project/install/moveit_planners_ompl/share/moveit_planners_ompl/ompl_interface_plugin_description.xml
-- Installing: /home/habibahassan/project/install/moveit_planners_ompl/share/ament_index/resource_index/package_run_dependencies/moveit_planners_ompl
-- Installing: /home/habibahassan/project/install/moveit_planners_ompl/share/ament_index/resource_index/parent_prefix_path/moveit_planners_ompl
-- Installing: /home/habibahassan/project/install/moveit_planners_ompl/share/moveit_planners_ompl/environment/ament_prefix_path.sh
-- Installing: /home/habibahassan/project/install/moveit_planners_ompl/share/moveit_planners_ompl/environment/ament_prefix_path.dsv
-- Installing: /home/habibahassan/project/install/moveit_planners_ompl/share/moveit_planners_ompl/environment/path.sh
-- Installing: /home/habibahassan/project/install/moveit_planners_ompl/share/moveit_planners_ompl/environment/path.dsv
-- Installing: /home/habibahassan/project/install/moveit_planners_ompl/share/moveit_planners_ompl/local_setup.bash
-- Installing: /home/habibahassan/project/install/moveit_planners_ompl/share/moveit_planners_ompl/local_setup.sh
-- Installing: /home/habibahassan/project/install/moveit_planners_ompl/share/moveit_planners_ompl/local_setup.zsh
-- Installing: /home/habibahassan/project/install/moveit_planners_ompl/share/moveit_planners_ompl/local_setup.dsv
-- Installing: /home/habibahassan/project/install/moveit_planners_ompl/share/moveit_planners_ompl/package.dsv
-- Installing: /home/habibahassan/project/install/moveit_planners_ompl/share/ament_index/resource_index/packages/moveit_planners_ompl
-- Installing: /home/habibahassan/project/install/moveit_planners_ompl/share/ament_index/resource_index/moveit_core__pluginlib__plugin/moveit_planners_ompl
-- Installing: /home/habibahassan/project/install/moveit_planners_ompl/share/moveit_planners_ompl/cmake/moveit_planners_omplTargetsExport.cmake
-- Installing: /home/habibahassan/project/install/moveit_planners_ompl/share/moveit_planners_ompl/cmake/moveit_planners_omplTargetsExport-release.cmake
-- Installing: /home/habibahassan/project/install/moveit_planners_ompl/share/moveit_planners_ompl/cmake/ament_cmake_export_targets-extras.cmake
-- Installing: /home/habibahassan/project/install/moveit_planners_ompl/share/moveit_planners_ompl/cmake/ament_cmake_export_dependencies-extras.cmake
-- Installing: /home/habibahassan/project/install/moveit_planners_ompl/share/moveit_planners_ompl/cmake/moveit_planners_omplConfig.cmake
-- Installing: /home/habibahassan/project/install/moveit_planners_ompl/share/moveit_planners_ompl/cmake/moveit_planners_omplConfig-version.cmake
-- Installing: /home/habibahassan/project/install/moveit_planners_ompl/share/moveit_planners_ompl/package.xml
