[0.026s] Invoking command in '/home/habibahassan/project/build/gz_ros2_control': CMAKE_PREFIX_PATH=${CMAKE_PREFIX_PATH}:/home/habibahassan/project/install/moveit_configs_utils:/opt/ros/jazzy DEBUGINFOD_URLS=https://debuginfod.ubuntu.com /usr/bin/cmake --build /home/habibahassan/project/build/gz_ros2_control -- -j8 -l8
[0.216s] [100%] Built target gz_hardware_plugins
[0.216s] [100%] Built target gz_ros2_control-system
[0.230s] Invoked command in '/home/habibahassan/project/build/gz_ros2_control' returned '0': CMAKE_PREFIX_PATH=${CMAKE_PREFIX_PATH}:/home/habibahassan/project/install/moveit_configs_utils:/opt/ros/jazzy DEBUGINFOD_URLS=https://debuginfod.ubuntu.com /usr/bin/cmake --build /home/habibahassan/project/build/gz_ros2_control -- -j8 -l8
[0.248s] Invoking command in '/home/habibahassan/project/build/gz_ros2_control': CMAKE_PREFIX_PATH=${CMAKE_PREFIX_PATH}:/home/habibahassan/project/install/moveit_configs_utils:/opt/ros/jazzy DEBUGINFOD_URLS=https://debuginfod.ubuntu.com /usr/bin/cmake --install /home/habibahassan/project/build/gz_ros2_control
[0.260s] -- Install configuration: ""
[0.262s] -- Up-to-date: /home/habibahassan/project/install/gz_ros2_control/lib/libgz_hardware_plugins.so
[0.262s] -- Up-to-date: /home/habibahassan/project/install/gz_ros2_control/include
[0.262s] -- Up-to-date: /home/habibahassan/project/install/gz_ros2_control/include/gz_ros2_control
[0.263s] -- Up-to-date: /home/habibahassan/project/install/gz_ros2_control/include/gz_ros2_control/gz_system.hpp
[0.263s] -- Up-to-date: /home/habibahassan/project/install/gz_ros2_control/include/gz_ros2_control/gz_ros2_control_plugin.hpp
[0.263s] -- Up-to-date: /home/habibahassan/project/install/gz_ros2_control/include/gz_ros2_control/gz_system_interface.hpp
[0.264s] -- Up-to-date: /home/habibahassan/project/install/gz_ros2_control/share/gz_ros2_control/environment/library_path.sh
[0.264s] -- Up-to-date: /home/habibahassan/project/install/gz_ros2_control/share/gz_ros2_control/environment/library_path.dsv
[0.266s] -- Up-to-date: /home/habibahassan/project/install/gz_ros2_control/lib/libgz_ros2_control-system.so
[0.266s] -- Up-to-date: /home/habibahassan/project/install/gz_ros2_control/share/gz_ros2_control/gz_hardware_plugins.xml
[0.266s] -- Up-to-date: /home/habibahassan/project/install/gz_ros2_control/share/ament_index/resource_index/package_run_dependencies/gz_ros2_control
[0.267s] -- Up-to-date: /home/habibahassan/project/install/gz_ros2_control/share/ament_index/resource_index/parent_prefix_path/gz_ros2_control
[0.267s] -- Up-to-date: /home/habibahassan/project/install/gz_ros2_control/share/gz_ros2_control/environment/ament_prefix_path.sh
[0.268s] -- Up-to-date: /home/habibahassan/project/install/gz_ros2_control/share/gz_ros2_control/environment/ament_prefix_path.dsv
[0.268s] -- Up-to-date: /home/habibahassan/project/install/gz_ros2_control/share/gz_ros2_control/environment/path.sh
[0.268s] -- Up-to-date: /home/habibahassan/project/install/gz_ros2_control/share/gz_ros2_control/environment/path.dsv
[0.268s] -- Up-to-date: /home/habibahassan/project/install/gz_ros2_control/share/gz_ros2_control/local_setup.bash
[0.268s] -- Up-to-date: /home/habibahassan/project/install/gz_ros2_control/share/gz_ros2_control/local_setup.sh
[0.269s] -- Up-to-date: /home/habibahassan/project/install/gz_ros2_control/share/gz_ros2_control/local_setup.zsh
[0.269s] -- Up-to-date: /home/habibahassan/project/install/gz_ros2_control/share/gz_ros2_control/local_setup.dsv
[0.269s] -- Installing: /home/habibahassan/project/install/gz_ros2_control/share/gz_ros2_control/package.dsv
[0.269s] -- Up-to-date: /home/habibahassan/project/install/gz_ros2_control/share/ament_index/resource_index/packages/gz_ros2_control
[0.270s] -- Up-to-date: /home/habibahassan/project/install/gz_ros2_control/share/ament_index/resource_index/gz_ros2_control__pluginlib__plugin/gz_ros2_control
[0.271s] -- Up-to-date: /home/habibahassan/project/install/gz_ros2_control/share/gz_ros2_control/cmake/ament_cmake_export_include_directories-extras.cmake
[0.271s] -- Up-to-date: /home/habibahassan/project/install/gz_ros2_control/share/gz_ros2_control/cmake/ament_cmake_export_libraries-extras.cmake
[0.271s] -- Up-to-date: /home/habibahassan/project/install/gz_ros2_control/share/gz_ros2_control/cmake/gz_ros2_controlConfig.cmake
[0.271s] -- Up-to-date: /home/habibahassan/project/install/gz_ros2_control/share/gz_ros2_control/cmake/gz_ros2_controlConfig-version.cmake
[0.271s] -- Up-to-date: /home/habibahassan/project/install/gz_ros2_control/share/gz_ros2_control/package.xml
[0.274s] Invoked command in '/home/habibahassan/project/build/gz_ros2_control' returned '0': CMAKE_PREFIX_PATH=${CMAKE_PREFIX_PATH}:/home/habibahassan/project/install/moveit_configs_utils:/opt/ros/jazzy DEBUGINFOD_URLS=https://debuginfod.ubuntu.com /usr/bin/cmake --install /home/habibahassan/project/build/gz_ros2_control
