-- The CXX compiler identification is GNU 13.3.0
-- Detecting CXX compiler ABI info
-- Detecting CXX compiler ABI info - done
-- Check for working CXX compiler: /usr/bin/c++ - skipped
-- Detecting CXX compile features
-- Detecting CXX compile features - done
-- Found moveit_common: 2.13.0 (/home/habibahassan/project/install/moveit_common/share/moveit_common/cmake)
-- Found ament_cmake: 2.5.3 (/opt/ros/jazzy/share/ament_cmake/cmake)
-- Found Python3: /usr/bin/python3 (found version "3.12.3") found components: Interpreter 
-- Found class_loader: 2.7.0 (/opt/ros/jazzy/share/class_loader/cmake)
-- Found generate_parameter_library: 0.4.0 (/opt/ros/jazzy/share/generate_parameter_library/cmake)
-- Found parameter_traits: 0.4.0 (/opt/ros/jazzy/share/parameter_traits/cmake)
-- Found rosidl_generator_c: 4.6.5 (/opt/ros/jazzy/share/rosidl_generator_c/cmake)
-- Found rosidl_generator_cpp: 4.6.5 (/opt/ros/jazzy/share/rosidl_generator_cpp/cmake)
-- Using all available rosidl_typesupport_c: rosidl_typesupport_fastrtps_c;rosidl_typesupport_introspection_c
-- Using all available rosidl_typesupport_cpp: rosidl_typesupport_fastrtps_cpp;rosidl_typesupport_introspection_cpp
-- Found rmw_implementation_cmake: 7.3.1 (/opt/ros/jazzy/share/rmw_implementation_cmake/cmake)
-- Found rmw_fastrtps_cpp: 8.4.1 (/opt/ros/jazzy/share/rmw_fastrtps_cpp/cmake)
-- Found OpenSSL: /usr/lib/x86_64-linux-gnu/libcrypto.so (found version "3.0.13")  
-- Found FastRTPS: /opt/ros/jazzy/include (Required is at least version "2.13") 
-- Using RMW implementation 'rmw_fastrtps_cpp' as default
-- Found rclcpp_lifecycle: 28.1.6 (/opt/ros/jazzy/share/rclcpp_lifecycle/cmake)
-- Found kdl_parser: 2.11.0 (/opt/ros/jazzy/share/kdl_parser/cmake)
-- Found eigen3_cmake_module: 0.3.0 (/opt/ros/jazzy/share/eigen3_cmake_module/cmake)
-- Found Eigen3: TRUE (found version "3.4.0") 
-- Ensuring Eigen3 include directory is part of orocos-kdl CMake target
-- Found moveit_core: 2.13.0 (/home/habibahassan/project/install/moveit_core/share/moveit_core/cmake)
-- Found Boost: /usr/lib/x86_64-linux-gnu/cmake/Boost-1.83.0/BoostConfig.cmake (found version "1.83.0") found components: chrono date_time filesystem iostreams program_options regex serialization system thread 
-- Found Boost: /usr/lib/x86_64-linux-gnu/cmake/Boost-1.83.0/BoostConfig.cmake (found version "1.83.0") found components: filesystem 
-- Found moveit_ros_planning: 2.13.0 (/home/habibahassan/project/install/moveit_ros_planning/share/moveit_ros_planning/cmake)
-- Found Boost: /usr/lib/x86_64-linux-gnu/cmake/Boost-1.83.0/BoostConfig.cmake (found version "1.83.0") found components: system filesystem date_time program_options thread chrono 
-- Found Boost: /usr/lib/x86_64-linux-gnu/cmake/Boost-1.83.0/BoostConfig.cmake (found version "1.83.0") found components: program_options system 
-- Found ament_cmake_gtest: 2.5.3 (/opt/ros/jazzy/share/ament_cmake_gtest/cmake)
-- Found ros_testing: 0.6.0 (/opt/ros/jazzy/share/ros_testing/cmake)
-- Found launch_testing_ament_cmake: 3.4.3 (/opt/ros/jazzy/share/launch_testing_ament_cmake/cmake)
-- Found python_cmake_module: 0.11.1 (/opt/ros/jazzy/share/python_cmake_module/cmake)
-- Found PythonExtra: /usr/bin/python3  
-- Found moveit_resources_fanuc_description: 3.1.0 (/home/habibahassan/project/install/moveit_resources_fanuc_description/share/moveit_resources_fanuc_description/cmake)
-- Found moveit_resources_fanuc_moveit_config: 3.1.0 (/home/habibahassan/project/install/moveit_resources_fanuc_moveit_config/share/moveit_resources_fanuc_moveit_config/cmake)
-- Found moveit_resources_panda_description: 3.1.0 (/home/habibahassan/project/install/moveit_resources_panda_description/share/moveit_resources_panda_description/cmake)
-- Found moveit_resources_panda_moveit_config: 3.1.0 (/home/habibahassan/project/install/moveit_resources_panda_moveit_config/share/moveit_resources_panda_moveit_config/cmake)
-- Found gtest sources under '/opt/ros/jazzy/src/gtest_vendor': C++ tests using 'Google Test' will be built
-- The C compiler identification is GNU 13.3.0
-- Detecting C compiler ABI info
-- Detecting C compiler ABI info - done
-- Check for working C compiler: /usr/bin/cc - skipped
-- Detecting C compile features
-- Detecting C compile features - done
-- Found Threads: TRUE  
-- Configuring done (30.4s)
-- Generating done (1.1s)
-- Build files have been written to: /home/habibahassan/project/build/moveit_kinematics
[  4%] [34m[1mRunning `/opt/ros/jazzy/bin/generate_parameter_library_cpp /home/habibahassan/project/build/moveit_kinematics/kdl_kinematics_plugin/include/moveit_kinematics/kdl_kinematics_parameters.hpp /home/habibahassan/project/src/moveit2/moveit_kinematics/kdl_kinematics_plugin/src/kdl_kinematics_parameters.yaml `[0m
[  8%] [34m[1mCreating deprecated header file /home/habibahassan/project/build/moveit_kinematics/kdl_kinematics_plugin/include/kdl_kinematics_parameters.hpp[0m
[  8%] Built target kdl_kinematics_parameters
[ 13%] [32mBuilding CXX object test/CMakeFiles/benchmark_ik.dir/benchmark_ik.cpp.o[0m
[ 17%] [32m[1mLinking CXX executable benchmark_ik[0m
[ 17%] Built target benchmark_ik
[ 21%] [32mBuilding CXX object kdl_kinematics_plugin/CMakeFiles/moveit_kdl_kinematics_plugin.dir/src/kdl_kinematics_plugin.cpp.o[0m
[ 26%] [32mBuilding CXX object kdl_kinematics_plugin/CMakeFiles/moveit_kdl_kinematics_plugin.dir/src/chainiksolver_vel_mimic_svd.cpp.o[0m
[ 30%] [32m[1mLinking CXX shared library libmoveit_kdl_kinematics_plugin.so[0m
[ 30%] Built target moveit_kdl_kinematics_plugin
[ 34%] [32mBuilding CXX object gtest/CMakeFiles/gtest.dir/src/gtest-all.cc.o[0m
[ 39%] [32m[1mLinking CXX static library libgtest.a[0m
[ 39%] Built target gtest
[ 43%] [32mBuilding CXX object gtest/CMakeFiles/gtest_main.dir/src/gtest_main.cc.o[0m
[ 47%] [32m[1mLinking CXX static library libgtest_main.a[0m
[ 47%] Built target gtest_main
[ 52%] [34m[1mRunning `/opt/ros/jazzy/bin/generate_parameter_library_cpp /home/habibahassan/project/build/moveit_kinematics/srv_kinematics_plugin/include/moveit_kinematics/srv_kinematics_parameters.hpp /home/habibahassan/project/src/moveit2/moveit_kinematics/srv_kinematics_plugin/src/srv_kinematics_parameters.yaml `[0m
[ 56%] [34m[1mCreating deprecated header file /home/habibahassan/project/build/moveit_kinematics/srv_kinematics_plugin/include/srv_kinematics_parameters.hpp[0m
[ 56%] Built target srv_kinematics_parameters
[ 60%] [32mBuilding CXX object test/CMakeFiles/test_kinematics_plugin.dir/test_kinematics_plugin.cpp.o[0m
[ 65%] [32m[1mLinking CXX executable test_kinematics_plugin[0m
[ 65%] Built target test_kinematics_plugin
[ 73%] [32mBuilding CXX object srv_kinematics_plugin/CMakeFiles/moveit_srv_kinematics_plugin.dir/src/srv_kinematics_plugin.cpp.o[0m
[ 73%] [34m[1mRunning `/opt/ros/jazzy/bin/generate_parameter_library_cpp /home/habibahassan/project/build/moveit_kinematics/cached_ik_kinematics_plugin/include/moveit_kinematics/cached_ik_kinematics_parameters.hpp /home/habibahassan/project/src/moveit2/moveit_kinematics/cached_ik_kinematics_plugin/include/moveit/cached_ik_kinematics_plugin/cached_ik_kinematics_parameters.yaml `[0m
[ 78%] [34m[1mCreating deprecated header file /home/habibahassan/project/build/moveit_kinematics/cached_ik_kinematics_plugin/include/cached_ik_kinematics_parameters.hpp[0m
[ 78%] Built target cached_ik_kinematics_parameters
[ 82%] [32mBuilding CXX object cached_ik_kinematics_plugin/CMakeFiles/moveit_cached_ik_kinematics_base.dir/src/ik_cache.cpp.o[0m
[ 86%] [32m[1mLinking CXX shared library libmoveit_srv_kinematics_plugin.so[0m
[ 86%] Built target moveit_srv_kinematics_plugin
[ 91%] [32m[1mLinking CXX shared library libmoveit_cached_ik_kinematics_base.so[0m
[ 91%] Built target moveit_cached_ik_kinematics_base
[ 95%] [32mBuilding CXX object cached_ik_kinematics_plugin/CMakeFiles/moveit_cached_ik_kinematics_plugin.dir/src/cached_ik_kinematics_plugin.cpp.o[0m
[100%] [32m[1mLinking CXX shared library libmoveit_cached_ik_kinematics_plugin.so[0m
[100%] Built target moveit_cached_ik_kinematics_plugin
