[0.036s] Invoking command in '/home/habibahassan/project/build/moveit_resources_panda_description': CMAKE_PREFIX_PATH=${CMAKE_PREFIX_PATH}:/home/habibahassan/project/install/moveit_configs_utils:/opt/ros/jazzy DEBUGINFOD_URLS=https://debuginfod.ubuntu.com /usr/bin/cmake /home/habibahassan/project/src/moveit_resources/panda_description -DCMAKE_INSTALL_PREFIX=/home/habibahassan/project/install/moveit_resources_panda_description
[0.325s] -- The C compiler identification is GNU 13.3.0
[0.973s] -- The CXX compiler identification is GNU 13.3.0
[1.593s] -- Detecting C compiler ABI info
[1.883s] -- Detecting C compiler ABI info - done
[1.901s] -- Check for working C compiler: /usr/bin/cc - skipped
[1.901s] -- Detecting C compile features
[1.902s] -- Detecting C compile features - done
[2.024s] -- Detecting CXX compiler ABI info
[2.599s] -- Detecting CXX compiler ABI info - done
[2.627s] -- Check for working CXX compiler: /usr/bin/c++ - skipped
[2.628s] -- Detecting CXX compile features
[2.632s] -- Detecting CXX compile features - done
[2.651s] -- Found ament_cmake: 2.5.3 (/opt/ros/jazzy/share/ament_cmake/cmake)
[3.281s] -- Found Python3: /usr/bin/python3 (found version "3.12.3") found components: Interpreter 
[3.991s] -- Configuring done (3.9s)
[4.000s] -- Generating done (0.0s)
[4.006s] -- Build files have been written to: /home/habibahassan/project/build/moveit_resources_panda_description
[4.022s] Invoked command in '/home/habibahassan/project/build/moveit_resources_panda_description' returned '0': CMAKE_PREFIX_PATH=${CMAKE_PREFIX_PATH}:/home/habibahassan/project/install/moveit_configs_utils:/opt/ros/jazzy DEBUGINFOD_URLS=https://debuginfod.ubuntu.com /usr/bin/cmake /home/habibahassan/project/src/moveit_resources/panda_description -DCMAKE_INSTALL_PREFIX=/home/habibahassan/project/install/moveit_resources_panda_description
[4.025s] Invoking command in '/home/habibahassan/project/build/moveit_resources_panda_description': CMAKE_PREFIX_PATH=${CMAKE_PREFIX_PATH}:/home/habibahassan/project/install/moveit_configs_utils:/opt/ros/jazzy DEBUGINFOD_URLS=https://debuginfod.ubuntu.com /usr/bin/cmake --build /home/habibahassan/project/build/moveit_resources_panda_description -- -j8 -l8
[4.630s] Invoked command in '/home/habibahassan/project/build/moveit_resources_panda_description' returned '0': CMAKE_PREFIX_PATH=${CMAKE_PREFIX_PATH}:/home/habibahassan/project/install/moveit_configs_utils:/opt/ros/jazzy DEBUGINFOD_URLS=https://debuginfod.ubuntu.com /usr/bin/cmake --build /home/habibahassan/project/build/moveit_resources_panda_description -- -j8 -l8
[4.636s] Invoking command in '/home/habibahassan/project/build/moveit_resources_panda_description': CMAKE_PREFIX_PATH=${CMAKE_PREFIX_PATH}:/home/habibahassan/project/install/moveit_configs_utils:/opt/ros/jazzy DEBUGINFOD_URLS=https://debuginfod.ubuntu.com /usr/bin/cmake --install /home/habibahassan/project/build/moveit_resources_panda_description
[4.994s] -- Install configuration: ""
[4.994s] -- Installing: /home/habibahassan/project/install/moveit_resources_panda_description/share/ament_index/resource_index/package_run_dependencies/moveit_resources_panda_description
[4.995s] -- Installing: /home/habibahassan/project/install/moveit_resources_panda_description/share/ament_index/resource_index/parent_prefix_path/moveit_resources_panda_description
[4.995s] -- Installing: /home/habibahassan/project/install/moveit_resources_panda_description/share/moveit_resources_panda_description/environment/ament_prefix_path.sh
[4.995s] -- Installing: /home/habibahassan/project/install/moveit_resources_panda_description/share/moveit_resources_panda_description/environment/ament_prefix_path.dsv
[4.996s] -- Installing: /home/habibahassan/project/install/moveit_resources_panda_description/share/moveit_resources_panda_description/environment/path.sh
[4.996s] -- Installing: /home/habibahassan/project/install/moveit_resources_panda_description/share/moveit_resources_panda_description/environment/path.dsv
[4.996s] -- Installing: /home/habibahassan/project/install/moveit_resources_panda_description/share/moveit_resources_panda_description/local_setup.bash
[4.998s] -- Installing: /home/habibahassan/project/install/moveit_resources_panda_description/share/moveit_resources_panda_description/local_setup.sh
[4.998s] -- Installing: /home/habibahassan/project/install/moveit_resources_panda_description/share/moveit_resources_panda_description/local_setup.zsh
[4.998s] -- Installing: /home/habibahassan/project/install/moveit_resources_panda_description/share/moveit_resources_panda_description/local_setup.dsv
[4.999s] -- Installing: /home/habibahassan/project/install/moveit_resources_panda_description/share/moveit_resources_panda_description/package.dsv
[4.999s] -- Installing: /home/habibahassan/project/install/moveit_resources_panda_description/share/ament_index/resource_index/packages/moveit_resources_panda_description
[5.001s] -- Installing: /home/habibahassan/project/install/moveit_resources_panda_description/share/moveit_resources_panda_description/cmake/moveit_resources_panda_descriptionConfig.cmake
[5.001s] -- Installing: /home/habibahassan/project/install/moveit_resources_panda_description/share/moveit_resources_panda_description/cmake/moveit_resources_panda_descriptionConfig-version.cmake
[5.001s] -- Installing: /home/habibahassan/project/install/moveit_resources_panda_description/share/moveit_resources_panda_description/package.xml
[5.002s] -- Installing: /home/habibahassan/project/install/moveit_resources_panda_description/share/moveit_resources_panda_description/meshes
[5.002s] -- Installing: /home/habibahassan/project/install/moveit_resources_panda_description/share/moveit_resources_panda_description/meshes/collision
[5.003s] -- Installing: /home/habibahassan/project/install/moveit_resources_panda_description/share/moveit_resources_panda_description/meshes/collision/link5.stl
[5.003s] -- Installing: /home/habibahassan/project/install/moveit_resources_panda_description/share/moveit_resources_panda_description/meshes/collision/finger.stl
[5.004s] -- Installing: /home/habibahassan/project/install/moveit_resources_panda_description/share/moveit_resources_panda_description/meshes/collision/link4.stl
[5.004s] -- Installing: /home/habibahassan/project/install/moveit_resources_panda_description/share/moveit_resources_panda_description/meshes/collision/hand.stl
[5.005s] -- Installing: /home/habibahassan/project/install/moveit_resources_panda_description/share/moveit_resources_panda_description/meshes/collision/link6.stl
[5.006s] -- Installing: /home/habibahassan/project/install/moveit_resources_panda_description/share/moveit_resources_panda_description/meshes/collision/link2.stl
[5.006s] -- Installing: /home/habibahassan/project/install/moveit_resources_panda_description/share/moveit_resources_panda_description/meshes/collision/link1.stl
[5.006s] -- Installing: /home/habibahassan/project/install/moveit_resources_panda_description/share/moveit_resources_panda_description/meshes/collision/link3.stl
[5.007s] -- Installing: /home/habibahassan/project/install/moveit_resources_panda_description/share/moveit_resources_panda_description/meshes/collision/link7.stl
[5.007s] -- Installing: /home/habibahassan/project/install/moveit_resources_panda_description/share/moveit_resources_panda_description/meshes/collision/link0.stl
[5.007s] -- Installing: /home/habibahassan/project/install/moveit_resources_panda_description/share/moveit_resources_panda_description/meshes/visual
[5.008s] -- Installing: /home/habibahassan/project/install/moveit_resources_panda_description/share/moveit_resources_panda_description/meshes/visual/link3.dae
[5.008s] -- Installing: /home/habibahassan/project/install/moveit_resources_panda_description/share/moveit_resources_panda_description/meshes/visual/link0.dae
[5.009s] -- Installing: /home/habibahassan/project/install/moveit_resources_panda_description/share/moveit_resources_panda_description/meshes/visual/link2.dae
[5.009s] -- Installing: /home/habibahassan/project/install/moveit_resources_panda_description/share/moveit_resources_panda_description/meshes/visual/finger.dae
[5.009s] -- Installing: /home/habibahassan/project/install/moveit_resources_panda_description/share/moveit_resources_panda_description/meshes/visual/link1.dae
[5.010s] -- Installing: /home/habibahassan/project/install/moveit_resources_panda_description/share/moveit_resources_panda_description/meshes/visual/hand.dae
[5.012s] -- Installing: /home/habibahassan/project/install/moveit_resources_panda_description/share/moveit_resources_panda_description/meshes/visual/link6.dae
[5.012s] -- Installing: /home/habibahassan/project/install/moveit_resources_panda_description/share/moveit_resources_panda_description/meshes/visual/link7.dae
[5.013s] -- Installing: /home/habibahassan/project/install/moveit_resources_panda_description/share/moveit_resources_panda_description/meshes/visual/link4.dae
[5.013s] -- Installing: /home/habibahassan/project/install/moveit_resources_panda_description/share/moveit_resources_panda_description/meshes/visual/link5.dae
[5.013s] -- Installing: /home/habibahassan/project/install/moveit_resources_panda_description/share/moveit_resources_panda_description/urdf
[5.014s] -- Installing: /home/habibahassan/project/install/moveit_resources_panda_description/share/moveit_resources_panda_description/urdf/panda.urdf.xacro
[5.014s] -- Installing: /home/habibahassan/project/install/moveit_resources_panda_description/share/moveit_resources_panda_description/urdf/panda.urdf
[5.065s] Invoked command in '/home/habibahassan/project/build/moveit_resources_panda_description' returned '0': CMAKE_PREFIX_PATH=${CMAKE_PREFIX_PATH}:/home/habibahassan/project/install/moveit_configs_utils:/opt/ros/jazzy DEBUGINFOD_URLS=https://debuginfod.ubuntu.com /usr/bin/cmake --install /home/habibahassan/project/build/moveit_resources_panda_description
