[ 10%] Built target moveit_lazy_free_space_updater
[ 20%] Built target moveit_point_containment_filter
[ 30%] Built target moveit_semantic_world
[ 60%] Built target moveit_mesh_filter
[ 70%] Built target moveit_pointcloud_octomap_updater_core
[ 80%] Built target moveit_depth_image_octomap_updater_core
[ 90%] Built target moveit_pointcloud_octomap_updater
[100%] Built target moveit_depth_image_octomap_updater
-- Install configuration: "Release"
-- Installing: /home/habibahassan/project/install/moveit_ros_perception/include/moveit_ros_perception
-- Installing: /home/habibahassan/project/install/moveit_ros_perception/include/moveit_ros_perception/moveit
-- Installing: /home/habibahassan/project/install/moveit_ros_perception/include/moveit_ros_perception/moveit/lazy_free_space_updater
-- Installing: /home/habibahassan/project/install/moveit_ros_perception/include/moveit_ros_perception/moveit/lazy_free_space_updater/lazy_free_space_updater.hpp
-- Installing: /home/habibahassan/project/install/moveit_ros_perception/include/moveit_ros_perception/moveit/lazy_free_space_updater/lazy_free_space_updater.h
-- Up-to-date: /home/habibahassan/project/install/moveit_ros_perception/include/moveit_ros_perception
-- Up-to-date: /home/habibahassan/project/install/moveit_ros_perception/include/moveit_ros_perception/moveit
-- Installing: /home/habibahassan/project/install/moveit_ros_perception/include/moveit_ros_perception/moveit/point_containment_filter
-- Installing: /home/habibahassan/project/install/moveit_ros_perception/include/moveit_ros_perception/moveit/point_containment_filter/shape_mask.hpp
-- Installing: /home/habibahassan/project/install/moveit_ros_perception/include/moveit_ros_perception/moveit/point_containment_filter/shape_mask.h
-- Up-to-date: /home/habibahassan/project/install/moveit_ros_perception/include/moveit_ros_perception
-- Up-to-date: /home/habibahassan/project/install/moveit_ros_perception/include/moveit_ros_perception/moveit
-- Installing: /home/habibahassan/project/install/moveit_ros_perception/include/moveit_ros_perception/moveit/pointcloud_octomap_updater
-- Installing: /home/habibahassan/project/install/moveit_ros_perception/include/moveit_ros_perception/moveit/pointcloud_octomap_updater/pointcloud_octomap_updater.h
-- Installing: /home/habibahassan/project/install/moveit_ros_perception/include/moveit_ros_perception/moveit/pointcloud_octomap_updater/pointcloud_octomap_updater.hpp
-- Up-to-date: /home/habibahassan/project/install/moveit_ros_perception/include/moveit_ros_perception
-- Up-to-date: /home/habibahassan/project/install/moveit_ros_perception/include/moveit_ros_perception/moveit
-- Installing: /home/habibahassan/project/install/moveit_ros_perception/include/moveit_ros_perception/moveit/mesh_filter
-- Installing: /home/habibahassan/project/install/moveit_ros_perception/include/moveit_ros_perception/moveit/mesh_filter/mesh_filter.hpp
-- Installing: /home/habibahassan/project/install/moveit_ros_perception/include/moveit_ros_perception/moveit/mesh_filter/gl_mesh.hpp
-- Installing: /home/habibahassan/project/install/moveit_ros_perception/include/moveit_ros_perception/moveit/mesh_filter/depth_self_filter_nodelet.h
-- Installing: /home/habibahassan/project/install/moveit_ros_perception/include/moveit_ros_perception/moveit/mesh_filter/transform_provider.h
-- Installing: /home/habibahassan/project/install/moveit_ros_perception/include/moveit_ros_perception/moveit/mesh_filter/sensor_model.hpp
-- Installing: /home/habibahassan/project/install/moveit_ros_perception/include/moveit_ros_perception/moveit/mesh_filter/filter_job.hpp
-- Installing: /home/habibahassan/project/install/moveit_ros_perception/include/moveit_ros_perception/moveit/mesh_filter/gl_renderer.h
-- Installing: /home/habibahassan/project/install/moveit_ros_perception/include/moveit_ros_perception/moveit/mesh_filter/mesh_filter_base.hpp
-- Installing: /home/habibahassan/project/install/moveit_ros_perception/include/moveit_ros_perception/moveit/mesh_filter/gl_renderer.hpp
-- Installing: /home/habibahassan/project/install/moveit_ros_perception/include/moveit_ros_perception/moveit/mesh_filter/stereo_camera_model.hpp
-- Installing: /home/habibahassan/project/install/moveit_ros_perception/include/moveit_ros_perception/moveit/mesh_filter/mesh_filter.h
-- Installing: /home/habibahassan/project/install/moveit_ros_perception/include/moveit_ros_perception/moveit/mesh_filter/depth_self_filter_nodelet.hpp
-- Installing: /home/habibahassan/project/install/moveit_ros_perception/include/moveit_ros_perception/moveit/mesh_filter/transform_provider.hpp
-- Installing: /home/habibahassan/project/install/moveit_ros_perception/include/moveit_ros_perception/moveit/mesh_filter/gl_mesh.h
-- Installing: /home/habibahassan/project/install/moveit_ros_perception/include/moveit_ros_perception/moveit/mesh_filter/filter_job.h
-- Installing: /home/habibahassan/project/install/moveit_ros_perception/include/moveit_ros_perception/moveit/mesh_filter/sensor_model.h
-- Installing: /home/habibahassan/project/install/moveit_ros_perception/include/moveit_ros_perception/moveit/mesh_filter/stereo_camera_model.h
-- Installing: /home/habibahassan/project/install/moveit_ros_perception/include/moveit_ros_perception/moveit/mesh_filter/mesh_filter_base.h
-- Installing: /home/habibahassan/project/install/moveit_ros_perception/include/moveit_ros_perception/moveit_mesh_filter_export.h
-- Up-to-date: /home/habibahassan/project/install/moveit_ros_perception/include/moveit_ros_perception
-- Up-to-date: /home/habibahassan/project/install/moveit_ros_perception/include/moveit_ros_perception/moveit
-- Installing: /home/habibahassan/project/install/moveit_ros_perception/include/moveit_ros_perception/moveit/depth_image_octomap_updater
-- Installing: /home/habibahassan/project/install/moveit_ros_perception/include/moveit_ros_perception/moveit/depth_image_octomap_updater/depth_image_octomap_updater.hpp
-- Installing: /home/habibahassan/project/install/moveit_ros_perception/include/moveit_ros_perception/moveit/depth_image_octomap_updater/depth_image_octomap_updater.h
-- Up-to-date: /home/habibahassan/project/install/moveit_ros_perception/include/moveit_ros_perception
-- Up-to-date: /home/habibahassan/project/install/moveit_ros_perception/include/moveit_ros_perception/moveit
-- Installing: /home/habibahassan/project/install/moveit_ros_perception/include/moveit_ros_perception/moveit/semantic_world
-- Installing: /home/habibahassan/project/install/moveit_ros_perception/include/moveit_ros_perception/moveit/semantic_world/semantic_world.hpp
-- Installing: /home/habibahassan/project/install/moveit_ros_perception/include/moveit_ros_perception/moveit/semantic_world/semantic_world.h
-- Installing: /home/habibahassan/project/install/moveit_ros_perception/lib/libmoveit_depth_image_octomap_updater.so.2.13.0
-- Set non-toolchain portion of runtime path of "/home/habibahassan/project/install/moveit_ros_perception/lib/libmoveit_depth_image_octomap_updater.so.2.13.0" to ""
-- Installing: /home/habibahassan/project/install/moveit_ros_perception/lib/libmoveit_depth_image_octomap_updater.so
-- Installing: /home/habibahassan/project/install/moveit_ros_perception/lib/libmoveit_depth_image_octomap_updater_core.so.2.13.0
-- Set non-toolchain portion of runtime path of "/home/habibahassan/project/install/moveit_ros_perception/lib/libmoveit_depth_image_octomap_updater_core.so.2.13.0" to ""
-- Installing: /home/habibahassan/project/install/moveit_ros_perception/lib/libmoveit_depth_image_octomap_updater_core.so
-- Installing: /home/habibahassan/project/install/moveit_ros_perception/lib/libmoveit_lazy_free_space_updater.so.2.13.0
-- Set non-toolchain portion of runtime path of "/home/habibahassan/project/install/moveit_ros_perception/lib/libmoveit_lazy_free_space_updater.so.2.13.0" to ""
-- Installing: /home/habibahassan/project/install/moveit_ros_perception/lib/libmoveit_lazy_free_space_updater.so
-- Installing: /home/habibahassan/project/install/moveit_ros_perception/lib/libmoveit_mesh_filter.so.2.13.0
-- Set non-toolchain portion of runtime path of "/home/habibahassan/project/install/moveit_ros_perception/lib/libmoveit_mesh_filter.so.2.13.0" to ""
-- Installing: /home/habibahassan/project/install/moveit_ros_perception/lib/libmoveit_mesh_filter.so
-- Installing: /home/habibahassan/project/install/moveit_ros_perception/lib/libmoveit_point_containment_filter.so.2.13.0
-- Set non-toolchain portion of runtime path of "/home/habibahassan/project/install/moveit_ros_perception/lib/libmoveit_point_containment_filter.so.2.13.0" to ""
-- Installing: /home/habibahassan/project/install/moveit_ros_perception/lib/libmoveit_point_containment_filter.so
-- Installing: /home/habibahassan/project/install/moveit_ros_perception/lib/libmoveit_pointcloud_octomap_updater.so.2.13.0
-- Set non-toolchain portion of runtime path of "/home/habibahassan/project/install/moveit_ros_perception/lib/libmoveit_pointcloud_octomap_updater.so.2.13.0" to ""
-- Installing: /home/habibahassan/project/install/moveit_ros_perception/lib/libmoveit_pointcloud_octomap_updater.so
-- Installing: /home/habibahassan/project/install/moveit_ros_perception/lib/libmoveit_pointcloud_octomap_updater_core.so.2.13.0
-- Set non-toolchain portion of runtime path of "/home/habibahassan/project/install/moveit_ros_perception/lib/libmoveit_pointcloud_octomap_updater_core.so.2.13.0" to ""
-- Installing: /home/habibahassan/project/install/moveit_ros_perception/lib/libmoveit_pointcloud_octomap_updater_core.so
-- Installing: /home/habibahassan/project/install/moveit_ros_perception/lib/libmoveit_semantic_world.so.2.13.0
-- Set non-toolchain portion of runtime path of "/home/habibahassan/project/install/moveit_ros_perception/lib/libmoveit_semantic_world.so.2.13.0" to ""
-- Installing: /home/habibahassan/project/install/moveit_ros_perception/lib/libmoveit_semantic_world.so
-- Installing: /home/habibahassan/project/install/moveit_ros_perception/share/moveit_ros_perception/environment/library_path.sh
-- Installing: /home/habibahassan/project/install/moveit_ros_perception/share/moveit_ros_perception/environment/library_path.dsv
-- Installing: /home/habibahassan/project/install/moveit_ros_perception/share/moveit_ros_perception/pointcloud_octomap_updater_plugin_description.xml
-- Installing: /home/habibahassan/project/install/moveit_ros_perception/share/moveit_ros_perception/depth_image_octomap_updater_plugin_description.xml
-- Installing: /home/habibahassan/project/install/moveit_ros_perception/share/ament_index/resource_index/package_run_dependencies/moveit_ros_perception
-- Installing: /home/habibahassan/project/install/moveit_ros_perception/share/ament_index/resource_index/parent_prefix_path/moveit_ros_perception
-- Installing: /home/habibahassan/project/install/moveit_ros_perception/share/moveit_ros_perception/environment/ament_prefix_path.sh
-- Installing: /home/habibahassan/project/install/moveit_ros_perception/share/moveit_ros_perception/environment/ament_prefix_path.dsv
-- Installing: /home/habibahassan/project/install/moveit_ros_perception/share/moveit_ros_perception/environment/path.sh
-- Installing: /home/habibahassan/project/install/moveit_ros_perception/share/moveit_ros_perception/environment/path.dsv
-- Installing: /home/habibahassan/project/install/moveit_ros_perception/share/moveit_ros_perception/local_setup.bash
-- Installing: /home/habibahassan/project/install/moveit_ros_perception/share/moveit_ros_perception/local_setup.sh
-- Installing: /home/habibahassan/project/install/moveit_ros_perception/share/moveit_ros_perception/local_setup.zsh
-- Installing: /home/habibahassan/project/install/moveit_ros_perception/share/moveit_ros_perception/local_setup.dsv
-- Installing: /home/habibahassan/project/install/moveit_ros_perception/share/moveit_ros_perception/package.dsv
-- Installing: /home/habibahassan/project/install/moveit_ros_perception/share/ament_index/resource_index/packages/moveit_ros_perception
-- Installing: /home/habibahassan/project/install/moveit_ros_perception/share/ament_index/resource_index/moveit_ros_occupancy_map_monitor__pluginlib__plugin/moveit_ros_perception
-- Installing: /home/habibahassan/project/install/moveit_ros_perception/share/moveit_ros_perception/cmake/moveit_ros_perceptionTargetsExport.cmake
-- Installing: /home/habibahassan/project/install/moveit_ros_perception/share/moveit_ros_perception/cmake/moveit_ros_perceptionTargetsExport-release.cmake
-- Installing: /home/habibahassan/project/install/moveit_ros_perception/share/moveit_ros_perception/cmake/ConfigExtras.cmake
-- Installing: /home/habibahassan/project/install/moveit_ros_perception/share/moveit_ros_perception/cmake/ament_cmake_export_targets-extras.cmake
-- Installing: /home/habibahassan/project/install/moveit_ros_perception/share/moveit_ros_perception/cmake/ament_cmake_export_dependencies-extras.cmake
-- Installing: /home/habibahassan/project/install/moveit_ros_perception/share/moveit_ros_perception/cmake/moveit_ros_perceptionConfig.cmake
-- Installing: /home/habibahassan/project/install/moveit_ros_perception/share/moveit_ros_perception/cmake/moveit_ros_perceptionConfig-version.cmake
-- Installing: /home/habibahassan/project/install/moveit_ros_perception/share/moveit_ros_perception/package.xml
