-- The C compiler identification is GNU 13.3.0
-- The CXX compiler identification is GNU 13.3.0
-- Detecting C compiler ABI info
-- Detecting C compiler ABI info - done
-- Check for working C compiler: /usr/bin/cc - skipped
-- Detecting C compile features
-- Detecting C compile features - done
-- Detecting CXX compiler ABI info
-- Detecting CXX compiler ABI info - done
-- Check for working CXX compiler: /usr/bin/c++ - skipped
-- Detecting CXX compile features
-- Detecting CXX compile features - done
-- Found ament_cmake: 2.5.3 (/opt/ros/jazzy/share/ament_cmake/cmake)
-- Found Python3: /usr/bin/python3 (found version "3.12.3") found components: Interpreter 
-- Found controller_manager: 4.25.0 (/opt/ros/jazzy/share/controller_manager/cmake)
-- Found rosidl_generator_c: 4.6.5 (/opt/ros/jazzy/share/rosidl_generator_c/cmake)
-- Found rosidl_generator_cpp: 4.6.5 (/opt/ros/jazzy/share/rosidl_generator_cpp/cmake)
-- Using all available rosidl_typesupport_c: rosidl_typesupport_fastrtps_c;rosidl_typesupport_introspection_c
-- Using all available rosidl_typesupport_cpp: rosidl_typesupport_fastrtps_cpp;rosidl_typesupport_introspection_cpp
-- Found rmw_implementation_cmake: 7.3.1 (/opt/ros/jazzy/share/rmw_implementation_cmake/cmake)
-- Found rmw_fastrtps_cpp: 8.4.1 (/opt/ros/jazzy/share/rmw_fastrtps_cpp/cmake)
-- Found OpenSSL: /usr/lib/x86_64-linux-gnu/libcrypto.so (found version "3.0.13")  
-- Found FastRTPS: /opt/ros/jazzy/include (Required is at least version "2.13") 
-- Using RMW implementation 'rmw_fastrtps_cpp' as default
-- Found gripper_controllers: 4.20.0 (/opt/ros/jazzy/share/gripper_controllers/cmake)
-- Found gz_ros2_control: 1.2.10 (/home/habibahassan/project/install/gz_ros2_control/share/gz_ros2_control/cmake)
-- Found ros_gz: 1.0.7 (/opt/ros/jazzy/share/ros_gz/cmake)
-- Found ros_gz_bridge: 1.0.7 (/opt/ros/jazzy/share/ros_gz_bridge/cmake)
-- Looking for gz-msgs10 -- found version 10.3.1
-- Searching for dependencies of gz-msgs10
-- Found Protobuf: /usr/lib/x86_64-linux-gnu/libprotobuf.so (found version "3.21.12") 
-- Looking for gz-utils2 -- found version 2.2.0
-- Searching for dependencies of gz-utils2
-- Looking for gz-math7 -- found version 7.5.1
-- Searching for dependencies of gz-math7
-- Looking for gz-utils2 -- found version 2.2.0
-- Checking for module 'tinyxml2'
--   Found tinyxml2, version 10.0.0
-- Looking for gz-transport13 -- found version 13.4.0
-- Searching for dependencies of gz-transport13
-- Config-file not installed for ZeroMQ -- checking for pkg-config
-- Checking for module 'libzmq >= 4'
--   Found libzmq, version 4.3.5
-- Found ZeroMQ: TRUE (Required is at least version "4") 
-- Checking for module 'uuid'
--   Found uuid, version 2.39.3
-- Found UUID: TRUE  
-- Looking for gz-utils2 -- found version 2.2.0
-- Searching for dependencies of gz-utils2
-- Searching for <gz-utils2> component [cli]
-- Looking for gz-utils2-cli -- found version 2.2.0
-- Searching for dependencies of gz-utils2-cli
-- Looking for gz-msgs10 -- found version 10.3.1
-- Found ros_gz_image: 1.0.7 (/opt/ros/jazzy/share/ros_gz_image/cmake)
-- Found ros_gz_sim: 1.0.7 (/opt/ros/jazzy/share/ros_gz_sim/cmake)
-- Found ros2_control: 4.25.0 (/opt/ros/jazzy/share/ros2_control/cmake)
-- Found ros2_controllers: 4.20.0 (/opt/ros/jazzy/share/ros2_controllers/cmake)
-- Found xacro: 2.0.11 (/opt/ros/jazzy/share/xacro/cmake)
-- Found launch_testing_ament_cmake: 3.4.3 (/opt/ros/jazzy/share/launch_testing_ament_cmake/cmake)
-- Found python_cmake_module: 0.11.1 (/opt/ros/jazzy/share/python_cmake_module/cmake)
-- Found PythonExtra: /usr/bin/python3  
-- Found ament_cmake_pytest: 2.5.3 (/opt/ros/jazzy/share/ament_cmake_pytest/cmake)
-- Configuring done (12.4s)
-- Generating done (0.0s)
-- Build files have been written to: /home/habibahassan/project/build/ur_simulation_gz
-- Install configuration: ""
-- Installing: /home/habibahassan/project/install/ur_simulation_gz/share/ur_simulation_gz/config
-- Installing: /home/habibahassan/project/install/ur_simulation_gz/share/ur_simulation_gz/config/ur_controllers.yaml
-- Installing: /home/habibahassan/project/install/ur_simulation_gz/share/ur_simulation_gz/launch
-- Installing: /home/habibahassan/project/install/ur_simulation_gz/share/ur_simulation_gz/launch/ur_sim_moveit.launch.py
-- Installing: /home/habibahassan/project/install/ur_simulation_gz/share/ur_simulation_gz/launch/or_sim.launch.py
-- Installing: /home/habibahassan/project/install/ur_simulation_gz/share/ur_simulation_gz/launch/ur_sim_control.launch.py
-- Installing: /home/habibahassan/project/install/ur_simulation_gz/share/ur_simulation_gz/urdf
-- Installing: /home/habibahassan/project/install/ur_simulation_gz/share/ur_simulation_gz/urdf/ur_gz.urdf.xacro
-- Installing: /home/habibahassan/project/install/ur_simulation_gz/share/ur_simulation_gz/urdf/ur_gz.ros2_control.xacro
-- Installing: /home/habibahassan/project/install/ur_simulation_gz/share/ament_index/resource_index/package_run_dependencies/ur_simulation_gz
-- Installing: /home/habibahassan/project/install/ur_simulation_gz/share/ament_index/resource_index/parent_prefix_path/ur_simulation_gz
-- Installing: /home/habibahassan/project/install/ur_simulation_gz/share/ur_simulation_gz/environment/ament_prefix_path.sh
-- Installing: /home/habibahassan/project/install/ur_simulation_gz/share/ur_simulation_gz/environment/ament_prefix_path.dsv
-- Installing: /home/habibahassan/project/install/ur_simulation_gz/share/ur_simulation_gz/environment/path.sh
-- Installing: /home/habibahassan/project/install/ur_simulation_gz/share/ur_simulation_gz/environment/path.dsv
-- Installing: /home/habibahassan/project/install/ur_simulation_gz/share/ur_simulation_gz/local_setup.bash
-- Installing: /home/habibahassan/project/install/ur_simulation_gz/share/ur_simulation_gz/local_setup.sh
-- Installing: /home/habibahassan/project/install/ur_simulation_gz/share/ur_simulation_gz/local_setup.zsh
-- Installing: /home/habibahassan/project/install/ur_simulation_gz/share/ur_simulation_gz/local_setup.dsv
-- Installing: /home/habibahassan/project/install/ur_simulation_gz/share/ur_simulation_gz/package.dsv
-- Installing: /home/habibahassan/project/install/ur_simulation_gz/share/ament_index/resource_index/packages/ur_simulation_gz
-- Installing: /home/habibahassan/project/install/ur_simulation_gz/share/ur_simulation_gz/cmake/ur_simulation_gzConfig.cmake
-- Installing: /home/habibahassan/project/install/ur_simulation_gz/share/ur_simulation_gz/cmake/ur_simulation_gzConfig-version.cmake
-- Installing: /home/habibahassan/project/install/ur_simulation_gz/share/ur_simulation_gz/package.xml
