-- The C compiler identification is GNU 13.3.0
-- The CXX compiler identification is GNU 13.3.0
-- Detecting C compiler ABI info
-- Detecting C compiler ABI info - done
-- Check for working C compiler: /usr/bin/cc - skipped
-- Detecting C compile features
-- Detecting C compile features - done
-- Detecting CXX compiler ABI info
-- Detecting CXX compiler ABI info - done
-- Check for working CXX compiler: /usr/bin/c++ - skipped
-- Detecting CXX compile features
-- Detecting CXX compile features - done
-- Found ament_cmake: 2.5.3 (/opt/ros/jazzy/share/ament_cmake/cmake)
-- Found Python3: /usr/bin/python3 (found version "3.12.3") found components: Interpreter 
-- Found controller_interface: 4.25.0 (/opt/ros/jazzy/share/controller_interface/cmake)
-- Found rosidl_generator_c: 4.6.5 (/opt/ros/jazzy/share/rosidl_generator_c/cmake)
-- Found rosidl_generator_cpp: 4.6.5 (/opt/ros/jazzy/share/rosidl_generator_cpp/cmake)
-- Using all available rosidl_typesupport_c: rosidl_typesupport_fastrtps_c;rosidl_typesupport_introspection_c
-- Using all available rosidl_typesupport_cpp: rosidl_typesupport_fastrtps_cpp;rosidl_typesupport_introspection_cpp
-- Found TinyXML2 via Config file: /usr/lib/x86_64-linux-gnu/cmake/tinyxml2
-- Found rmw_implementation_cmake: 7.3.1 (/opt/ros/jazzy/share/rmw_implementation_cmake/cmake)
-- Found rmw_fastrtps_cpp: 8.4.1 (/opt/ros/jazzy/share/rmw_fastrtps_cpp/cmake)
-- Found TinyXML2 via Config file: /usr/lib/x86_64-linux-gnu/cmake/tinyxml2
-- Found OpenSSL: /usr/lib/x86_64-linux-gnu/libcrypto.so (found version "3.0.13")  
-- Found TinyXML2 via Config file: /usr/lib/x86_64-linux-gnu/cmake/tinyxml2
-- Found FastRTPS: /opt/ros/jazzy/include (Required is at least version "2.13") 
-- Found TinyXML2 via Config file: /usr/lib/x86_64-linux-gnu/cmake/tinyxml2
-- Found TinyXML2 via Config file: /usr/lib/x86_64-linux-gnu/cmake/tinyxml2
-- Using RMW implementation 'rmw_fastrtps_cpp' as default
-- Found std_srvs: 5.3.5 (/opt/ros/jazzy/share/std_srvs/cmake)
-- Found ament_lint_auto: 0.17.1 (/opt/ros/jazzy/share/ament_lint_auto/cmake)
-- Added test 'cppcheck' to perform static code analysis on C / C++ code
-- Configured cppcheck include dirs: /home/habibahassan/project/src/ros2_robotiq_gripper/robotiq_controllers/include
-- Configured cppcheck exclude dirs and/or files: 
-- Added test 'lint_cmake' to check CMake code style
-- Configuring done (17.1s)
-- Generating done (0.0s)
-- Build files have been written to: /home/habibahassan/project/build/robotiq_controllers
[ 50%] [32mBuilding CXX object CMakeFiles/robotiq_controllers.dir/src/robotiq_activation_controller.cpp.o[0m
[01m[K/home/habibahassan/project/src/ros2_robotiq_gripper/robotiq_controllers/src/robotiq_activation_controller.cpp:[m[K In member function ‘[01m[Kbool robotiq_controllers::RobotiqActivationController::[01;32m[KreactivateGripper[m[K(std_srvs::srv::Trigger_Request_<std::allocator<void> >::SharedPtr, std_srvs::srv::Trigger_Response_<std::allocator<void> >::SharedPtr)[m[K’:
[01m[K/home/habibahassan/project/src/ros2_robotiq_gripper/robotiq_controllers/src/robotiq_activation_controller.cpp:108:61:[m[K [01;35m[Kwarning: [m[Kignoring return value of ‘[01m[Kbool hardware_interface::LoanedCommandInterface::[01;32m[Kset_value[m[K(T, unsigned int) [35m[K[with T = double][m[K[m[K’, declared with attribute ‘[01m[Knodiscard[m[K’ [[01;35m[K]8;;https://gcc.gnu.org/onlinedocs/gcc/Warning-Options.html#index-Wunused-result-Wunused-result]8;;[m[K]
  108 |   [01;35m[Kcommand_interfaces_[REACTIVATE_GRIPPER_RESPONSE].set_value(ASYNC_WAITING)[m[K;
      |   [01;35m[K~~~~~~~~~~~~~~~~~~~~~~~~~~~~~~~~~~~~~~~~~~~~~~~~~~~~~~~~~~^~~~~~~~~~~~~~~[m[K
In file included from [01m[K/opt/ros/jazzy/include/controller_interface/controller_interface/controller_interface_base.hpp:26[m[K,
                 from [01m[K/opt/ros/jazzy/include/controller_interface/controller_interface/controller_interface.hpp:21[m[K,
                 from [01m[K/home/habibahassan/project/src/ros2_robotiq_gripper/robotiq_controllers/include/robotiq_controllers/robotiq_activation_controller.hpp:31[m[K,
                 from [01m[K/home/habibahassan/project/src/ros2_robotiq_gripper/robotiq_controllers/src/robotiq_activation_controller.cpp:29[m[K:
[01m[K/opt/ros/jazzy/include/hardware_interface/hardware_interface/loaned_command_interface.hpp:98:22:[m[K [01;36m[Knote: [m[Kdeclared here
   98 |   [[nodiscard]] bool [01;36m[Kset_value[m[K(T value, unsigned int max_tries = 10)
      |                      [01;36m[K^~~~~~~~~[m[K
[01m[K/home/habibahassan/project/src/ros2_robotiq_gripper/robotiq_controllers/src/robotiq_activation_controller.cpp:109:56:[m[K [01;35m[Kwarning: [m[Kignoring return value of ‘[01m[Kbool hardware_interface::LoanedCommandInterface::[01;32m[Kset_value[m[K(T, unsigned int) [35m[K[with T = double][m[K[m[K’, declared with attribute ‘[01m[Knodiscard[m[K’ [[01;35m[K]8;;https://gcc.gnu.org/onlinedocs/gcc/Warning-Options.html#index-Wunused-result-Wunused-result]8;;[m[K]
  109 |   [01;35m[Kcommand_interfaces_[REACTIVATE_GRIPPER_CMD].set_value(1.0)[m[K;
      |   [01;35m[K~~~~~~~~~~~~~~~~~~~~~~~~~~~~~~~~~~~~~~~~~~~~~~~~~~~~~^~~~~[m[K
[01m[K/opt/ros/jazzy/include/hardware_interface/hardware_interface/loaned_command_interface.hpp:98:22:[m[K [01;36m[Knote: [m[Kdeclared here
   98 |   [[nodiscard]] bool [01;36m[Kset_value[m[K(T value, unsigned int max_tries = 10)
      |                      [01;36m[K^~~~~~~~~[m[K
[100%] [32m[1mLinking CXX shared library librobotiq_controllers.so[0m
[100%] Built target robotiq_controllers
-- Install configuration: ""
-- Installing: /home/habibahassan/project/install/robotiq_controllers/share/robotiq_controllers/controller_plugins.xml
-- Installing: /home/habibahassan/project/install/robotiq_controllers/lib/librobotiq_controllers.so
-- Set non-toolchain portion of runtime path of "/home/habibahassan/project/install/robotiq_controllers/lib/librobotiq_controllers.so" to ""
-- Installing: /home/habibahassan/project/install/robotiq_controllers/include
-- Installing: /home/habibahassan/project/install/robotiq_controllers/include/robotiq_controllers
-- Installing: /home/habibahassan/project/install/robotiq_controllers/include/robotiq_controllers/robotiq_activation_controller.hpp
-- Installing: /home/habibahassan/project/install/robotiq_controllers/share/robotiq_controllers/environment/library_path.sh
-- Installing: /home/habibahassan/project/install/robotiq_controllers/share/robotiq_controllers/environment/library_path.dsv
-- Installing: /home/habibahassan/project/install/robotiq_controllers/share/ament_index/resource_index/package_run_dependencies/robotiq_controllers
-- Installing: /home/habibahassan/project/install/robotiq_controllers/share/ament_index/resource_index/parent_prefix_path/robotiq_controllers
-- Installing: /home/habibahassan/project/install/robotiq_controllers/share/robotiq_controllers/environment/ament_prefix_path.sh
-- Installing: /home/habibahassan/project/install/robotiq_controllers/share/robotiq_controllers/environment/ament_prefix_path.dsv
-- Installing: /home/habibahassan/project/install/robotiq_controllers/share/robotiq_controllers/environment/path.sh
-- Installing: /home/habibahassan/project/install/robotiq_controllers/share/robotiq_controllers/environment/path.dsv
-- Installing: /home/habibahassan/project/install/robotiq_controllers/share/robotiq_controllers/local_setup.bash
-- Installing: /home/habibahassan/project/install/robotiq_controllers/share/robotiq_controllers/local_setup.sh
-- Installing: /home/habibahassan/project/install/robotiq_controllers/share/robotiq_controllers/local_setup.zsh
-- Installing: /home/habibahassan/project/install/robotiq_controllers/share/robotiq_controllers/local_setup.dsv
-- Installing: /home/habibahassan/project/install/robotiq_controllers/share/robotiq_controllers/package.dsv
-- Installing: /home/habibahassan/project/install/robotiq_controllers/share/ament_index/resource_index/packages/robotiq_controllers
-- Installing: /home/habibahassan/project/install/robotiq_controllers/share/ament_index/resource_index/controller_interface__pluginlib__plugin/robotiq_controllers
-- Installing: /home/habibahassan/project/install/robotiq_controllers/share/robotiq_controllers/cmake/export_robotiq_controllersExport.cmake
-- Installing: /home/habibahassan/project/install/robotiq_controllers/share/robotiq_controllers/cmake/export_robotiq_controllersExport-noconfig.cmake
-- Installing: /home/habibahassan/project/install/robotiq_controllers/share/robotiq_controllers/cmake/ament_cmake_export_include_directories-extras.cmake
-- Installing: /home/habibahassan/project/install/robotiq_controllers/share/robotiq_controllers/cmake/ament_cmake_export_libraries-extras.cmake
-- Installing: /home/habibahassan/project/install/robotiq_controllers/share/robotiq_controllers/cmake/ament_cmake_export_targets-extras.cmake
-- Installing: /home/habibahassan/project/install/robotiq_controllers/share/robotiq_controllers/cmake/ament_cmake_export_dependencies-extras.cmake
-- Installing: /home/habibahassan/project/install/robotiq_controllers/share/robotiq_controllers/cmake/robotiq_controllersConfig.cmake
-- Installing: /home/habibahassan/project/install/robotiq_controllers/share/robotiq_controllers/cmake/robotiq_controllersConfig-version.cmake
-- Installing: /home/habibahassan/project/install/robotiq_controllers/share/robotiq_controllers/package.xml
