[0.122s] Invoking command in '/home/habibahassan/project/build/robotiq_controllers': CMAKE_PREFIX_PATH=${CMAKE_PREFIX_PATH}:/home/habibahassan/project/install/moveit_configs_utils:/opt/ros/jazzy DEBUGINFOD_URLS=https://debuginfod.ubuntu.com /usr/bin/cmake /home/habibahassan/project/src/ros2_robotiq_gripper/robotiq_controllers -DCMAKE_INSTALL_PREFIX=/home/habibahassan/project/install/robotiq_controllers
[18.392s] -- The C compiler identification is GNU 13.3.0
[18.392s] -- The CXX compiler identification is GNU 13.3.0
[18.392s] -- Detecting C compiler ABI info
[18.395s] -- Detecting C compiler ABI info - done
[18.395s] -- Check for working C compiler: /usr/bin/cc - skipped
[18.395s] -- Detecting C compile features
[18.395s] -- Detecting C compile features - done
[18.395s] -- Detecting CXX compiler ABI info
[18.396s] -- Detecting CXX compiler ABI info - done
[18.396s] -- Check for working CXX compiler: /usr/bin/c++ - skipped
[18.396s] -- Detecting CXX compile features
[18.396s] -- Detecting CXX compile features - done
[18.396s] -- Found ament_cmake: 2.5.3 (/opt/ros/jazzy/share/ament_cmake/cmake)
[18.396s] -- Found Python3: /usr/bin/python3 (found version "3.12.3") found components: Interpreter 
[18.397s] -- Found controller_interface: 4.25.0 (/opt/ros/jazzy/share/controller_interface/cmake)
[18.397s] -- Found rosidl_generator_c: 4.6.5 (/opt/ros/jazzy/share/rosidl_generator_c/cmake)
[18.397s] -- Found rosidl_generator_cpp: 4.6.5 (/opt/ros/jazzy/share/rosidl_generator_cpp/cmake)
[18.397s] -- Using all available rosidl_typesupport_c: rosidl_typesupport_fastrtps_c;rosidl_typesupport_introspection_c
[18.397s] -- Using all available rosidl_typesupport_cpp: rosidl_typesupport_fastrtps_cpp;rosidl_typesupport_introspection_cpp
[18.397s] -- Found TinyXML2 via Config file: /usr/lib/x86_64-linux-gnu/cmake/tinyxml2
[18.398s] -- Found rmw_implementation_cmake: 7.3.1 (/opt/ros/jazzy/share/rmw_implementation_cmake/cmake)
[18.398s] -- Found rmw_fastrtps_cpp: 8.4.1 (/opt/ros/jazzy/share/rmw_fastrtps_cpp/cmake)
[18.398s] -- Found TinyXML2 via Config file: /usr/lib/x86_64-linux-gnu/cmake/tinyxml2
[18.398s] -- Found OpenSSL: /usr/lib/x86_64-linux-gnu/libcrypto.so (found version "3.0.13")  
[18.398s] -- Found TinyXML2 via Config file: /usr/lib/x86_64-linux-gnu/cmake/tinyxml2
[18.399s] -- Found FastRTPS: /opt/ros/jazzy/include (Required is at least version "2.13") 
[18.399s] -- Found TinyXML2 via Config file: /usr/lib/x86_64-linux-gnu/cmake/tinyxml2
[18.399s] -- Found TinyXML2 via Config file: /usr/lib/x86_64-linux-gnu/cmake/tinyxml2
[18.399s] -- Using RMW implementation 'rmw_fastrtps_cpp' as default
[18.399s] -- Found std_srvs: 5.3.5 (/opt/ros/jazzy/share/std_srvs/cmake)
[18.399s] -- Found ament_lint_auto: 0.17.1 (/opt/ros/jazzy/share/ament_lint_auto/cmake)
[18.400s] -- Added test 'cppcheck' to perform static code analysis on C / C++ code
[18.400s] -- Configured cppcheck include dirs: /home/habibahassan/project/src/ros2_robotiq_gripper/robotiq_controllers/include
[18.400s] -- Configured cppcheck exclude dirs and/or files: 
[18.400s] -- Added test 'lint_cmake' to check CMake code style
[18.400s] -- Configuring done (17.1s)
[18.400s] -- Generating done (0.0s)
[18.401s] -- Build files have been written to: /home/habibahassan/project/build/robotiq_controllers
[18.405s] Invoked command in '/home/habibahassan/project/build/robotiq_controllers' returned '0': CMAKE_PREFIX_PATH=${CMAKE_PREFIX_PATH}:/home/habibahassan/project/install/moveit_configs_utils:/opt/ros/jazzy DEBUGINFOD_URLS=https://debuginfod.ubuntu.com /usr/bin/cmake /home/habibahassan/project/src/ros2_robotiq_gripper/robotiq_controllers -DCMAKE_INSTALL_PREFIX=/home/habibahassan/project/install/robotiq_controllers
[18.406s] Invoking command in '/home/habibahassan/project/build/robotiq_controllers': CMAKE_PREFIX_PATH=${CMAKE_PREFIX_PATH}:/home/habibahassan/project/install/moveit_configs_utils:/opt/ros/jazzy DEBUGINFOD_URLS=https://debuginfod.ubuntu.com /usr/bin/cmake --build /home/habibahassan/project/build/robotiq_controllers -- -j8 -l8
[18.653s] [ 50%] [32mBuilding CXX object CMakeFiles/robotiq_controllers.dir/src/robotiq_activation_controller.cpp.o[0m
[25.481s] [01m[K/home/habibahassan/project/src/ros2_robotiq_gripper/robotiq_controllers/src/robotiq_activation_controller.cpp:[m[K In member function ‘[01m[Kbool robotiq_controllers::RobotiqActivationController::[01;32m[KreactivateGripper[m[K(std_srvs::srv::Trigger_Request_<std::allocator<void> >::SharedPtr, std_srvs::srv::Trigger_Response_<std::allocator<void> >::SharedPtr)[m[K’:
[25.481s] [01m[K/home/habibahassan/project/src/ros2_robotiq_gripper/robotiq_controllers/src/robotiq_activation_controller.cpp:108:61:[m[K [01;35m[Kwarning: [m[Kignoring return value of ‘[01m[Kbool hardware_interface::LoanedCommandInterface::[01;32m[Kset_value[m[K(T, unsigned int) [35m[K[with T = double][m[K[m[K’, declared with attribute ‘[01m[Knodiscard[m[K’ [[01;35m[K]8;;https://gcc.gnu.org/onlinedocs/gcc/Warning-Options.html#index-Wunused-result-Wunused-result]8;;[m[K]
[25.482s]   108 |   [01;35m[Kcommand_interfaces_[REACTIVATE_GRIPPER_RESPONSE].set_value(ASYNC_WAITING)[m[K;
[25.482s]       |   [01;35m[K~~~~~~~~~~~~~~~~~~~~~~~~~~~~~~~~~~~~~~~~~~~~~~~~~~~~~~~~~~^~~~~~~~~~~~~~~[m[K
[25.482s] In file included from [01m[K/opt/ros/jazzy/include/controller_interface/controller_interface/controller_interface_base.hpp:26[m[K,
[25.482s]                  from [01m[K/opt/ros/jazzy/include/controller_interface/controller_interface/controller_interface.hpp:21[m[K,
[25.482s]                  from [01m[K/home/habibahassan/project/src/ros2_robotiq_gripper/robotiq_controllers/include/robotiq_controllers/robotiq_activation_controller.hpp:31[m[K,
[25.483s]                  from [01m[K/home/habibahassan/project/src/ros2_robotiq_gripper/robotiq_controllers/src/robotiq_activation_controller.cpp:29[m[K:
[25.483s] [01m[K/opt/ros/jazzy/include/hardware_interface/hardware_interface/loaned_command_interface.hpp:98:22:[m[K [01;36m[Knote: [m[Kdeclared here
[25.483s]    98 |   [[nodiscard]] bool [01;36m[Kset_value[m[K(T value, unsigned int max_tries = 10)
[25.483s]       |                      [01;36m[K^~~~~~~~~[m[K
[25.483s] [01m[K/home/habibahassan/project/src/ros2_robotiq_gripper/robotiq_controllers/src/robotiq_activation_controller.cpp:109:56:[m[K [01;35m[Kwarning: [m[Kignoring return value of ‘[01m[Kbool hardware_interface::LoanedCommandInterface::[01;32m[Kset_value[m[K(T, unsigned int) [35m[K[with T = double][m[K[m[K’, declared with attribute ‘[01m[Knodiscard[m[K’ [[01;35m[K]8;;https://gcc.gnu.org/onlinedocs/gcc/Warning-Options.html#index-Wunused-result-Wunused-result]8;;[m[K]
[25.483s]   109 |   [01;35m[Kcommand_interfaces_[REACTIVATE_GRIPPER_CMD].set_value(1.0)[m[K;
[25.484s]       |   [01;35m[K~~~~~~~~~~~~~~~~~~~~~~~~~~~~~~~~~~~~~~~~~~~~~~~~~~~~~^~~~~[m[K
[25.484s] [01m[K/opt/ros/jazzy/include/hardware_interface/hardware_interface/loaned_command_interface.hpp:98:22:[m[K [01;36m[Knote: [m[Kdeclared here
[25.484s]    98 |   [[nodiscard]] bool [01;36m[Kset_value[m[K(T value, unsigned int max_tries = 10)
[25.484s]       |                      [01;36m[K^~~~~~~~~[m[K
[29.966s] [100%] [32m[1mLinking CXX shared library librobotiq_controllers.so[0m
[30.765s] [100%] Built target robotiq_controllers
[30.798s] Invoked command in '/home/habibahassan/project/build/robotiq_controllers' returned '0': CMAKE_PREFIX_PATH=${CMAKE_PREFIX_PATH}:/home/habibahassan/project/install/moveit_configs_utils:/opt/ros/jazzy DEBUGINFOD_URLS=https://debuginfod.ubuntu.com /usr/bin/cmake --build /home/habibahassan/project/build/robotiq_controllers -- -j8 -l8
[30.799s] Invoking command in '/home/habibahassan/project/build/robotiq_controllers': CMAKE_PREFIX_PATH=${CMAKE_PREFIX_PATH}:/home/habibahassan/project/install/moveit_configs_utils:/opt/ros/jazzy DEBUGINFOD_URLS=https://debuginfod.ubuntu.com /usr/bin/cmake --install /home/habibahassan/project/build/robotiq_controllers
[30.884s] -- Install configuration: ""
[30.884s] -- Installing: /home/habibahassan/project/install/robotiq_controllers/share/robotiq_controllers/controller_plugins.xml
[30.884s] -- Installing: /home/habibahassan/project/install/robotiq_controllers/lib/librobotiq_controllers.so
[30.885s] -- Set non-toolchain portion of runtime path of "/home/habibahassan/project/install/robotiq_controllers/lib/librobotiq_controllers.so" to ""
[30.885s] -- Installing: /home/habibahassan/project/install/robotiq_controllers/include
[30.885s] -- Installing: /home/habibahassan/project/install/robotiq_controllers/include/robotiq_controllers
[30.885s] -- Installing: /home/habibahassan/project/install/robotiq_controllers/include/robotiq_controllers/robotiq_activation_controller.hpp
[30.885s] -- Installing: /home/habibahassan/project/install/robotiq_controllers/share/robotiq_controllers/environment/library_path.sh
[30.886s] -- Installing: /home/habibahassan/project/install/robotiq_controllers/share/robotiq_controllers/environment/library_path.dsv
[30.886s] -- Installing: /home/habibahassan/project/install/robotiq_controllers/share/ament_index/resource_index/package_run_dependencies/robotiq_controllers
[30.886s] -- Installing: /home/habibahassan/project/install/robotiq_controllers/share/ament_index/resource_index/parent_prefix_path/robotiq_controllers
[30.886s] -- Installing: /home/habibahassan/project/install/robotiq_controllers/share/robotiq_controllers/environment/ament_prefix_path.sh
[30.886s] -- Installing: /home/habibahassan/project/install/robotiq_controllers/share/robotiq_controllers/environment/ament_prefix_path.dsv
[30.887s] -- Installing: /home/habibahassan/project/install/robotiq_controllers/share/robotiq_controllers/environment/path.sh
[30.887s] -- Installing: /home/habibahassan/project/install/robotiq_controllers/share/robotiq_controllers/environment/path.dsv
[30.887s] -- Installing: /home/habibahassan/project/install/robotiq_controllers/share/robotiq_controllers/local_setup.bash
[30.887s] -- Installing: /home/habibahassan/project/install/robotiq_controllers/share/robotiq_controllers/local_setup.sh
[30.887s] -- Installing: /home/habibahassan/project/install/robotiq_controllers/share/robotiq_controllers/local_setup.zsh
[30.887s] -- Installing: /home/habibahassan/project/install/robotiq_controllers/share/robotiq_controllers/local_setup.dsv
[30.888s] -- Installing: /home/habibahassan/project/install/robotiq_controllers/share/robotiq_controllers/package.dsv
[30.888s] -- Installing: /home/habibahassan/project/install/robotiq_controllers/share/ament_index/resource_index/packages/robotiq_controllers
[30.888s] -- Installing: /home/habibahassan/project/install/robotiq_controllers/share/ament_index/resource_index/controller_interface__pluginlib__plugin/robotiq_controllers
[30.888s] -- Installing: /home/habibahassan/project/install/robotiq_controllers/share/robotiq_controllers/cmake/export_robotiq_controllersExport.cmake
[30.889s] -- Installing: /home/habibahassan/project/install/robotiq_controllers/share/robotiq_controllers/cmake/export_robotiq_controllersExport-noconfig.cmake
[30.900s] -- Installing: /home/habibahassan/project/install/robotiq_controllers/share/robotiq_controllers/cmake/ament_cmake_export_include_directories-extras.cmake
[30.900s] -- Installing: /home/habibahassan/project/install/robotiq_controllers/share/robotiq_controllers/cmake/ament_cmake_export_libraries-extras.cmake
[30.900s] -- Installing: /home/habibahassan/project/install/robotiq_controllers/share/robotiq_controllers/cmake/ament_cmake_export_targets-extras.cmake
[30.901s] -- Installing: /home/habibahassan/project/install/robotiq_controllers/share/robotiq_controllers/cmake/ament_cmake_export_dependencies-extras.cmake
[30.901s] -- Installing: /home/habibahassan/project/install/robotiq_controllers/share/robotiq_controllers/cmake/robotiq_controllersConfig.cmake
[30.901s] -- Installing: /home/habibahassan/project/install/robotiq_controllers/share/robotiq_controllers/cmake/robotiq_controllersConfig-version.cmake
[30.902s] -- Installing: /home/habibahassan/project/install/robotiq_controllers/share/robotiq_controllers/package.xml
[30.927s] Invoked command in '/home/habibahassan/project/build/robotiq_controllers' returned '0': CMAKE_PREFIX_PATH=${CMAKE_PREFIX_PATH}:/home/habibahassan/project/install/moveit_configs_utils:/opt/ros/jazzy DEBUGINFOD_URLS=https://debuginfod.ubuntu.com /usr/bin/cmake --install /home/habibahassan/project/build/robotiq_controllers
