[0.299s] Invoking command in '/home/habibahassan/project/build/moveit_resources_prbt_support': CMAKE_PREFIX_PATH=${CMAKE_PREFIX_PATH}:/home/habibahassan/project/install/moveit_configs_utils:/opt/ros/jazzy DEBUGINFOD_URLS=https://debuginfod.ubuntu.com /usr/bin/cmake /home/habibahassan/project/src/moveit2/moveit_planners/test_configs/prbt_support -DCMAKE_INSTALL_PREFIX=/home/habibahassan/project/install/moveit_resources_prbt_support
[0.464s] -- The C compiler identification is GNU 13.3.0
[0.965s] -- The CXX compiler identification is GNU 13.3.0
[1.389s] -- Detecting C compiler ABI info
[1.613s] -- Detecting C compiler ABI info - done
[1.625s] -- Check for working C compiler: /usr/bin/cc - skipped
[1.626s] -- Detecting C compile features
[1.626s] -- Detecting C compile features - done
[1.694s] -- Detecting CXX compiler ABI info
[1.992s] -- Detecting CXX compiler ABI info - done
[2.013s] -- Check for working CXX compiler: /usr/bin/c++ - skipped
[2.013s] -- Detecting CXX compile features
[2.015s] -- Detecting CXX compile features - done
[2.023s] -- Found ament_cmake: 2.5.3 (/opt/ros/jazzy/share/ament_cmake/cmake)
[2.582s] -- Found Python3: /usr/bin/python3 (found version "3.12.3") found components: Interpreter 
[3.171s] -- Configuring done (2.9s)
[3.180s] -- Generating done (0.0s)
[3.184s] -- Build files have been written to: /home/habibahassan/project/build/moveit_resources_prbt_support
[3.197s] Invoked command in '/home/habibahassan/project/build/moveit_resources_prbt_support' returned '0': CMAKE_PREFIX_PATH=${CMAKE_PREFIX_PATH}:/home/habibahassan/project/install/moveit_configs_utils:/opt/ros/jazzy DEBUGINFOD_URLS=https://debuginfod.ubuntu.com /usr/bin/cmake /home/habibahassan/project/src/moveit2/moveit_planners/test_configs/prbt_support -DCMAKE_INSTALL_PREFIX=/home/habibahassan/project/install/moveit_resources_prbt_support
[3.224s] Invoking command in '/home/habibahassan/project/build/moveit_resources_prbt_support': CMAKE_PREFIX_PATH=${CMAKE_PREFIX_PATH}:/home/habibahassan/project/install/moveit_configs_utils:/opt/ros/jazzy DEBUGINFOD_URLS=https://debuginfod.ubuntu.com /usr/bin/cmake --build /home/habibahassan/project/build/moveit_resources_prbt_support -- -j8 -l8
[3.335s] Invoked command in '/home/habibahassan/project/build/moveit_resources_prbt_support' returned '0': CMAKE_PREFIX_PATH=${CMAKE_PREFIX_PATH}:/home/habibahassan/project/install/moveit_configs_utils:/opt/ros/jazzy DEBUGINFOD_URLS=https://debuginfod.ubuntu.com /usr/bin/cmake --build /home/habibahassan/project/build/moveit_resources_prbt_support -- -j8 -l8
[3.352s] Invoking command in '/home/habibahassan/project/build/moveit_resources_prbt_support': CMAKE_PREFIX_PATH=${CMAKE_PREFIX_PATH}:/home/habibahassan/project/install/moveit_configs_utils:/opt/ros/jazzy DEBUGINFOD_URLS=https://debuginfod.ubuntu.com /usr/bin/cmake --install /home/habibahassan/project/build/moveit_resources_prbt_support
[3.562s] -- Install configuration: ""
[3.563s] -- Installing: /home/habibahassan/project/install/moveit_resources_prbt_support/share/ament_index/resource_index/package_run_dependencies/moveit_resources_prbt_support
[3.564s] -- Installing: /home/habibahassan/project/install/moveit_resources_prbt_support/share/ament_index/resource_index/parent_prefix_path/moveit_resources_prbt_support
[3.564s] -- Installing: /home/habibahassan/project/install/moveit_resources_prbt_support/share/moveit_resources_prbt_support/environment/ament_prefix_path.sh
[3.564s] -- Installing: /home/habibahassan/project/install/moveit_resources_prbt_support/share/moveit_resources_prbt_support/environment/ament_prefix_path.dsv
[3.565s] -- Installing: /home/habibahassan/project/install/moveit_resources_prbt_support/share/moveit_resources_prbt_support/environment/path.sh
[3.565s] -- Installing: /home/habibahassan/project/install/moveit_resources_prbt_support/share/moveit_resources_prbt_support/environment/path.dsv
[3.565s] -- Installing: /home/habibahassan/project/install/moveit_resources_prbt_support/share/moveit_resources_prbt_support/local_setup.bash
[3.565s] -- Installing: /home/habibahassan/project/install/moveit_resources_prbt_support/share/moveit_resources_prbt_support/local_setup.sh
[3.567s] -- Installing: /home/habibahassan/project/install/moveit_resources_prbt_support/share/moveit_resources_prbt_support/local_setup.zsh
[3.569s] -- Installing: /home/habibahassan/project/install/moveit_resources_prbt_support/share/moveit_resources_prbt_support/local_setup.dsv
[3.569s] -- Installing: /home/habibahassan/project/install/moveit_resources_prbt_support/share/moveit_resources_prbt_support/package.dsv
[3.569s] -- Installing: /home/habibahassan/project/install/moveit_resources_prbt_support/share/ament_index/resource_index/packages/moveit_resources_prbt_support
[3.570s] -- Installing: /home/habibahassan/project/install/moveit_resources_prbt_support/share/moveit_resources_prbt_support/cmake/moveit_resources_prbt_supportConfig.cmake
[3.570s] -- Installing: /home/habibahassan/project/install/moveit_resources_prbt_support/share/moveit_resources_prbt_support/cmake/moveit_resources_prbt_supportConfig-version.cmake
[3.570s] -- Installing: /home/habibahassan/project/install/moveit_resources_prbt_support/share/moveit_resources_prbt_support/package.xml
[3.571s] -- Installing: /home/habibahassan/project/install/moveit_resources_prbt_support/share/moveit_resources_prbt_support/urdf
[3.571s] -- Installing: /home/habibahassan/project/install/moveit_resources_prbt_support/share/moveit_resources_prbt_support/urdf/prbt.xacro
[3.572s] -- Installing: /home/habibahassan/project/install/moveit_resources_prbt_support/share/moveit_resources_prbt_support/urdf/prbt.ros2_control.xacro
[3.572s] -- Installing: /home/habibahassan/project/install/moveit_resources_prbt_support/share/moveit_resources_prbt_support/urdf/prbt_macro.xacro
[3.573s] -- Installing: /home/habibahassan/project/install/moveit_resources_prbt_support/share/moveit_resources_prbt_support/urdf/simple_gripper_brackets.urdf.xacro
[3.573s] -- Installing: /home/habibahassan/project/install/moveit_resources_prbt_support/share/moveit_resources_prbt_support/meshes
[3.574s] -- Installing: /home/habibahassan/project/install/moveit_resources_prbt_support/share/moveit_resources_prbt_support/meshes/foot.stl
[3.574s] -- Installing: /home/habibahassan/project/install/moveit_resources_prbt_support/share/moveit_resources_prbt_support/meshes/link_5.dae
[3.574s] -- Installing: /home/habibahassan/project/install/moveit_resources_prbt_support/share/moveit_resources_prbt_support/meshes/flange.dae
[3.575s] -- Installing: /home/habibahassan/project/install/moveit_resources_prbt_support/share/moveit_resources_prbt_support/meshes/link_3.dae
[3.576s] -- Installing: /home/habibahassan/project/install/moveit_resources_prbt_support/share/moveit_resources_prbt_support/meshes/link_1.stl
[3.577s] -- Installing: /home/habibahassan/project/install/moveit_resources_prbt_support/share/moveit_resources_prbt_support/meshes/link_3.stl
[3.577s] -- Installing: /home/habibahassan/project/install/moveit_resources_prbt_support/share/moveit_resources_prbt_support/meshes/link_4.dae
[3.580s] -- Installing: /home/habibahassan/project/install/moveit_resources_prbt_support/share/moveit_resources_prbt_support/meshes/link_5.stl
[3.582s] -- Installing: /home/habibahassan/project/install/moveit_resources_prbt_support/share/moveit_resources_prbt_support/meshes/link_1.dae
[3.582s] -- Installing: /home/habibahassan/project/install/moveit_resources_prbt_support/share/moveit_resources_prbt_support/meshes/link_4.stl
[3.582s] -- Installing: /home/habibahassan/project/install/moveit_resources_prbt_support/share/moveit_resources_prbt_support/meshes/link_2.stl
[3.582s] -- Installing: /home/habibahassan/project/install/moveit_resources_prbt_support/share/moveit_resources_prbt_support/meshes/foot.dae
[3.583s] -- Installing: /home/habibahassan/project/install/moveit_resources_prbt_support/share/moveit_resources_prbt_support/meshes/flange.stl
[3.583s] -- Installing: /home/habibahassan/project/install/moveit_resources_prbt_support/share/moveit_resources_prbt_support/meshes/link_2.dae
[3.583s] -- Installing: /home/habibahassan/project/install/moveit_resources_prbt_support/share/moveit_resources_prbt_support/config
[3.584s] -- Installing: /home/habibahassan/project/install/moveit_resources_prbt_support/share/moveit_resources_prbt_support/config/manipulator_driver.yaml
[3.585s] -- Installing: /home/habibahassan/project/install/moveit_resources_prbt_support/share/moveit_resources_prbt_support/config/manipulator_controller.yaml
[3.589s] -- Installing: /home/habibahassan/project/install/moveit_resources_prbt_support/share/moveit_resources_prbt_support/config/prbt_0_1.dcf
[3.591s] Invoked command in '/home/habibahassan/project/build/moveit_resources_prbt_support' returned '0': CMAKE_PREFIX_PATH=${CMAKE_PREFIX_PATH}:/home/habibahassan/project/install/moveit_configs_utils:/opt/ros/jazzy DEBUGINFOD_URLS=https://debuginfod.ubuntu.com /usr/bin/cmake --install /home/habibahassan/project/build/moveit_resources_prbt_support
