-- The C compiler identification is GNU 13.3.0
-- The CXX compiler identification is GNU 13.3.0
-- Detecting C compiler ABI info
-- Detecting C compiler ABI info - done
-- Check for working C compiler: /usr/bin/cc - skipped
-- Detecting C compile features
-- Detecting C compile features - done
-- Detecting CXX compiler ABI info
-- Detecting CXX compiler ABI info - done
-- Check for working CXX compiler: /usr/bin/c++ - skipped
-- Detecting CXX compile features
-- Detecting CXX compile features - done
-- Found ament_cmake: 2.5.3 (/opt/ros/jazzy/share/ament_cmake/cmake)
-- Found Python3: /usr/bin/python3 (found version "3.12.3") found components: Interpreter 
-- Found ament_cmake_ros: 0.12.0 (/opt/ros/jazzy/share/ament_cmake_ros/cmake)
-- Found controller_interface: 4.25.0 (/opt/ros/jazzy/share/controller_interface/cmake)
-- Found rosidl_generator_c: 4.6.5 (/opt/ros/jazzy/share/rosidl_generator_c/cmake)
-- Found rosidl_generator_cpp: 4.6.5 (/opt/ros/jazzy/share/rosidl_generator_cpp/cmake)
-- Using all available rosidl_typesupport_c: rosidl_typesupport_fastrtps_c;rosidl_typesupport_introspection_c
-- Using all available rosidl_typesupport_cpp: rosidl_typesupport_fastrtps_cpp;rosidl_typesupport_introspection_cpp
-- Found TinyXML2 via Config file: /usr/lib/x86_64-linux-gnu/cmake/tinyxml2
-- Found rmw_implementation_cmake: 7.3.1 (/opt/ros/jazzy/share/rmw_implementation_cmake/cmake)
-- Found rmw_fastrtps_cpp: 8.4.1 (/opt/ros/jazzy/share/rmw_fastrtps_cpp/cmake)
-- Found TinyXML2 via Config file: /usr/lib/x86_64-linux-gnu/cmake/tinyxml2
-- Found OpenSSL: /usr/lib/x86_64-linux-gnu/libcrypto.so (found version "3.0.13")  
-- Found TinyXML2 via Config file: /usr/lib/x86_64-linux-gnu/cmake/tinyxml2
-- Found FastRTPS: /opt/ros/jazzy/include (Required is at least version "2.13") 
-- Found TinyXML2 via Config file: /usr/lib/x86_64-linux-gnu/cmake/tinyxml2
-- Found TinyXML2 via Config file: /usr/lib/x86_64-linux-gnu/cmake/tinyxml2
-- Using RMW implementation 'rmw_fastrtps_cpp' as default
-- Found example_interfaces: 0.12.0 (/opt/ros/jazzy/share/example_interfaces/cmake)
-- Configuring done (11.7s)
-- Generating done (0.0s)
-- Build files have been written to: /home/habibahassan/project/build/picknik_reset_fault_controller
[ 50%] [32mBuilding CXX object CMakeFiles/picknik_reset_fault_controller.dir/src/picknik_reset_fault_controller.cpp.o[0m
[100%] [32m[1mLinking CXX shared library libpicknik_reset_fault_controller.so[0m
[100%] Built target picknik_reset_fault_controller
-- Install configuration: ""
-- Installing: /home/habibahassan/project/install/picknik_reset_fault_controller/share/picknik_reset_fault_controller/controller_plugins.xml
-- Installing: /home/habibahassan/project/install/picknik_reset_fault_controller/lib/libpicknik_reset_fault_controller.so
-- Set non-toolchain portion of runtime path of "/home/habibahassan/project/install/picknik_reset_fault_controller/lib/libpicknik_reset_fault_controller.so" to ""
-- Installing: /home/habibahassan/project/install/picknik_reset_fault_controller/include
-- Installing: /home/habibahassan/project/install/picknik_reset_fault_controller/include/picknik_reset_fault_controller
-- Installing: /home/habibahassan/project/install/picknik_reset_fault_controller/include/picknik_reset_fault_controller/picknik_reset_fault_controller.hpp
-- Installing: /home/habibahassan/project/install/picknik_reset_fault_controller/include/picknik_reset_fault_controller/visibility_control.h
-- Up-to-date: /home/habibahassan/project/install/picknik_reset_fault_controller/share/picknik_reset_fault_controller/controller_plugins.xml
-- Installing: /home/habibahassan/project/install/picknik_reset_fault_controller/share/picknik_reset_fault_controller/environment/library_path.sh
-- Installing: /home/habibahassan/project/install/picknik_reset_fault_controller/share/picknik_reset_fault_controller/environment/library_path.dsv
-- Installing: /home/habibahassan/project/install/picknik_reset_fault_controller/share/ament_index/resource_index/package_run_dependencies/picknik_reset_fault_controller
-- Installing: /home/habibahassan/project/install/picknik_reset_fault_controller/share/ament_index/resource_index/parent_prefix_path/picknik_reset_fault_controller
-- Installing: /home/habibahassan/project/install/picknik_reset_fault_controller/share/picknik_reset_fault_controller/environment/ament_prefix_path.sh
-- Installing: /home/habibahassan/project/install/picknik_reset_fault_controller/share/picknik_reset_fault_controller/environment/ament_prefix_path.dsv
-- Installing: /home/habibahassan/project/install/picknik_reset_fault_controller/share/picknik_reset_fault_controller/environment/path.sh
-- Installing: /home/habibahassan/project/install/picknik_reset_fault_controller/share/picknik_reset_fault_controller/environment/path.dsv
-- Installing: /home/habibahassan/project/install/picknik_reset_fault_controller/share/picknik_reset_fault_controller/local_setup.bash
-- Installing: /home/habibahassan/project/install/picknik_reset_fault_controller/share/picknik_reset_fault_controller/local_setup.sh
-- Installing: /home/habibahassan/project/install/picknik_reset_fault_controller/share/picknik_reset_fault_controller/local_setup.zsh
-- Installing: /home/habibahassan/project/install/picknik_reset_fault_controller/share/picknik_reset_fault_controller/local_setup.dsv
-- Installing: /home/habibahassan/project/install/picknik_reset_fault_controller/share/picknik_reset_fault_controller/package.dsv
-- Installing: /home/habibahassan/project/install/picknik_reset_fault_controller/share/ament_index/resource_index/packages/picknik_reset_fault_controller
-- Installing: /home/habibahassan/project/install/picknik_reset_fault_controller/share/ament_index/resource_index/controller_interface__pluginlib__plugin/picknik_reset_fault_controller
-- Installing: /home/habibahassan/project/install/picknik_reset_fault_controller/share/picknik_reset_fault_controller/cmake/ament_cmake_export_dependencies-extras.cmake
-- Installing: /home/habibahassan/project/install/picknik_reset_fault_controller/share/picknik_reset_fault_controller/cmake/ament_cmake_export_include_directories-extras.cmake
-- Installing: /home/habibahassan/project/install/picknik_reset_fault_controller/share/picknik_reset_fault_controller/cmake/ament_cmake_export_libraries-extras.cmake
-- Installing: /home/habibahassan/project/install/picknik_reset_fault_controller/share/picknik_reset_fault_controller/cmake/picknik_reset_fault_controllerConfig.cmake
-- Installing: /home/habibahassan/project/install/picknik_reset_fault_controller/share/picknik_reset_fault_controller/cmake/picknik_reset_fault_controllerConfig-version.cmake
-- Installing: /home/habibahassan/project/install/picknik_reset_fault_controller/share/picknik_reset_fault_controller/package.xml
