-- Found ament_cmake: 2.5.3 (/opt/ros/jazzy/share/ament_cmake/cmake)
-- Override CMake install command with custom implementation using symlinks instead of copying resources
-- Found rclcpp: 28.1.6 (/opt/ros/jazzy/share/rclcpp/cmake)
-- Found rosidl_generator_c: 4.6.5 (/opt/ros/jazzy/share/rosidl_generator_c/cmake)
-- Found rosidl_generator_cpp: 4.6.5 (/opt/ros/jazzy/share/rosidl_generator_cpp/cmake)
-- Using all available rosidl_typesupport_c: rosidl_typesupport_fastrtps_c;rosidl_typesupport_introspection_c
-- Using all available rosidl_typesupport_cpp: rosidl_typesupport_fastrtps_cpp;rosidl_typesupport_introspection_cpp
-- Found rmw_implementation_cmake: 7.3.1 (/opt/ros/jazzy/share/rmw_implementation_cmake/cmake)
-- Found rmw_fastrtps_cpp: 8.4.1 (/opt/ros/jazzy/share/rmw_fastrtps_cpp/cmake)
-- Found OpenSSL: /usr/lib/x86_64-linux-gnu/libcrypto.so (found version "3.0.13")  
-- Found FastRTPS: /opt/ros/jazzy/include (Required is at least version "2.13") 
-- Using RMW implementation 'rmw_fastrtps_cpp' as default
-- Found moveit_ros_planning_interface: 2.13.0 (/home/habibahassan/project/install/moveit_ros_planning_interface/share/moveit_ros_planning_interface/cmake)
-- Found Boost: /usr/lib/x86_64-linux-gnu/cmake/Boost-1.83.0/BoostConfig.cmake (found version "1.83.0") found components: date_time filesystem program_options system thread 
-- Found Boost: /usr/lib/x86_64-linux-gnu/cmake/Boost-1.83.0/BoostConfig.cmake (found version "1.83.0") found components: chrono date_time filesystem iostreams program_options regex serialization system thread 
-- Found parameter_traits: 0.4.0 (/opt/ros/jazzy/share/parameter_traits/cmake)
-- Found rclcpp_lifecycle: 28.1.6 (/opt/ros/jazzy/share/rclcpp_lifecycle/cmake)
-- Found Boost: /usr/lib/x86_64-linux-gnu/cmake/Boost-1.83.0/BoostConfig.cmake (found version "1.83.0") found components: filesystem 
-- Found Eigen3: TRUE (found version "3.4.0") 
-- Ensuring Eigen3 include directory is part of orocos-kdl CMake target
-- Found Boost: /usr/lib/x86_64-linux-gnu/cmake/Boost-1.83.0/BoostConfig.cmake (found version "1.83.0") found components: system filesystem date_time program_options thread chrono 
-- Found Boost: /usr/lib/x86_64-linux-gnu/cmake/Boost-1.83.0/BoostConfig.cmake (found version "1.83.0") found components: thread system filesystem regex date_time program_options 
-- Found Boost: /usr/lib/x86_64-linux-gnu/cmake/Boost-1.83.0/BoostConfig.cmake (found version "1.83.0") found components: system filesystem date_time program_options thread 
-- Configuring done (26.7s)
-- Generating done (0.2s)
-- Build files have been written to: /home/habibahassan/project/build/ur_moveit_config
[ 50%] [32mBuilding CXX object CMakeFiles/move_to_pose.dir/scripts/move_to_pose.cpp.o[0m
[100%] [32m[1mLinking CXX executable move_to_pose[0m
[100%] Built target move_to_pose
-- Install configuration: ""
-- Execute custom install script
-- Symlinking: /home/habibahassan/project/install/ur_moveit_config/lib/ur_moveit_config/move_to_pose
-- Up-to-date symlink: /home/habibahassan/project/install/ur_moveit_config/share/ur_moveit_config/config/chomp_planning.yaml
-- Up-to-date symlink: /home/habibahassan/project/install/ur_moveit_config/share/ur_moveit_config/config/joint_limits.yaml
-- Up-to-date symlink: /home/habibahassan/project/install/ur_moveit_config/share/ur_moveit_config/config/kinematics.yaml
-- Up-to-date symlink: /home/habibahassan/project/install/ur_moveit_config/share/ur_moveit_config/config/moveit.rviz
-- Up-to-date symlink: /home/habibahassan/project/install/ur_moveit_config/share/ur_moveit_config/config/moveit_controllers.yaml
-- Up-to-date symlink: /home/habibahassan/project/install/ur_moveit_config/share/ur_moveit_config/config/ompl_planning.yaml
-- Up-to-date symlink: /home/habibahassan/project/install/ur_moveit_config/share/ur_moveit_config/config/pilz_cartesian_limits.yaml
-- Up-to-date symlink: /home/habibahassan/project/install/ur_moveit_config/share/ur_moveit_config/config/pilz_industrial_motion_planner_planning.yaml
-- Up-to-date symlink: /home/habibahassan/project/install/ur_moveit_config/share/ur_moveit_config/config/ur_servo.yaml
-- Up-to-date symlink: /home/habibahassan/project/install/ur_moveit_config/share/ur_moveit_config/launch/trial_world2.urdf
-- Up-to-date symlink: /home/habibahassan/project/install/ur_moveit_config/share/ur_moveit_config/launch/ur_moveit.launch.py
-- Up-to-date symlink: /home/habibahassan/project/install/ur_moveit_config/share/ur_moveit_config/srdf/ur.srdf.xacro
-- Up-to-date symlink: /home/habibahassan/project/install/ur_moveit_config/share/ur_moveit_config/srdf/ur_macro.srdf.xacro
-- Up-to-date symlink: /home/habibahassan/project/install/ur_moveit_config/share/ament_index/resource_index/package_run_dependencies/ur_moveit_config
-- Up-to-date symlink: /home/habibahassan/project/install/ur_moveit_config/share/ament_index/resource_index/parent_prefix_path/ur_moveit_config
-- Up-to-date symlink: /home/habibahassan/project/install/ur_moveit_config/share/ur_moveit_config/environment/ament_prefix_path.sh
-- Up-to-date symlink: /home/habibahassan/project/install/ur_moveit_config/share/ur_moveit_config/environment/ament_prefix_path.dsv
-- Up-to-date symlink: /home/habibahassan/project/install/ur_moveit_config/share/ur_moveit_config/environment/path.sh
-- Up-to-date symlink: /home/habibahassan/project/install/ur_moveit_config/share/ur_moveit_config/environment/path.dsv
-- Up-to-date symlink: /home/habibahassan/project/install/ur_moveit_config/share/ur_moveit_config/local_setup.bash
-- Up-to-date symlink: /home/habibahassan/project/install/ur_moveit_config/share/ur_moveit_config/local_setup.sh
-- Up-to-date symlink: /home/habibahassan/project/install/ur_moveit_config/share/ur_moveit_config/local_setup.zsh
-- Up-to-date symlink: /home/habibahassan/project/install/ur_moveit_config/share/ur_moveit_config/local_setup.dsv
-- Symlinking: /home/habibahassan/project/install/ur_moveit_config/share/ur_moveit_config/package.dsv
-- Up-to-date symlink: /home/habibahassan/project/install/ur_moveit_config/share/ament_index/resource_index/packages/ur_moveit_config
-- Up-to-date symlink: /home/habibahassan/project/install/ur_moveit_config/share/ur_moveit_config/cmake/ur_moveit_configConfig.cmake
-- Up-to-date symlink: /home/habibahassan/project/install/ur_moveit_config/share/ur_moveit_config/cmake/ur_moveit_configConfig-version.cmake
-- Up-to-date symlink: /home/habibahassan/project/install/ur_moveit_config/share/ur_moveit_config/package.xml
