[0.297s] Invoking command in '/home/habibahassan/project/build/moveit_resources_fanuc_description': CMAKE_PREFIX_PATH=${CMAKE_PREFIX_PATH}:/home/habibahassan/project/install/moveit_configs_utils:/opt/ros/jazzy DEBUGINFOD_URLS=https://debuginfod.ubuntu.com /usr/bin/cmake /home/habibahassan/project/src/moveit_resources/fanuc_description -DCMAKE_INSTALL_PREFIX=/home/habibahassan/project/install/moveit_resources_fanuc_description
[0.453s] -- The C compiler identification is GNU 13.3.0
[1.094s] -- The CXX compiler identification is GNU 13.3.0
[1.746s] -- Detecting C compiler ABI info
[2.143s] -- Detecting C compiler ABI info - done
[2.168s] -- Check for working C compiler: /usr/bin/cc - skipped
[2.169s] -- Detecting C compile features
[2.169s] -- Detecting C compile features - done
[2.370s] -- Detecting CXX compiler ABI info
[3.115s] -- Detecting CXX compiler ABI info - done
[3.155s] -- Check for working CXX compiler: /usr/bin/c++ - skipped
[3.156s] -- Detecting CXX compile features
[3.158s] -- Detecting CXX compile features - done
[3.168s] -- Found ament_cmake: 2.5.3 (/opt/ros/jazzy/share/ament_cmake/cmake)
[3.873s] -- Found Python3: /usr/bin/python3 (found version "3.12.3") found components: Interpreter 
[4.525s] -- Configuring done (4.2s)
[4.537s] -- Generating done (0.0s)
[4.542s] -- Build files have been written to: /home/habibahassan/project/build/moveit_resources_fanuc_description
[4.616s] Invoked command in '/home/habibahassan/project/build/moveit_resources_fanuc_description' returned '0': CMAKE_PREFIX_PATH=${CMAKE_PREFIX_PATH}:/home/habibahassan/project/install/moveit_configs_utils:/opt/ros/jazzy DEBUGINFOD_URLS=https://debuginfod.ubuntu.com /usr/bin/cmake /home/habibahassan/project/src/moveit_resources/fanuc_description -DCMAKE_INSTALL_PREFIX=/home/habibahassan/project/install/moveit_resources_fanuc_description
[4.617s] Invoking command in '/home/habibahassan/project/build/moveit_resources_fanuc_description': CMAKE_PREFIX_PATH=${CMAKE_PREFIX_PATH}:/home/habibahassan/project/install/moveit_configs_utils:/opt/ros/jazzy DEBUGINFOD_URLS=https://debuginfod.ubuntu.com /usr/bin/cmake --build /home/habibahassan/project/build/moveit_resources_fanuc_description -- -j8 -l8
[5.076s] Invoked command in '/home/habibahassan/project/build/moveit_resources_fanuc_description' returned '0': CMAKE_PREFIX_PATH=${CMAKE_PREFIX_PATH}:/home/habibahassan/project/install/moveit_configs_utils:/opt/ros/jazzy DEBUGINFOD_URLS=https://debuginfod.ubuntu.com /usr/bin/cmake --build /home/habibahassan/project/build/moveit_resources_fanuc_description -- -j8 -l8
[5.079s] Invoking command in '/home/habibahassan/project/build/moveit_resources_fanuc_description': CMAKE_PREFIX_PATH=${CMAKE_PREFIX_PATH}:/home/habibahassan/project/install/moveit_configs_utils:/opt/ros/jazzy DEBUGINFOD_URLS=https://debuginfod.ubuntu.com /usr/bin/cmake --install /home/habibahassan/project/build/moveit_resources_fanuc_description
[5.107s] -- Install configuration: ""
[5.107s] -- Installing: /home/habibahassan/project/install/moveit_resources_fanuc_description/share/ament_index/resource_index/package_run_dependencies/moveit_resources_fanuc_description
[5.107s] -- Installing: /home/habibahassan/project/install/moveit_resources_fanuc_description/share/ament_index/resource_index/parent_prefix_path/moveit_resources_fanuc_description
[5.108s] -- Installing: /home/habibahassan/project/install/moveit_resources_fanuc_description/share/moveit_resources_fanuc_description/environment/ament_prefix_path.sh
[5.109s] -- Installing: /home/habibahassan/project/install/moveit_resources_fanuc_description/share/moveit_resources_fanuc_description/environment/ament_prefix_path.dsv
[5.109s] -- Installing: /home/habibahassan/project/install/moveit_resources_fanuc_description/share/moveit_resources_fanuc_description/environment/path.sh
[5.111s] -- Installing: /home/habibahassan/project/install/moveit_resources_fanuc_description/share/moveit_resources_fanuc_description/environment/path.dsv
[5.111s] -- Installing: /home/habibahassan/project/install/moveit_resources_fanuc_description/share/moveit_resources_fanuc_description/local_setup.bash
[5.112s] -- Installing: /home/habibahassan/project/install/moveit_resources_fanuc_description/share/moveit_resources_fanuc_description/local_setup.sh
[5.112s] -- Installing: /home/habibahassan/project/install/moveit_resources_fanuc_description/share/moveit_resources_fanuc_description/local_setup.zsh
[5.113s] -- Installing: /home/habibahassan/project/install/moveit_resources_fanuc_description/share/moveit_resources_fanuc_description/local_setup.dsv
[5.113s] -- Installing: /home/habibahassan/project/install/moveit_resources_fanuc_description/share/moveit_resources_fanuc_description/package.dsv
[5.113s] -- Installing: /home/habibahassan/project/install/moveit_resources_fanuc_description/share/ament_index/resource_index/packages/moveit_resources_fanuc_description
[5.114s] -- Installing: /home/habibahassan/project/install/moveit_resources_fanuc_description/share/moveit_resources_fanuc_description/cmake/moveit_resources_fanuc_descriptionConfig.cmake
[5.114s] -- Installing: /home/habibahassan/project/install/moveit_resources_fanuc_description/share/moveit_resources_fanuc_description/cmake/moveit_resources_fanuc_descriptionConfig-version.cmake
[5.114s] -- Installing: /home/habibahassan/project/install/moveit_resources_fanuc_description/share/moveit_resources_fanuc_description/package.xml
[5.115s] -- Installing: /home/habibahassan/project/install/moveit_resources_fanuc_description/share/moveit_resources_fanuc_description/meshes
[5.115s] -- Installing: /home/habibahassan/project/install/moveit_resources_fanuc_description/share/moveit_resources_fanuc_description/meshes/collision
[5.116s] -- Installing: /home/habibahassan/project/install/moveit_resources_fanuc_description/share/moveit_resources_fanuc_description/meshes/collision/link_6.stl
[5.116s] -- Installing: /home/habibahassan/project/install/moveit_resources_fanuc_description/share/moveit_resources_fanuc_description/meshes/collision/base_link.stl
[5.116s] -- Installing: /home/habibahassan/project/install/moveit_resources_fanuc_description/share/moveit_resources_fanuc_description/meshes/collision/link_1.stl
[5.116s] -- Installing: /home/habibahassan/project/install/moveit_resources_fanuc_description/share/moveit_resources_fanuc_description/meshes/collision/link_3.stl
[5.121s] -- Installing: /home/habibahassan/project/install/moveit_resources_fanuc_description/share/moveit_resources_fanuc_description/meshes/collision/link_5.stl
[5.124s] -- Installing: /home/habibahassan/project/install/moveit_resources_fanuc_description/share/moveit_resources_fanuc_description/meshes/collision/link_4.stl
[5.125s] -- Installing: /home/habibahassan/project/install/moveit_resources_fanuc_description/share/moveit_resources_fanuc_description/meshes/collision/link_2.stl
[5.126s] -- Installing: /home/habibahassan/project/install/moveit_resources_fanuc_description/share/moveit_resources_fanuc_description/meshes/visual
[5.127s] -- Installing: /home/habibahassan/project/install/moveit_resources_fanuc_description/share/moveit_resources_fanuc_description/meshes/visual/link_6.stl
[5.128s] -- Installing: /home/habibahassan/project/install/moveit_resources_fanuc_description/share/moveit_resources_fanuc_description/meshes/visual/base_link.stl
[5.129s] -- Installing: /home/habibahassan/project/install/moveit_resources_fanuc_description/share/moveit_resources_fanuc_description/meshes/visual/link_1.stl
[5.130s] -- Installing: /home/habibahassan/project/install/moveit_resources_fanuc_description/share/moveit_resources_fanuc_description/meshes/visual/link_3.stl
[5.134s] -- Installing: /home/habibahassan/project/install/moveit_resources_fanuc_description/share/moveit_resources_fanuc_description/meshes/visual/link_5.stl
[5.134s] -- Installing: /home/habibahassan/project/install/moveit_resources_fanuc_description/share/moveit_resources_fanuc_description/meshes/visual/link_4.stl
[5.136s] -- Installing: /home/habibahassan/project/install/moveit_resources_fanuc_description/share/moveit_resources_fanuc_description/meshes/visual/link_2.stl
[5.141s] -- Installing: /home/habibahassan/project/install/moveit_resources_fanuc_description/share/moveit_resources_fanuc_description/urdf
[5.141s] -- Installing: /home/habibahassan/project/install/moveit_resources_fanuc_description/share/moveit_resources_fanuc_description/urdf/fanuc.urdf
[5.145s] Invoked command in '/home/habibahassan/project/build/moveit_resources_fanuc_description' returned '0': CMAKE_PREFIX_PATH=${CMAKE_PREFIX_PATH}:/home/habibahassan/project/install/moveit_configs_utils:/opt/ros/jazzy DEBUGINFOD_URLS=https://debuginfod.ubuntu.com /usr/bin/cmake --install /home/habibahassan/project/build/moveit_resources_fanuc_description
