[0.019s] Invoking command in '/home/habibahassan/project/build/robotiq_description': CMAKE_PREFIX_PATH=${CMAKE_PREFIX_PATH}:/home/habibahassan/project/install/moveit_configs_utils:/opt/ros/jazzy DEBUGINFOD_URLS=https://debuginfod.ubuntu.com /usr/bin/cmake --build /home/habibahassan/project/build/robotiq_description -- -j8 -l8
[0.077s] Invoked command in '/home/habibahassan/project/build/robotiq_description' returned '0': CMAKE_PREFIX_PATH=${CMAKE_PREFIX_PATH}:/home/habibahassan/project/install/moveit_configs_utils:/opt/ros/jazzy DEBUGINFOD_URLS=https://debuginfod.ubuntu.com /usr/bin/cmake --build /home/habibahassan/project/build/robotiq_description -- -j8 -l8
[0.082s] Invoking command in '/home/habibahassan/project/build/robotiq_description': CMAKE_PREFIX_PATH=${CMAKE_PREFIX_PATH}:/home/habibahassan/project/install/moveit_configs_utils:/opt/ros/jazzy DEBUGINFOD_URLS=https://debuginfod.ubuntu.com /usr/bin/cmake --install /home/habibahassan/project/build/robotiq_description
[0.093s] -- Install configuration: ""
[0.093s] -- Up-to-date: /home/habibahassan/project/install/robotiq_description/share/robotiq_description/config
[0.095s] -- Up-to-date: /home/habibahassan/project/install/robotiq_description/share/robotiq_description/config/robotiq_controllers.yaml
[0.095s] -- Up-to-date: /home/habibahassan/project/install/robotiq_description/share/robotiq_description/launch
[0.096s] -- Up-to-date: /home/habibahassan/project/install/robotiq_description/share/robotiq_description/launch/view_gripper.launch.py
[0.096s] -- Up-to-date: /home/habibahassan/project/install/robotiq_description/share/robotiq_description/launch/robotiq_control.launch.py
[0.097s] -- Up-to-date: /home/habibahassan/project/install/robotiq_description/share/robotiq_description/meshes
[0.098s] -- Up-to-date: /home/habibahassan/project/install/robotiq_description/share/robotiq_description/meshes/collision
[0.099s] -- Up-to-date: /home/habibahassan/project/install/robotiq_description/share/robotiq_description/meshes/collision/2f_140
[0.100s] -- Up-to-date: /home/habibahassan/project/install/robotiq_description/share/robotiq_description/meshes/collision/2f_140/robotiq_2f_140_coupling.stl
[0.100s] -- Up-to-date: /home/habibahassan/project/install/robotiq_description/share/robotiq_description/meshes/collision/2f_140/robotiq_2f_140_inner_finger.stl
[0.101s] -- Up-to-date: /home/habibahassan/project/install/robotiq_description/share/robotiq_description/meshes/collision/2f_140/robotiq_2f_140_inner_knuckle.stl
[0.101s] -- Up-to-date: /home/habibahassan/project/install/robotiq_description/share/robotiq_description/meshes/collision/2f_140/robotiq_2f_140_outer_knuckle.stl
[0.101s] -- Up-to-date: /home/habibahassan/project/install/robotiq_description/share/robotiq_description/meshes/collision/2f_140/robotiq_2f_140_base_link.stl
[0.101s] -- Up-to-date: /home/habibahassan/project/install/robotiq_description/share/robotiq_description/meshes/collision/2f_140/robotiq_2f_140_outer_finger.stl
[0.101s] -- Up-to-date: /home/habibahassan/project/install/robotiq_description/share/robotiq_description/meshes/collision/2f_85
[0.102s] -- Up-to-date: /home/habibahassan/project/install/robotiq_description/share/robotiq_description/meshes/collision/2f_85/right_finger.stl
[0.102s] -- Up-to-date: /home/habibahassan/project/install/robotiq_description/share/robotiq_description/meshes/collision/2f_85/left_finger_tip.stl
[0.102s] -- Up-to-date: /home/habibahassan/project/install/robotiq_description/share/robotiq_description/meshes/collision/2f_85/left_knuckle.stl
[0.102s] -- Up-to-date: /home/habibahassan/project/install/robotiq_description/share/robotiq_description/meshes/collision/2f_85/robotiq_base.stl
[0.102s] -- Up-to-date: /home/habibahassan/project/install/robotiq_description/share/robotiq_description/meshes/collision/2f_85/left_finger.stl
[0.102s] -- Up-to-date: /home/habibahassan/project/install/robotiq_description/share/robotiq_description/meshes/collision/2f_85/right_finger_tip.stl
[0.102s] -- Up-to-date: /home/habibahassan/project/install/robotiq_description/share/robotiq_description/meshes/collision/2f_85/right_knuckle.stl
[0.103s] -- Up-to-date: /home/habibahassan/project/install/robotiq_description/share/robotiq_description/meshes/collision/2f_85/left_inner_knuckle.stl
[0.103s] -- Up-to-date: /home/habibahassan/project/install/robotiq_description/share/robotiq_description/meshes/collision/2f_85/right_inner_knuckle.stl
[0.103s] -- Up-to-date: /home/habibahassan/project/install/robotiq_description/share/robotiq_description/meshes/collision/2f_85/ur_to_robotiq_adapter.stl
[0.103s] -- Up-to-date: /home/habibahassan/project/install/robotiq_description/share/robotiq_description/meshes/visual
[0.103s] -- Up-to-date: /home/habibahassan/project/install/robotiq_description/share/robotiq_description/meshes/visual/2f_140
[0.103s] -- Up-to-date: /home/habibahassan/project/install/robotiq_description/share/robotiq_description/meshes/visual/2f_140/robotiq_2f_140_coupling.stl
[0.104s] -- Up-to-date: /home/habibahassan/project/install/robotiq_description/share/robotiq_description/meshes/visual/2f_140/robotiq_2f_140_inner_finger.stl
[0.104s] -- Up-to-date: /home/habibahassan/project/install/robotiq_description/share/robotiq_description/meshes/visual/2f_140/robotiq_2f_140_inner_knuckle.stl
[0.104s] -- Up-to-date: /home/habibahassan/project/install/robotiq_description/share/robotiq_description/meshes/visual/2f_140/robotiq_2f_140_outer_knuckle.stl
[0.104s] -- Up-to-date: /home/habibahassan/project/install/robotiq_description/share/robotiq_description/meshes/visual/2f_140/robotiq_2f_140_base_link.stl
[0.104s] -- Up-to-date: /home/habibahassan/project/install/robotiq_description/share/robotiq_description/meshes/visual/2f_140/robotiq_2f_140_outer_finger.stl
[0.104s] -- Up-to-date: /home/habibahassan/project/install/robotiq_description/share/robotiq_description/meshes/visual/2f_85
[0.104s] -- Up-to-date: /home/habibahassan/project/install/robotiq_description/share/robotiq_description/meshes/visual/2f_85/right_inner_knuckle.dae
[0.105s] -- Up-to-date: /home/habibahassan/project/install/robotiq_description/share/robotiq_description/meshes/visual/2f_85/left_inner_knuckle.dae
[0.105s] -- Up-to-date: /home/habibahassan/project/install/robotiq_description/share/robotiq_description/meshes/visual/2f_85/left_finger_tip.dae
[0.105s] -- Up-to-date: /home/habibahassan/project/install/robotiq_description/share/robotiq_description/meshes/visual/2f_85/robotiq_base.dae
[0.105s] -- Up-to-date: /home/habibahassan/project/install/robotiq_description/share/robotiq_description/meshes/visual/2f_85/left_finger.dae
[0.105s] -- Up-to-date: /home/habibahassan/project/install/robotiq_description/share/robotiq_description/meshes/visual/2f_85/right_finger.dae
[0.105s] -- Up-to-date: /home/habibahassan/project/install/robotiq_description/share/robotiq_description/meshes/visual/2f_85/right_knuckle.dae
[0.105s] -- Up-to-date: /home/habibahassan/project/install/robotiq_description/share/robotiq_description/meshes/visual/2f_85/ur_to_robotiq_adapter.dae
[0.105s] -- Up-to-date: /home/habibahassan/project/install/robotiq_description/share/robotiq_description/meshes/visual/2f_85/left_knuckle.dae
[0.105s] -- Up-to-date: /home/habibahassan/project/install/robotiq_description/share/robotiq_description/meshes/visual/2f_85/right_finger_tip.dae
[0.105s] -- Up-to-date: /home/habibahassan/project/install/robotiq_description/share/robotiq_description/rviz
[0.106s] -- Up-to-date: /home/habibahassan/project/install/robotiq_description/share/robotiq_description/rviz/view_urdf.rviz
[0.106s] -- Up-to-date: /home/habibahassan/project/install/robotiq_description/share/robotiq_description/urdf
[0.107s] -- Up-to-date: /home/habibahassan/project/install/robotiq_description/share/robotiq_description/urdf/2f_85.ros2_control.xacro
[0.107s] -- Up-to-date: /home/habibahassan/project/install/robotiq_description/share/robotiq_description/urdf/robotiq_2f_140.xacro
[0.107s] -- Up-to-date: /home/habibahassan/project/install/robotiq_description/share/robotiq_description/urdf/ur_to_robotiq_adapter.urdf.xacro
[0.107s] -- Up-to-date: /home/habibahassan/project/install/robotiq_description/share/robotiq_description/urdf/robotiq_2f_140_macro.urdf.xacro
[0.107s] -- Up-to-date: /home/habibahassan/project/install/robotiq_description/share/robotiq_description/urdf/robotiq_2f_85_macro.urdf.xacro
[0.108s] -- Up-to-date: /home/habibahassan/project/install/robotiq_description/share/robotiq_description/urdf/robotiq_2f_85_gripper.urdf.xacro
[0.108s] -- Up-to-date: /home/habibahassan/project/install/robotiq_description/share/robotiq_description/urdf/robotiq_2f_140_gripper.urdf.xacro
[0.108s] -- Up-to-date: /home/habibahassan/project/install/robotiq_description/share/robotiq_description/urdf/2f_140.ros2_control.xacro
[0.108s] -- Up-to-date: /home/habibahassan/project/install/robotiq_description/share/ament_index/resource_index/package_run_dependencies/robotiq_description
[0.108s] -- Up-to-date: /home/habibahassan/project/install/robotiq_description/share/ament_index/resource_index/parent_prefix_path/robotiq_description
[0.108s] -- Up-to-date: /home/habibahassan/project/install/robotiq_description/share/robotiq_description/environment/ament_prefix_path.sh
[0.108s] -- Up-to-date: /home/habibahassan/project/install/robotiq_description/share/robotiq_description/environment/ament_prefix_path.dsv
[0.109s] -- Up-to-date: /home/habibahassan/project/install/robotiq_description/share/robotiq_description/environment/path.sh
[0.109s] -- Up-to-date: /home/habibahassan/project/install/robotiq_description/share/robotiq_description/environment/path.dsv
[0.109s] -- Up-to-date: /home/habibahassan/project/install/robotiq_description/share/robotiq_description/local_setup.bash
[0.109s] -- Up-to-date: /home/habibahassan/project/install/robotiq_description/share/robotiq_description/local_setup.sh
[0.109s] -- Up-to-date: /home/habibahassan/project/install/robotiq_description/share/robotiq_description/local_setup.zsh
[0.109s] -- Up-to-date: /home/habibahassan/project/install/robotiq_description/share/robotiq_description/local_setup.dsv
[0.109s] -- Installing: /home/habibahassan/project/install/robotiq_description/share/robotiq_description/package.dsv
[0.109s] -- Up-to-date: /home/habibahassan/project/install/robotiq_description/share/ament_index/resource_index/packages/robotiq_description
[0.110s] -- Up-to-date: /home/habibahassan/project/install/robotiq_description/share/robotiq_description/cmake/robotiq_descriptionConfig.cmake
[0.110s] -- Up-to-date: /home/habibahassan/project/install/robotiq_description/share/robotiq_description/cmake/robotiq_descriptionConfig-version.cmake
[0.110s] -- Up-to-date: /home/habibahassan/project/install/robotiq_description/share/robotiq_description/package.xml
[0.113s] Invoked command in '/home/habibahassan/project/build/robotiq_description' returned '0': CMAKE_PREFIX_PATH=${CMAKE_PREFIX_PATH}:/home/habibahassan/project/install/moveit_configs_utils:/opt/ros/jazzy DEBUGINFOD_URLS=https://debuginfod.ubuntu.com /usr/bin/cmake --install /home/habibahassan/project/build/robotiq_description
