[0.000000] (-) TimerEvent: {}
[0.000483] (-) JobUnselected: {'identifier': 'chomp_motion_planner'}
[0.000521] (-) JobUnselected: {'identifier': 'dual_arm_panda_moveit_config'}
[0.000534] (-) JobUnselected: {'identifier': 'gz_ros2_control'}
[0.000543] (-) JobUnselected: {'identifier': 'gz_ros2_control_demos'}
[0.000553] (-) JobUnselected: {'identifier': 'gz_ros2_control_tests'}
[0.000560] (-) JobUnselected: {'identifier': 'kinova_gen3_6dof_robotiq_2f_85_moveit_config'}
[0.000567] (-) JobUnselected: {'identifier': 'kinova_gen3_7dof_robotiq_2f_85_moveit_config'}
[0.000574] (-) JobUnselected: {'identifier': 'kinova_gen3_lite_moveit_config'}
[0.000581] (-) JobUnselected: {'identifier': 'kortex_api'}
[0.000588] (-) JobUnselected: {'identifier': 'kortex_bringup'}
[0.000595] (-) JobUnselected: {'identifier': 'kortex_description'}
[0.000602] (-) JobUnselected: {'identifier': 'kortex_driver'}
[0.000608] (-) JobUnselected: {'identifier': 'move_program'}
[0.000615] (-) JobUnselected: {'identifier': 'moveit'}
[0.000623] (-) JobUnselected: {'identifier': 'moveit2_tutorials'}
[0.000631] (-) JobUnselected: {'identifier': 'moveit_common'}
[0.000638] (-) JobUnselected: {'identifier': 'moveit_configs_utils'}
[0.000646] (-) JobUnselected: {'identifier': 'moveit_core'}
[0.000653] (-) JobUnselected: {'identifier': 'moveit_hybrid_planning'}
[0.000665] (-) JobUnselected: {'identifier': 'moveit_kinematics'}
[0.000672] (-) JobUnselected: {'identifier': 'moveit_msgs'}
[0.000680] (-) JobUnselected: {'identifier': 'moveit_planners'}
[0.000686] (-) JobUnselected: {'identifier': 'moveit_planners_chomp'}
[0.000693] (-) JobUnselected: {'identifier': 'moveit_planners_ompl'}
[0.000702] (-) JobUnselected: {'identifier': 'moveit_planners_stomp'}
[0.000709] (-) JobUnselected: {'identifier': 'moveit_plugins'}
[0.000717] (-) JobUnselected: {'identifier': 'moveit_py'}
[0.000724] (-) JobUnselected: {'identifier': 'moveit_resources'}
[0.000732] (-) JobUnselected: {'identifier': 'moveit_resources_fanuc_description'}
[0.000739] (-) JobUnselected: {'identifier': 'moveit_resources_fanuc_moveit_config'}
[0.000747] (-) JobUnselected: {'identifier': 'moveit_resources_panda_description'}
[0.000754] (-) JobUnselected: {'identifier': 'moveit_resources_panda_moveit_config'}
[0.000762] (-) JobUnselected: {'identifier': 'moveit_resources_pr2_description'}
[0.000769] (-) JobUnselected: {'identifier': 'moveit_resources_prbt_ikfast_manipulator_plugin'}
[0.000777] (-) JobUnselected: {'identifier': 'moveit_resources_prbt_moveit_config'}
[0.000784] (-) JobUnselected: {'identifier': 'moveit_resources_prbt_pg70_support'}
[0.000792] (-) JobUnselected: {'identifier': 'moveit_resources_prbt_support'}
[0.000799] (-) JobUnselected: {'identifier': 'moveit_ros'}
[0.000806] (-) JobUnselected: {'identifier': 'moveit_ros_benchmarks'}
[0.000814] (-) JobUnselected: {'identifier': 'moveit_ros_control_interface'}
[0.000821] (-) JobUnselected: {'identifier': 'moveit_ros_move_group'}
[0.000829] (-) JobUnselected: {'identifier': 'moveit_ros_occupancy_map_monitor'}
[0.000836] (-) JobUnselected: {'identifier': 'moveit_ros_perception'}
[0.000844] (-) JobUnselected: {'identifier': 'moveit_ros_planning'}
[0.000852] (-) JobUnselected: {'identifier': 'moveit_ros_planning_interface'}
[0.000859] (-) JobUnselected: {'identifier': 'moveit_ros_robot_interaction'}
[0.000866] (-) JobUnselected: {'identifier': 'moveit_ros_tests'}
[0.000874] (-) JobUnselected: {'identifier': 'moveit_ros_trajectory_cache'}
[0.000882] (-) JobUnselected: {'identifier': 'moveit_ros_visualization'}
[0.000889] (-) JobUnselected: {'identifier': 'moveit_ros_warehouse'}
[0.000896] (-) JobUnselected: {'identifier': 'moveit_runtime'}
[0.000904] (-) JobUnselected: {'identifier': 'moveit_servo'}
[0.000912] (-) JobUnselected: {'identifier': 'moveit_setup_app_plugins'}
[0.000919] (-) JobUnselected: {'identifier': 'moveit_setup_assistant'}
[0.000926] (-) JobUnselected: {'identifier': 'moveit_setup_controllers'}
[0.000932] (-) JobUnselected: {'identifier': 'moveit_setup_core_plugins'}
[0.000939] (-) JobUnselected: {'identifier': 'moveit_setup_framework'}
[0.000951] (-) JobUnselected: {'identifier': 'moveit_setup_srdf_plugins'}
[0.000958] (-) JobUnselected: {'identifier': 'moveit_simple_controller_manager'}
[0.000965] (-) JobUnselected: {'identifier': 'moveit_task_constructor_capabilities'}
[0.000972] (-) JobUnselected: {'identifier': 'moveit_task_constructor_core'}
[0.000978] (-) JobUnselected: {'identifier': 'moveit_task_constructor_demo'}
[0.000985] (-) JobUnselected: {'identifier': 'moveit_task_constructor_msgs'}
[0.000993] (-) JobUnselected: {'identifier': 'moveit_task_constructor_visualization'}
[0.001001] (-) JobUnselected: {'identifier': 'moveit_visual_tools'}
[0.001008] (-) JobUnselected: {'identifier': 'picknik_reset_fault_controller'}
[0.001015] (-) JobUnselected: {'identifier': 'picknik_twist_controller'}
[0.001023] (-) JobUnselected: {'identifier': 'pilz_industrial_motion_planner'}
[0.001030] (-) JobUnselected: {'identifier': 'pilz_industrial_motion_planner_testutils'}
[0.001038] (-) JobUnselected: {'identifier': 'robotiq_controllers'}
[0.001045] (-) JobUnselected: {'identifier': 'robotiq_description'}
[0.001052] (-) JobUnselected: {'identifier': 'robotiq_driver'}
[0.001060] (-) JobUnselected: {'identifier': 'robotiq_hardware_tests'}
[0.001067] (-) JobUnselected: {'identifier': 'rviz_marker_tools'}
[0.001075] (-) JobUnselected: {'identifier': 'rviz_visual_tools'}
[0.001082] (-) JobUnselected: {'identifier': 'serial'}
[0.001090] (-) JobUnselected: {'identifier': 'ur'}
[0.001101] (-) JobUnselected: {'identifier': 'ur_calibration'}
[0.001108] (-) JobUnselected: {'identifier': 'ur_controllers'}
[0.001116] (-) JobUnselected: {'identifier': 'ur_dashboard_msgs'}
[0.001123] (-) JobUnselected: {'identifier': 'ur_description'}
[0.001131] (-) JobUnselected: {'identifier': 'ur_moveit_config'}
[0.001138] (-) JobUnselected: {'identifier': 'ur_robot_driver'}
[0.001146] (-) JobUnselected: {'identifier': 'ur_simulation_gz'}
[0.001154] (-) EventReactorShutdown: {}
