[0.042s] Invoking command in '/home/habibahassan/project/build/kortex_api': CMAKE_PREFIX_PATH=${CMAKE_PREFIX_PATH}:/home/habibahassan/project/install/moveit_configs_utils:/opt/ros/jazzy DEBUGINFOD_URLS=https://debuginfod.ubuntu.com /usr/bin/cmake /home/habibahassan/project/src/ros2_kortex/kortex_api -DCMAKE_INSTALL_PREFIX=/home/habibahassan/project/install/kortex_api
[2.393s] [33mCMake Warning (dev) at /usr/share/cmake-3.28/Modules/FetchContent.cmake:1331 (message):
[2.394s]   The DOWNLOAD_EXTRACT_TIMESTAMP option was not given and policy CMP0135 is
[2.394s]   not set.  The policy's OLD behavior will be used.  When using a URL
[2.395s]   download, the timestamps of extracted files should preferably be that of
[2.396s]   the time of extraction, otherwise code that depends on the extracted
[2.396s]   contents might not be rebuilt if the URL changes.  The OLD behavior
[2.397s]   preserves the timestamps from the archive instead, but this is usually not
[2.397s]   what you want.  Update your project to the NEW behavior or specify the
[2.398s]   DOWNLOAD_EXTRACT_TIMESTAMP option with a value of true to avoid this
[2.398s]   robustness issue.
[2.400s] Call Stack (most recent call first):
[2.401s]   CMakeLists.txt:4 (FetchContent_Declare)
[2.401s] This warning is for project developers.  Use -Wno-dev to suppress it.
[2.402s] [0m
[4.664s] -- The C compiler identification is GNU 13.3.0
[6.712s] -- The CXX compiler identification is GNU 13.3.0
[8.731s] -- Detecting C compiler ABI info
[9.964s] -- Detecting C compiler ABI info - done
[10.014s] -- Check for working C compiler: /usr/bin/cc - skipped
[10.033s] -- Detecting C compile features
[10.034s] -- Detecting C compile features - done
[10.338s] -- Detecting CXX compiler ABI info
[11.430s] -- Detecting CXX compiler ABI info - done
[11.472s] -- Check for working CXX compiler: /usr/bin/c++ - skipped
[11.474s] -- Detecting CXX compile features
[11.476s] -- Detecting CXX compile features - done
[11.498s] -- Found ament_cmake: 2.5.3 (/opt/ros/jazzy/share/ament_cmake/cmake)
[12.264s] -- Found Python3: /usr/bin/python3 (found version "3.12.3") found components: Interpreter 
[13.133s] -- Configuring done (13.1s)
[13.146s] -- Generating done (0.0s)
[13.151s] -- Build files have been written to: /home/habibahassan/project/build/kortex_api
[13.173s] Invoked command in '/home/habibahassan/project/build/kortex_api' returned '0': CMAKE_PREFIX_PATH=${CMAKE_PREFIX_PATH}:/home/habibahassan/project/install/moveit_configs_utils:/opt/ros/jazzy DEBUGINFOD_URLS=https://debuginfod.ubuntu.com /usr/bin/cmake /home/habibahassan/project/src/ros2_kortex/kortex_api -DCMAKE_INSTALL_PREFIX=/home/habibahassan/project/install/kortex_api
[13.178s] Invoking command in '/home/habibahassan/project/build/kortex_api': CMAKE_PREFIX_PATH=${CMAKE_PREFIX_PATH}:/home/habibahassan/project/install/moveit_configs_utils:/opt/ros/jazzy DEBUGINFOD_URLS=https://debuginfod.ubuntu.com /usr/bin/cmake --build /home/habibahassan/project/build/kortex_api -- -j8 -l8
[20.793s] Invoked command in '/home/habibahassan/project/build/kortex_api' returned '0': CMAKE_PREFIX_PATH=${CMAKE_PREFIX_PATH}:/home/habibahassan/project/install/moveit_configs_utils:/opt/ros/jazzy DEBUGINFOD_URLS=https://debuginfod.ubuntu.com /usr/bin/cmake --build /home/habibahassan/project/build/kortex_api -- -j8 -l8
[20.795s] Invoking command in '/home/habibahassan/project/build/kortex_api': CMAKE_PREFIX_PATH=${CMAKE_PREFIX_PATH}:/home/habibahassan/project/install/moveit_configs_utils:/opt/ros/jazzy DEBUGINFOD_URLS=https://debuginfod.ubuntu.com /usr/bin/cmake --install /home/habibahassan/project/build/kortex_api
[20.832s] -- Install configuration: ""
[20.832s] -- Installing: /home/habibahassan/project/install/kortex_api/include/kortex_api
[20.833s] -- Installing: /home/habibahassan/project/install/kortex_api/include/kortex_api/FrameHandler.h
[20.833s] -- Installing: /home/habibahassan/project/install/kortex_api/include/kortex_api/TransportClientUdp.h
[20.834s] -- Installing: /home/habibahassan/project/install/kortex_api/include/kortex_api/NotificationHandler.h
[20.834s] -- Installing: /home/habibahassan/project/install/kortex_api/include/kortex_api/SessionManager.h
[20.835s] -- Installing: /home/habibahassan/project/install/kortex_api/include/kortex_api/ITransportClient.h
[20.837s] -- Installing: /home/habibahassan/project/install/kortex_api/include/kortex_api/TransportClientTcp.h
[20.838s] -- Installing: /home/habibahassan/project/install/kortex_api/include/kortex_api/RouterClient.h
[20.838s] -- Installing: /home/habibahassan/project/install/kortex_api/include/kortex_api/version.h
[20.839s] -- Installing: /home/habibahassan/project/install/kortex_api/include/kortex_api/IRouterClient.h
[20.840s] -- Up-to-date: /home/habibahassan/project/install/kortex_api/include/kortex_api
[20.840s] -- Installing: /home/habibahassan/project/install/kortex_api/include/kortex_api/Frame.h
[20.843s] -- Installing: /home/habibahassan/project/install/kortex_api/include/kortex_api/KinovaTcpUtilities.h
[20.860s] -- Installing: /home/habibahassan/project/install/kortex_api/include/kortex_api/TransportBridgeDummy.h
[20.860s] -- Installing: /home/habibahassan/project/install/kortex_api/include/kortex_api/KError.h
[20.861s] -- Installing: /home/habibahassan/project/install/kortex_api/include/kortex_api/KDetailedException.h
[20.861s] -- Installing: /home/habibahassan/project/install/kortex_api/include/kortex_api/HeaderInfo.h
[20.861s] -- Installing: /home/habibahassan/project/install/kortex_api/include/kortex_api/KBasicException.h
[20.861s] -- Up-to-date: /home/habibahassan/project/install/kortex_api/include/kortex_api/version.h
[20.861s] -- Up-to-date: /home/habibahassan/project/install/kortex_api/include/kortex_api
[20.862s] -- Installing: /home/habibahassan/project/install/kortex_api/include/kortex_api/InterconnectCyclic.pb.h
[20.862s] -- Installing: /home/habibahassan/project/install/kortex_api/include/kortex_api/Errors.pb.h
[20.862s] -- Installing: /home/habibahassan/project/install/kortex_api/include/kortex_api/GripperCyclic.pb.h
[20.862s] -- Installing: /home/habibahassan/project/install/kortex_api/include/kortex_api/Session.pb.h
[20.862s] -- Installing: /home/habibahassan/project/install/kortex_api/include/kortex_api/GripperCyclicMessage.pb.h
[20.863s] -- Installing: /home/habibahassan/project/install/kortex_api/include/kortex_api/GripperConfig.pb.h
[20.863s] -- Installing: /home/habibahassan/project/install/kortex_api/include/kortex_api/VisionConfig.pb.h
[20.863s] -- Installing: /home/habibahassan/project/install/kortex_api/include/kortex_api/ActuatorConfig.pb.h
[20.863s] -- Installing: /home/habibahassan/project/install/kortex_api/include/kortex_api/InterconnectConfig.pb.h
[20.863s] -- Installing: /home/habibahassan/project/install/kortex_api/include/kortex_api/DeviceConfig.pb.h
[20.863s] -- Installing: /home/habibahassan/project/install/kortex_api/include/kortex_api/BaseCyclic.pb.h
[20.864s] -- Installing: /home/habibahassan/project/install/kortex_api/include/kortex_api/ActuatorCyclic.pb.h
[20.864s] -- Installing: /home/habibahassan/project/install/kortex_api/include/kortex_api/DeviceManager.pb.h
[20.867s] -- Installing: /home/habibahassan/project/install/kortex_api/include/kortex_api/ProductConfiguration.pb.h
[20.884s] -- Installing: /home/habibahassan/project/install/kortex_api/include/kortex_api/ControlConfig.pb.h
[20.884s] -- Installing: /home/habibahassan/project/install/kortex_api/include/kortex_api/Base.pb.h
[20.884s] -- Installing: /home/habibahassan/project/install/kortex_api/include/kortex_api/InterconnectCyclicMessage.pb.h
[20.884s] -- Installing: /home/habibahassan/project/install/kortex_api/include/kortex_api/Frame.pb.h
[20.885s] -- Installing: /home/habibahassan/project/install/kortex_api/include/kortex_api/Test.pb.h
[20.885s] -- Installing: /home/habibahassan/project/install/kortex_api/include/kortex_api/Common.pb.h
[20.885s] -- Up-to-date: /home/habibahassan/project/install/kortex_api/include/kortex_api
[20.885s] -- Installing: /home/habibahassan/project/install/kortex_api/include/kortex_api/ControlConfigClientRpc.h
[20.885s] -- Installing: /home/habibahassan/project/install/kortex_api/include/kortex_api/InterconnectConfigClientRpc.h
[20.904s] -- Installing: /home/habibahassan/project/install/kortex_api/include/kortex_api/InterconnectCyclicClientRpc.h
[20.906s] -- Installing: /home/habibahassan/project/install/kortex_api/include/kortex_api/BaseClientRpc.h
[20.907s] -- Installing: /home/habibahassan/project/install/kortex_api/include/kortex_api/VisionConfigClientRpc.h
[20.907s] -- Installing: /home/habibahassan/project/install/kortex_api/include/kortex_api/SessionClientRpc.h
[20.910s] -- Installing: /home/habibahassan/project/install/kortex_api/include/kortex_api/ActuatorConfigClientRpc.h
[20.910s] -- Installing: /home/habibahassan/project/install/kortex_api/include/kortex_api/DeviceConfigClientRpc.h
[20.910s] -- Installing: /home/habibahassan/project/install/kortex_api/include/kortex_api/DeviceManagerClientRpc.h
[20.913s] -- Installing: /home/habibahassan/project/install/kortex_api/include/kortex_api/BaseCyclicClientRpc.h
[20.913s] -- Installing: /home/habibahassan/project/install/kortex_api/include/kortex_api/ActuatorCyclicClientRpc.h
[20.913s] -- Installing: /home/habibahassan/project/install/kortex_api/include/kortex_api/TestClientRpc.h
[20.914s] -- Installing: /home/habibahassan/project/install/kortex_api/include/kortex_api/GripperCyclicClientRpc.h
[20.914s] -- Installing: /home/habibahassan/project/install/kortex_api/include/kortex_api/google/protobuf
[20.915s] -- Installing: /home/habibahassan/project/install/kortex_api/include/kortex_api/google/protobuf/wire_format.h
[20.915s] -- Installing: /home/habibahassan/project/install/kortex_api/include/kortex_api/google/protobuf/wrappers.pb.h
[20.915s] -- Installing: /home/habibahassan/project/install/kortex_api/include/kortex_api/google/protobuf/type.pb.h
[20.915s] -- Installing: /home/habibahassan/project/install/kortex_api/include/kortex_api/google/protobuf/extension_set.h
[20.915s] -- Installing: /home/habibahassan/project/install/kortex_api/include/kortex_api/google/protobuf/message_lite.h
[20.916s] -- Installing: /home/habibahassan/project/install/kortex_api/include/kortex_api/google/protobuf/any.h
[20.916s] -- Installing: /home/habibahassan/project/install/kortex_api/include/kortex_api/google/protobuf/source_context.pb.h
[20.916s] -- Installing: /home/habibahassan/project/install/kortex_api/include/kortex_api/google/protobuf/map_type_handler.h
[20.916s] -- Installing: /home/habibahassan/project/install/kortex_api/include/kortex_api/google/protobuf/api.pb.h
[20.916s] -- Installing: /home/habibahassan/project/install/kortex_api/include/kortex_api/google/protobuf/field_mask.pb.h
[20.917s] -- Installing: /home/habibahassan/project/install/kortex_api/include/kortex_api/google/protobuf/io
[20.917s] -- Installing: /home/habibahassan/project/install/kortex_api/include/kortex_api/google/protobuf/io/gzip_stream.h
[20.917s] -- Installing: /home/habibahassan/project/install/kortex_api/include/kortex_api/google/protobuf/io/strtod.h
[20.917s] -- Installing: /home/habibahassan/project/install/kortex_api/include/kortex_api/google/protobuf/io/zero_copy_stream.h
[20.917s] -- Installing: /home/habibahassan/project/install/kortex_api/include/kortex_api/google/protobuf/io/coded_stream.h
[20.917s] -- Installing: /home/habibahassan/project/install/kortex_api/include/kortex_api/google/protobuf/io/zero_copy_stream_impl_lite.h
[20.918s] -- Installing: /home/habibahassan/project/install/kortex_api/include/kortex_api/google/protobuf/io/zero_copy_stream_impl.h
[20.918s] -- Installing: /home/habibahassan/project/install/kortex_api/include/kortex_api/google/protobuf/io/printer.h
[20.918s] -- Installing: /home/habibahassan/project/install/kortex_api/include/kortex_api/google/protobuf/io/tokenizer.h
[20.918s] -- Installing: /home/habibahassan/project/install/kortex_api/include/kortex_api/google/protobuf/stubs
[20.918s] -- Installing: /home/habibahassan/project/install/kortex_api/include/kortex_api/google/protobuf/stubs/atomic_sequence_num.h
[20.919s] -- Installing: /home/habibahassan/project/install/kortex_api/include/kortex_api/google/protobuf/stubs/once.h
[20.919s] -- Installing: /home/habibahassan/project/install/kortex_api/include/kortex_api/google/protobuf/stubs/common.h
[20.919s] -- Installing: /home/habibahassan/project/install/kortex_api/include/kortex_api/google/protobuf/stubs/stl_util.h
[20.919s] -- Installing: /home/habibahassan/project/install/kortex_api/include/kortex_api/google/protobuf/stubs/macros.h
[20.920s] -- Installing: /home/habibahassan/project/install/kortex_api/include/kortex_api/google/protobuf/stubs/scoped_ptr.h
[20.920s] -- Installing: /home/habibahassan/project/install/kortex_api/include/kortex_api/google/protobuf/stubs/callback.h
[20.920s] -- Installing: /home/habibahassan/project/install/kortex_api/include/kortex_api/google/protobuf/stubs/fastmem.h
[20.920s] -- Installing: /home/habibahassan/project/install/kortex_api/include/kortex_api/google/protobuf/stubs/bytestream.h
[20.921s] -- Installing: /home/habibahassan/project/install/kortex_api/include/kortex_api/google/protobuf/stubs/template_util.h
[20.921s] -- Installing: /home/habibahassan/project/install/kortex_api/include/kortex_api/google/protobuf/stubs/port.h
[20.921s] -- Installing: /home/habibahassan/project/install/kortex_api/include/kortex_api/google/protobuf/stubs/hash.h
[20.921s] -- Installing: /home/habibahassan/project/install/kortex_api/include/kortex_api/google/protobuf/stubs/casts.h
[20.921s] -- Installing: /home/habibahassan/project/install/kortex_api/include/kortex_api/google/protobuf/stubs/atomicops_internals_arm_qnx.h
[20.922s] -- Installing: /home/habibahassan/project/install/kortex_api/include/kortex_api/google/protobuf/stubs/atomicops_internals_mips_gcc.h
[20.922s] -- Installing: /home/habibahassan/project/install/kortex_api/include/kortex_api/google/protobuf/stubs/atomicops_internals_arm64_gcc.h
[20.922s] -- Installing: /home/habibahassan/project/install/kortex_api/include/kortex_api/google/protobuf/stubs/atomicops_internals_x86_msvc.h
[20.922s] -- Installing: /home/habibahassan/project/install/kortex_api/include/kortex_api/google/protobuf/stubs/atomicops.h
[20.922s] -- Installing: /home/habibahassan/project/install/kortex_api/include/kortex_api/google/protobuf/stubs/status.h
[20.923s] -- Installing: /home/habibahassan/project/install/kortex_api/include/kortex_api/google/protobuf/stubs/singleton.h
[20.923s] -- Installing: /home/habibahassan/project/install/kortex_api/include/kortex_api/google/protobuf/stubs/atomicops_internals_solaris.h
[20.923s] -- Installing: /home/habibahassan/project/install/kortex_api/include/kortex_api/google/protobuf/stubs/atomicops_internals_tsan.h
[20.951s] -- Installing: /home/habibahassan/project/install/kortex_api/include/kortex_api/google/protobuf/stubs/type_traits.h
[20.951s] -- Installing: /home/habibahassan/project/install/kortex_api/include/kortex_api/google/protobuf/stubs/atomicops_internals_x86_gcc.h
[20.951s] -- Installing: /home/habibahassan/project/install/kortex_api/include/kortex_api/google/protobuf/stubs/mutex.h
[20.951s] -- Installing: /home/habibahassan/project/install/kortex_api/include/kortex_api/google/protobuf/stubs/atomicops_internals_arm_gcc.h
[20.951s] -- Installing: /home/habibahassan/project/install/kortex_api/include/kortex_api/google/protobuf/stubs/atomicops_internals_ppc_gcc.h
[20.951s] -- Installing: /home/habibahassan/project/install/kortex_api/include/kortex_api/google/protobuf/stubs/atomicops_internals_power.h
[20.952s] -- Installing: /home/habibahassan/project/install/kortex_api/include/kortex_api/google/protobuf/stubs/atomicops_internals_generic_gcc.h
[20.952s] -- Installing: /home/habibahassan/project/install/kortex_api/include/kortex_api/google/protobuf/stubs/platform_macros.h
[20.952s] -- Installing: /home/habibahassan/project/install/kortex_api/include/kortex_api/google/protobuf/stubs/atomicops_internals_generic_c11_atomic.h
[20.952s] -- Installing: /home/habibahassan/project/install/kortex_api/include/kortex_api/google/protobuf/stubs/stringpiece.h
[20.952s] -- Installing: /home/habibahassan/project/install/kortex_api/include/kortex_api/google/protobuf/stubs/logging.h
[20.953s] -- Installing: /home/habibahassan/project/install/kortex_api/include/kortex_api/google/protobuf/stubs/shared_ptr.h
[20.953s] -- Installing: /home/habibahassan/project/install/kortex_api/include/kortex_api/google/protobuf/util
[20.953s] -- Installing: /home/habibahassan/project/install/kortex_api/include/kortex_api/google/protobuf/util/delimited_message_util.h
[20.953s] -- Installing: /home/habibahassan/project/install/kortex_api/include/kortex_api/google/protobuf/util/time_util.h
[20.953s] -- Installing: /home/habibahassan/project/install/kortex_api/include/kortex_api/google/protobuf/util/field_mask_util.h
[20.953s] -- Installing: /home/habibahassan/project/install/kortex_api/include/kortex_api/google/protobuf/util/field_comparator.h
[20.954s] -- Installing: /home/habibahassan/project/install/kortex_api/include/kortex_api/google/protobuf/util/json_util.h
[20.954s] -- Installing: /home/habibahassan/project/install/kortex_api/include/kortex_api/google/protobuf/util/message_differencer.h
[20.954s] -- Installing: /home/habibahassan/project/install/kortex_api/include/kortex_api/google/protobuf/util/type_resolver_util.h
[20.954s] -- Installing: /home/habibahassan/project/install/kortex_api/include/kortex_api/google/protobuf/util/type_resolver.h
[20.955s] -- Installing: /home/habibahassan/project/install/kortex_api/include/kortex_api/google/protobuf/dynamic_message.h
[20.955s] -- Installing: /home/habibahassan/project/install/kortex_api/include/kortex_api/google/protobuf/any.pb.h
[20.955s] -- Installing: /home/habibahassan/project/install/kortex_api/include/kortex_api/google/protobuf/descriptor_database.h
[20.955s] -- Installing: /home/habibahassan/project/install/kortex_api/include/kortex_api/google/protobuf/descriptor.h
[20.956s] -- Installing: /home/habibahassan/project/install/kortex_api/include/kortex_api/google/protobuf/has_bits.h
[20.956s] -- Installing: /home/habibahassan/project/install/kortex_api/include/kortex_api/google/protobuf/arena.h
[20.956s] -- Installing: /home/habibahassan/project/install/kortex_api/include/kortex_api/google/protobuf/metadata_lite.h
[20.957s] -- Installing: /home/habibahassan/project/install/kortex_api/include/kortex_api/google/protobuf/metadata.h
[20.957s] -- Installing: /home/habibahassan/project/install/kortex_api/include/kortex_api/google/protobuf/compiler
[20.957s] -- Installing: /home/habibahassan/project/install/kortex_api/include/kortex_api/google/protobuf/compiler/code_generator.h
[20.957s] -- Installing: /home/habibahassan/project/install/kortex_api/include/kortex_api/google/protobuf/compiler/parser.h
[20.958s] -- Installing: /home/habibahassan/project/install/kortex_api/include/kortex_api/google/protobuf/compiler/command_line_interface.h
[20.958s] -- Installing: /home/habibahassan/project/install/kortex_api/include/kortex_api/google/protobuf/compiler/objectivec
[20.958s] -- Installing: /home/habibahassan/project/install/kortex_api/include/kortex_api/google/protobuf/compiler/objectivec/objectivec_helpers.h
[20.958s] -- Installing: /home/habibahassan/project/install/kortex_api/include/kortex_api/google/protobuf/compiler/objectivec/objectivec_generator.h
[20.958s] -- Installing: /home/habibahassan/project/install/kortex_api/include/kortex_api/google/protobuf/compiler/cpp
[20.959s] -- Installing: /home/habibahassan/project/install/kortex_api/include/kortex_api/google/protobuf/compiler/cpp/cpp_generator.h
[20.959s] -- Installing: /home/habibahassan/project/install/kortex_api/include/kortex_api/google/protobuf/compiler/ruby
[20.959s] -- Installing: /home/habibahassan/project/install/kortex_api/include/kortex_api/google/protobuf/compiler/ruby/ruby_generator.h
[20.959s] -- Installing: /home/habibahassan/project/install/kortex_api/include/kortex_api/google/protobuf/compiler/java
[20.959s] -- Installing: /home/habibahassan/project/install/kortex_api/include/kortex_api/google/protobuf/compiler/java/java_names.h
[20.960s] -- Installing: /home/habibahassan/project/install/kortex_api/include/kortex_api/google/protobuf/compiler/java/java_generator.h
[20.960s] -- Installing: /home/habibahassan/project/install/kortex_api/include/kortex_api/google/protobuf/compiler/csharp
[20.960s] -- Installing: /home/habibahassan/project/install/kortex_api/include/kortex_api/google/protobuf/compiler/csharp/csharp_generator.h
[20.960s] -- Installing: /home/habibahassan/project/install/kortex_api/include/kortex_api/google/protobuf/compiler/csharp/csharp_names.h
[20.960s] -- Installing: /home/habibahassan/project/install/kortex_api/include/kortex_api/google/protobuf/compiler/plugin.h
[20.961s] -- Installing: /home/habibahassan/project/install/kortex_api/include/kortex_api/google/protobuf/compiler/importer.h
[20.961s] -- Installing: /home/habibahassan/project/install/kortex_api/include/kortex_api/google/protobuf/compiler/python
[20.961s] -- Installing: /home/habibahassan/project/install/kortex_api/include/kortex_api/google/protobuf/compiler/python/python_generator.h
[20.962s] -- Installing: /home/habibahassan/project/install/kortex_api/include/kortex_api/google/protobuf/compiler/php
[20.962s] -- Installing: /home/habibahassan/project/install/kortex_api/include/kortex_api/google/protobuf/compiler/php/php_generator.h
[20.962s] -- Installing: /home/habibahassan/project/install/kortex_api/include/kortex_api/google/protobuf/compiler/javanano
[20.962s] -- Installing: /home/habibahassan/project/install/kortex_api/include/kortex_api/google/protobuf/compiler/javanano/javanano_generator.h
[20.962s] -- Installing: /home/habibahassan/project/install/kortex_api/include/kortex_api/google/protobuf/compiler/js
[20.963s] -- Installing: /home/habibahassan/project/install/kortex_api/include/kortex_api/google/protobuf/compiler/js/well_known_types_embed.h
[20.963s] -- Installing: /home/habibahassan/project/install/kortex_api/include/kortex_api/google/protobuf/compiler/js/js_generator.h
[20.963s] -- Installing: /home/habibahassan/project/install/kortex_api/include/kortex_api/google/protobuf/compiler/plugin.pb.h
[20.963s] -- Installing: /home/habibahassan/project/install/kortex_api/include/kortex_api/google/protobuf/timestamp.pb.h
[20.964s] -- Installing: /home/habibahassan/project/install/kortex_api/include/kortex_api/google/protobuf/arena_impl.h
[20.964s] -- Installing: /home/habibahassan/project/install/kortex_api/include/kortex_api/google/protobuf/wire_format_lite.h
[20.964s] -- Installing: /home/habibahassan/project/install/kortex_api/include/kortex_api/google/protobuf/text_format.h
[20.964s] -- Installing: /home/habibahassan/project/install/kortex_api/include/kortex_api/google/protobuf/generated_message_reflection.h
[20.965s] -- Installing: /home/habibahassan/project/install/kortex_api/include/kortex_api/google/protobuf/service.h
[20.965s] -- Installing: /home/habibahassan/project/install/kortex_api/include/kortex_api/google/protobuf/map_entry.h
[20.965s] -- Installing: /home/habibahassan/project/install/kortex_api/include/kortex_api/google/protobuf/struct.pb.h
[20.965s] -- Installing: /home/habibahassan/project/install/kortex_api/include/kortex_api/google/protobuf/map_field_inl.h
[20.965s] -- Installing: /home/habibahassan/project/install/kortex_api/include/kortex_api/google/protobuf/repeated_field.h
[20.965s] -- Installing: /home/habibahassan/project/install/kortex_api/include/kortex_api/google/protobuf/arenastring.h
[20.966s] -- Installing: /home/habibahassan/project/install/kortex_api/include/kortex_api/google/protobuf/map_field_lite.h
[20.966s] -- Installing: /home/habibahassan/project/install/kortex_api/include/kortex_api/google/protobuf/message.h
[20.966s] -- Installing: /home/habibahassan/project/install/kortex_api/include/kortex_api/google/protobuf/empty.pb.h
[20.966s] -- Installing: /home/habibahassan/project/install/kortex_api/include/kortex_api/google/protobuf/duration.pb.h
[20.966s] -- Installing: /home/habibahassan/project/install/kortex_api/include/kortex_api/google/protobuf/descriptor.pb.h
[20.966s] -- Installing: /home/habibahassan/project/install/kortex_api/include/kortex_api/google/protobuf/generated_message_table_driven.h
[20.967s] -- Installing: /home/habibahassan/project/install/kortex_api/include/kortex_api/google/protobuf/map.h
[20.967s] -- Installing: /home/habibahassan/project/install/kortex_api/include/kortex_api/google/protobuf/generated_enum_reflection.h
[20.967s] -- Installing: /home/habibahassan/project/install/kortex_api/include/kortex_api/google/protobuf/unknown_field_set.h
[20.967s] -- Installing: /home/habibahassan/project/install/kortex_api/include/kortex_api/google/protobuf/map_entry_lite.h
[20.967s] -- Installing: /home/habibahassan/project/install/kortex_api/include/kortex_api/google/protobuf/reflection_ops.h
[20.967s] -- Installing: /home/habibahassan/project/install/kortex_api/include/kortex_api/google/protobuf/map_field.h
[20.968s] -- Installing: /home/habibahassan/project/install/kortex_api/include/kortex_api/google/protobuf/reflection.h
[20.968s] -- Installing: /home/habibahassan/project/install/kortex_api/include/kortex_api/google/protobuf/generated_message_util.h
[20.968s] -- Installing: /home/habibahassan/project/install/kortex_api/include/kortex_api/google/protobuf/generated_enum_util.h
[20.968s] -- Installing: /home/habibahassan/project/install/kortex_api/include/kortex_api/google/protobuf/wire_format_lite_inl.h
[20.968s] -- Installing: /home/habibahassan/project/install/kortex_api/share/ament_index/resource_index/package_run_dependencies/kortex_api
[20.969s] -- Installing: /home/habibahassan/project/install/kortex_api/share/ament_index/resource_index/parent_prefix_path/kortex_api
[20.969s] -- Installing: /home/habibahassan/project/install/kortex_api/share/kortex_api/environment/ament_prefix_path.sh
[20.969s] -- Installing: /home/habibahassan/project/install/kortex_api/share/kortex_api/environment/ament_prefix_path.dsv
[20.969s] -- Installing: /home/habibahassan/project/install/kortex_api/share/kortex_api/environment/path.sh
[20.969s] -- Installing: /home/habibahassan/project/install/kortex_api/share/kortex_api/environment/path.dsv
[20.970s] -- Installing: /home/habibahassan/project/install/kortex_api/share/kortex_api/local_setup.bash
[20.970s] -- Installing: /home/habibahassan/project/install/kortex_api/share/kortex_api/local_setup.sh
[20.970s] -- Installing: /home/habibahassan/project/install/kortex_api/share/kortex_api/local_setup.zsh
[20.970s] -- Installing: /home/habibahassan/project/install/kortex_api/share/kortex_api/local_setup.dsv
[20.970s] -- Installing: /home/habibahassan/project/install/kortex_api/share/kortex_api/package.dsv
[20.971s] -- Installing: /home/habibahassan/project/install/kortex_api/share/ament_index/resource_index/packages/kortex_api
[20.971s] -- Installing: /home/habibahassan/project/install/kortex_api/share/kortex_api/cmake/ament_cmake_export_include_directories-extras.cmake
[20.971s] -- Installing: /home/habibahassan/project/install/kortex_api/share/kortex_api/cmake/kortex_apiConfig.cmake
[20.971s] -- Installing: /home/habibahassan/project/install/kortex_api/share/kortex_api/cmake/kortex_apiConfig-version.cmake
[20.971s] -- Installing: /home/habibahassan/project/install/kortex_api/share/kortex_api/package.xml
[21.212s] Invoked command in '/home/habibahassan/project/build/kortex_api' returned '0': CMAKE_PREFIX_PATH=${CMAKE_PREFIX_PATH}:/home/habibahassan/project/install/moveit_configs_utils:/opt/ros/jazzy DEBUGINFOD_URLS=https://debuginfod.ubuntu.com /usr/bin/cmake --install /home/habibahassan/project/build/kortex_api
