[0.015s] Invoking command in '/home/habibahassan/project/build/serial': CMAKE_PREFIX_PATH=${CMAKE_PREFIX_PATH}:/home/habibahassan/project/install/moveit_configs_utils:/opt/ros/jazzy DEBUGINFOD_URLS=https://debuginfod.ubuntu.com /usr/bin/cmake --build /home/habibahassan/project/build/serial -- -j8 -l8
[0.108s] [100%] Built target serial
[0.121s] Invoked command in '/home/habibahassan/project/build/serial' returned '0': CMAKE_PREFIX_PATH=${CMAKE_PREFIX_PATH}:/home/habibahassan/project/install/moveit_configs_utils:/opt/ros/jazzy DEBUGINFOD_URLS=https://debuginfod.ubuntu.com /usr/bin/cmake --build /home/habibahassan/project/build/serial -- -j8 -l8
[0.125s] Invoking command in '/home/habibahassan/project/build/serial': CMAKE_PREFIX_PATH=${CMAKE_PREFIX_PATH}:/home/habibahassan/project/install/moveit_configs_utils:/opt/ros/jazzy DEBUGINFOD_URLS=https://debuginfod.ubuntu.com /usr/bin/cmake --install /home/habibahassan/project/build/serial
[0.135s] -- Install configuration: ""
[0.135s] -- Up-to-date: /home/habibahassan/project/install/serial/lib/libserial.a
[0.135s] -- Up-to-date: /home/habibahassan/project/install/serial/include
[0.136s] -- Up-to-date: /home/habibahassan/project/install/serial/include/serial
[0.136s] -- Up-to-date: /home/habibahassan/project/install/serial/include/serial/serial.h
[0.136s] -- Up-to-date: /home/habibahassan/project/install/serial/include/serial/impl
[0.137s] -- Up-to-date: /home/habibahassan/project/install/serial/include/serial/impl/win.h
[0.137s] -- Up-to-date: /home/habibahassan/project/install/serial/include/serial/impl/unix.h
[0.137s] -- Up-to-date: /home/habibahassan/project/install/serial/include/serial/v8stdint.h
[0.138s] -- Up-to-date: /home/habibahassan/project/install/serial/share/serial/environment/library_path.sh
[0.138s] -- Up-to-date: /home/habibahassan/project/install/serial/share/serial/environment/library_path.dsv
[0.138s] -- Up-to-date: /home/habibahassan/project/install/serial/share/ament_index/resource_index/package_run_dependencies/serial
[0.139s] -- Up-to-date: /home/habibahassan/project/install/serial/share/ament_index/resource_index/parent_prefix_path/serial
[0.139s] -- Up-to-date: /home/habibahassan/project/install/serial/share/serial/environment/ament_prefix_path.sh
[0.139s] -- Up-to-date: /home/habibahassan/project/install/serial/share/serial/environment/ament_prefix_path.dsv
[0.139s] -- Up-to-date: /home/habibahassan/project/install/serial/share/serial/environment/path.sh
[0.140s] -- Up-to-date: /home/habibahassan/project/install/serial/share/serial/environment/path.dsv
[0.140s] -- Up-to-date: /home/habibahassan/project/install/serial/share/serial/local_setup.bash
[0.140s] -- Up-to-date: /home/habibahassan/project/install/serial/share/serial/local_setup.sh
[0.140s] -- Up-to-date: /home/habibahassan/project/install/serial/share/serial/local_setup.zsh
[0.140s] -- Up-to-date: /home/habibahassan/project/install/serial/share/serial/local_setup.dsv
[0.140s] -- Installing: /home/habibahassan/project/install/serial/share/serial/package.dsv
[0.140s] -- Up-to-date: /home/habibahassan/project/install/serial/share/ament_index/resource_index/packages/serial
[0.144s] -- Up-to-date: /home/habibahassan/project/install/serial/share/serial/cmake/export_serialExport.cmake
[0.144s] -- Up-to-date: /home/habibahassan/project/install/serial/share/serial/cmake/export_serialExport-noconfig.cmake
[0.144s] -- Up-to-date: /home/habibahassan/project/install/serial/share/serial/cmake/ament_cmake_export_include_directories-extras.cmake
[0.144s] -- Up-to-date: /home/habibahassan/project/install/serial/share/serial/cmake/ament_cmake_export_libraries-extras.cmake
[0.144s] -- Up-to-date: /home/habibahassan/project/install/serial/share/serial/cmake/ament_cmake_export_targets-extras.cmake
[0.144s] -- Up-to-date: /home/habibahassan/project/install/serial/share/serial/cmake/serialConfig.cmake
[0.144s] -- Up-to-date: /home/habibahassan/project/install/serial/share/serial/cmake/serialConfig-version.cmake
[0.144s] -- Up-to-date: /home/habibahassan/project/install/serial/share/serial/package.xml
[0.146s] Invoked command in '/home/habibahassan/project/build/serial' returned '0': CMAKE_PREFIX_PATH=${CMAKE_PREFIX_PATH}:/home/habibahassan/project/install/moveit_configs_utils:/opt/ros/jazzy DEBUGINFOD_URLS=https://debuginfod.ubuntu.com /usr/bin/cmake --install /home/habibahassan/project/build/serial
