[0.025s] Invoking command in '/home/habibahassan/project/build/robotiq_description': CMAKE_PREFIX_PATH=${CMAKE_PREFIX_PATH}:/home/habibahassan/project/install/moveit_configs_utils:/opt/ros/jazzy DEBUGINFOD_URLS=https://debuginfod.ubuntu.com /usr/bin/cmake /home/habibahassan/project/src/ros2_robotiq_gripper/robotiq_description -DCMAKE_INSTALL_PREFIX=/home/habibahassan/project/install/robotiq_description
[0.479s] -- The C compiler identification is GNU 13.3.0
[2.622s] -- The CXX compiler identification is GNU 13.3.0
[4.046s] -- Detecting C compiler ABI info
[4.703s] -- Detecting C compiler ABI info - done
[4.732s] -- Check for working C compiler: /usr/bin/cc - skipped
[4.732s] -- Detecting C compile features
[4.733s] -- Detecting C compile features - done
[4.950s] -- Detecting CXX compiler ABI info
[5.681s] -- Detecting CXX compiler ABI info - done
[5.705s] -- Check for working CXX compiler: /usr/bin/c++ - skipped
[5.706s] -- Detecting CXX compile features
[5.709s] -- Detecting CXX compile features - done
[5.731s] -- Found ament_cmake: 2.5.3 (/opt/ros/jazzy/share/ament_cmake/cmake)
[6.371s] -- Found Python3: /usr/bin/python3 (found version "3.12.3") found components: Interpreter 
[7.149s] -- Configuring done (7.1s)
[7.164s] -- Generating done (0.0s)
[7.172s] -- Build files have been written to: /home/habibahassan/project/build/robotiq_description
[7.184s] Invoked command in '/home/habibahassan/project/build/robotiq_description' returned '0': CMAKE_PREFIX_PATH=${CMAKE_PREFIX_PATH}:/home/habibahassan/project/install/moveit_configs_utils:/opt/ros/jazzy DEBUGINFOD_URLS=https://debuginfod.ubuntu.com /usr/bin/cmake /home/habibahassan/project/src/ros2_robotiq_gripper/robotiq_description -DCMAKE_INSTALL_PREFIX=/home/habibahassan/project/install/robotiq_description
[7.192s] Invoking command in '/home/habibahassan/project/build/robotiq_description': CMAKE_PREFIX_PATH=${CMAKE_PREFIX_PATH}:/home/habibahassan/project/install/moveit_configs_utils:/opt/ros/jazzy DEBUGINFOD_URLS=https://debuginfod.ubuntu.com /usr/bin/cmake --build /home/habibahassan/project/build/robotiq_description -- -j8 -l8
[8.769s] Invoked command in '/home/habibahassan/project/build/robotiq_description' returned '0': CMAKE_PREFIX_PATH=${CMAKE_PREFIX_PATH}:/home/habibahassan/project/install/moveit_configs_utils:/opt/ros/jazzy DEBUGINFOD_URLS=https://debuginfod.ubuntu.com /usr/bin/cmake --build /home/habibahassan/project/build/robotiq_description -- -j8 -l8
[8.772s] Invoking command in '/home/habibahassan/project/build/robotiq_description': CMAKE_PREFIX_PATH=${CMAKE_PREFIX_PATH}:/home/habibahassan/project/install/moveit_configs_utils:/opt/ros/jazzy DEBUGINFOD_URLS=https://debuginfod.ubuntu.com /usr/bin/cmake --install /home/habibahassan/project/build/robotiq_description
[8.865s] -- Install configuration: ""
[8.865s] -- Installing: /home/habibahassan/project/install/robotiq_description/share/robotiq_description/config
[8.866s] -- Installing: /home/habibahassan/project/install/robotiq_description/share/robotiq_description/config/robotiq_controllers.yaml
[8.866s] -- Installing: /home/habibahassan/project/install/robotiq_description/share/robotiq_description/launch
[8.867s] -- Installing: /home/habibahassan/project/install/robotiq_description/share/robotiq_description/launch/view_gripper.launch.py
[8.867s] -- Installing: /home/habibahassan/project/install/robotiq_description/share/robotiq_description/launch/robotiq_control.launch.py
[8.868s] -- Installing: /home/habibahassan/project/install/robotiq_description/share/robotiq_description/meshes
[8.868s] -- Installing: /home/habibahassan/project/install/robotiq_description/share/robotiq_description/meshes/collision
[8.868s] -- Installing: /home/habibahassan/project/install/robotiq_description/share/robotiq_description/meshes/collision/2f_140
[8.870s] -- Installing: /home/habibahassan/project/install/robotiq_description/share/robotiq_description/meshes/collision/2f_140/robotiq_2f_140_coupling.stl
[8.871s] -- Installing: /home/habibahassan/project/install/robotiq_description/share/robotiq_description/meshes/collision/2f_140/robotiq_2f_140_inner_finger.stl
[8.871s] -- Installing: /home/habibahassan/project/install/robotiq_description/share/robotiq_description/meshes/collision/2f_140/robotiq_2f_140_inner_knuckle.stl
[8.872s] -- Installing: /home/habibahassan/project/install/robotiq_description/share/robotiq_description/meshes/collision/2f_140/robotiq_2f_140_outer_knuckle.stl
[8.872s] -- Installing: /home/habibahassan/project/install/robotiq_description/share/robotiq_description/meshes/collision/2f_140/robotiq_2f_140_base_link.stl
[8.875s] -- Installing: /home/habibahassan/project/install/robotiq_description/share/robotiq_description/meshes/collision/2f_140/robotiq_2f_140_outer_finger.stl
[8.876s] -- Installing: /home/habibahassan/project/install/robotiq_description/share/robotiq_description/meshes/collision/2f_85
[8.876s] -- Installing: /home/habibahassan/project/install/robotiq_description/share/robotiq_description/meshes/collision/2f_85/right_finger.stl
[8.877s] -- Installing: /home/habibahassan/project/install/robotiq_description/share/robotiq_description/meshes/collision/2f_85/left_finger_tip.stl
[8.877s] -- Installing: /home/habibahassan/project/install/robotiq_description/share/robotiq_description/meshes/collision/2f_85/left_knuckle.stl
[8.878s] -- Installing: /home/habibahassan/project/install/robotiq_description/share/robotiq_description/meshes/collision/2f_85/robotiq_base.stl
[8.878s] -- Installing: /home/habibahassan/project/install/robotiq_description/share/robotiq_description/meshes/collision/2f_85/left_finger.stl
[8.878s] -- Installing: /home/habibahassan/project/install/robotiq_description/share/robotiq_description/meshes/collision/2f_85/right_finger_tip.stl
[8.879s] -- Installing: /home/habibahassan/project/install/robotiq_description/share/robotiq_description/meshes/collision/2f_85/right_knuckle.stl
[8.879s] -- Installing: /home/habibahassan/project/install/robotiq_description/share/robotiq_description/meshes/collision/2f_85/left_inner_knuckle.stl
[8.880s] -- Installing: /home/habibahassan/project/install/robotiq_description/share/robotiq_description/meshes/collision/2f_85/right_inner_knuckle.stl
[8.880s] -- Installing: /home/habibahassan/project/install/robotiq_description/share/robotiq_description/meshes/collision/2f_85/ur_to_robotiq_adapter.stl
[8.880s] -- Installing: /home/habibahassan/project/install/robotiq_description/share/robotiq_description/meshes/visual
[8.881s] -- Installing: /home/habibahassan/project/install/robotiq_description/share/robotiq_description/meshes/visual/2f_140
[8.882s] -- Installing: /home/habibahassan/project/install/robotiq_description/share/robotiq_description/meshes/visual/2f_140/robotiq_2f_140_coupling.stl
[8.882s] -- Installing: /home/habibahassan/project/install/robotiq_description/share/robotiq_description/meshes/visual/2f_140/robotiq_2f_140_inner_finger.stl
[8.882s] -- Installing: /home/habibahassan/project/install/robotiq_description/share/robotiq_description/meshes/visual/2f_140/robotiq_2f_140_inner_knuckle.stl
[8.882s] -- Installing: /home/habibahassan/project/install/robotiq_description/share/robotiq_description/meshes/visual/2f_140/robotiq_2f_140_outer_knuckle.stl
[8.882s] -- Installing: /home/habibahassan/project/install/robotiq_description/share/robotiq_description/meshes/visual/2f_140/robotiq_2f_140_base_link.stl
[8.883s] -- Installing: /home/habibahassan/project/install/robotiq_description/share/robotiq_description/meshes/visual/2f_140/robotiq_2f_140_outer_finger.stl
[8.883s] -- Installing: /home/habibahassan/project/install/robotiq_description/share/robotiq_description/meshes/visual/2f_85
[8.884s] -- Installing: /home/habibahassan/project/install/robotiq_description/share/robotiq_description/meshes/visual/2f_85/right_inner_knuckle.dae
[8.885s] -- Installing: /home/habibahassan/project/install/robotiq_description/share/robotiq_description/meshes/visual/2f_85/left_inner_knuckle.dae
[8.885s] -- Installing: /home/habibahassan/project/install/robotiq_description/share/robotiq_description/meshes/visual/2f_85/left_finger_tip.dae
[8.885s] -- Installing: /home/habibahassan/project/install/robotiq_description/share/robotiq_description/meshes/visual/2f_85/robotiq_base.dae
[8.887s] -- Installing: /home/habibahassan/project/install/robotiq_description/share/robotiq_description/meshes/visual/2f_85/left_finger.dae
[8.890s] -- Installing: /home/habibahassan/project/install/robotiq_description/share/robotiq_description/meshes/visual/2f_85/right_finger.dae
[8.893s] -- Installing: /home/habibahassan/project/install/robotiq_description/share/robotiq_description/meshes/visual/2f_85/right_knuckle.dae
[8.894s] -- Installing: /home/habibahassan/project/install/robotiq_description/share/robotiq_description/meshes/visual/2f_85/ur_to_robotiq_adapter.dae
[8.896s] -- Installing: /home/habibahassan/project/install/robotiq_description/share/robotiq_description/meshes/visual/2f_85/left_knuckle.dae
[8.897s] -- Installing: /home/habibahassan/project/install/robotiq_description/share/robotiq_description/meshes/visual/2f_85/right_finger_tip.dae
[8.899s] -- Installing: /home/habibahassan/project/install/robotiq_description/share/robotiq_description/rviz
[8.900s] -- Installing: /home/habibahassan/project/install/robotiq_description/share/robotiq_description/rviz/view_urdf.rviz
[8.901s] -- Installing: /home/habibahassan/project/install/robotiq_description/share/robotiq_description/urdf
[8.902s] -- Installing: /home/habibahassan/project/install/robotiq_description/share/robotiq_description/urdf/2f_85.ros2_control.xacro
[8.903s] -- Installing: /home/habibahassan/project/install/robotiq_description/share/robotiq_description/urdf/robotiq_2f_140.xacro
[8.904s] -- Installing: /home/habibahassan/project/install/robotiq_description/share/robotiq_description/urdf/ur_to_robotiq_adapter.urdf.xacro
[8.905s] -- Installing: /home/habibahassan/project/install/robotiq_description/share/robotiq_description/urdf/robotiq_2f_140_macro.urdf.xacro
[8.906s] -- Installing: /home/habibahassan/project/install/robotiq_description/share/robotiq_description/urdf/robotiq_2f_85_macro.urdf.xacro
[8.906s] -- Installing: /home/habibahassan/project/install/robotiq_description/share/robotiq_description/urdf/robotiq_2f_85_gripper.urdf.xacro
[8.907s] -- Installing: /home/habibahassan/project/install/robotiq_description/share/robotiq_description/urdf/robotiq_2f_140_gripper.urdf.xacro
[8.908s] -- Installing: /home/habibahassan/project/install/robotiq_description/share/robotiq_description/urdf/2f_140.ros2_control.xacro
[8.908s] -- Installing: /home/habibahassan/project/install/robotiq_description/share/ament_index/resource_index/package_run_dependencies/robotiq_description
[8.909s] -- Installing: /home/habibahassan/project/install/robotiq_description/share/ament_index/resource_index/parent_prefix_path/robotiq_description
[8.909s] -- Installing: /home/habibahassan/project/install/robotiq_description/share/robotiq_description/environment/ament_prefix_path.sh
[8.911s] -- Installing: /home/habibahassan/project/install/robotiq_description/share/robotiq_description/environment/ament_prefix_path.dsv
[8.911s] -- Installing: /home/habibahassan/project/install/robotiq_description/share/robotiq_description/environment/path.sh
[8.911s] -- Installing: /home/habibahassan/project/install/robotiq_description/share/robotiq_description/environment/path.dsv
[8.912s] -- Installing: /home/habibahassan/project/install/robotiq_description/share/robotiq_description/local_setup.bash
[8.912s] -- Installing: /home/habibahassan/project/install/robotiq_description/share/robotiq_description/local_setup.sh
[8.912s] -- Installing: /home/habibahassan/project/install/robotiq_description/share/robotiq_description/local_setup.zsh
[8.913s] -- Installing: /home/habibahassan/project/install/robotiq_description/share/robotiq_description/local_setup.dsv
[8.913s] -- Installing: /home/habibahassan/project/install/robotiq_description/share/robotiq_description/package.dsv
[8.914s] -- Installing: /home/habibahassan/project/install/robotiq_description/share/ament_index/resource_index/packages/robotiq_description
[8.914s] -- Installing: /home/habibahassan/project/install/robotiq_description/share/robotiq_description/cmake/robotiq_descriptionConfig.cmake
[8.914s] -- Installing: /home/habibahassan/project/install/robotiq_description/share/robotiq_description/cmake/robotiq_descriptionConfig-version.cmake
[8.915s] -- Installing: /home/habibahassan/project/install/robotiq_description/share/robotiq_description/package.xml
[8.963s] Invoked command in '/home/habibahassan/project/build/robotiq_description' returned '0': CMAKE_PREFIX_PATH=${CMAKE_PREFIX_PATH}:/home/habibahassan/project/install/moveit_configs_utils:/opt/ros/jazzy DEBUGINFOD_URLS=https://debuginfod.ubuntu.com /usr/bin/cmake --install /home/habibahassan/project/build/robotiq_description
